<?xml version="1.0" encoding="UTF-8"?>
<testsuites name="jest tests" tests="35" failures="0" errors="0" time="2.106">
  <testsuite name="Perps Feature Flags" errors="0" failures="0" skipped="34" timestamp="2026-07-30T13:12:29" time="1.849" tests="35">
    <testcase classname="Perps Feature Flags getIsPerpsExperienceAvailable compile-time inclusion (PERPS_ENABLED) returns false when getIsPerpsIncludedInBuild is false even if remote flag would pass" name="Perps Feature Flags getIsPerpsExperienceAvailable compile-time inclusion (PERPS_ENABLED) returns false when getIsPerpsIncludedInBuild is false even if remote flag would pass" time="0" file="../../../../../../ui/selectors/perps/feature-flags.test.ts">
      <skipped/>
    </testcase>
    <testcase classname="Perps Feature Flags getIsPerpsExperienceAvailable compile-time inclusion (PERPS_ENABLED) returns true when getIsPerpsIncludedInBuild is true and remote flag passes" name="Perps Feature Flags getIsPerpsExperienceAvailable compile-time inclusion (PERPS_ENABLED) returns true when getIsPerpsIncludedInBuild is true and remote flag passes" time="0" file="../../../../../../ui/selectors/perps/feature-flags.test.ts">
      <skipped/>
    </testcase>
    <testcase classname="Perps Feature Flags getIsPerpsExperienceAvailable undefined or missing remote flag returns false when perpsEnabledVersion flag is undefined" name="Perps Feature Flags getIsPerpsExperienceAvailable undefined or missing remote flag returns false when perpsEnabledVersion flag is undefined" time="0" file="../../../../../../ui/selectors/perps/feature-flags.test.ts">
      <skipped/>
    </testcase>
    <testcase classname="Perps Feature Flags getIsPerpsExperienceAvailable undefined or missing remote flag returns false when remoteFeatureFlags is empty" name="Perps Feature Flags getIsPerpsExperienceAvailable undefined or missing remote flag returns false when remoteFeatureFlags is empty" time="0" file="../../../../../../ui/selectors/perps/feature-flags.test.ts">
      <skipped/>
    </testcase>
    <testcase classname="Perps Feature Flags getIsPerpsExperienceAvailable perpsEnabledVersion JSON with version gating returns true when enabled is true and version check passes" name="Perps Feature Flags getIsPerpsExperienceAvailable perpsEnabledVersion JSON with version gating returns true when enabled is true and version check passes" time="0" file="../../../../../../ui/selectors/perps/feature-flags.test.ts">
      <skipped/>
    </testcase>
    <testcase classname="Perps Feature Flags getIsPerpsExperienceAvailable perpsEnabledVersion JSON with version gating returns false when enabled is true but version check fails" name="Perps Feature Flags getIsPerpsExperienceAvailable perpsEnabledVersion JSON with version gating returns false when enabled is true but version check fails" time="0" file="../../../../../../ui/selectors/perps/feature-flags.test.ts">
      <skipped/>
    </testcase>
    <testcase classname="Perps Feature Flags getIsPerpsExperienceAvailable perpsEnabledVersion JSON with version gating returns false when enabled is false regardless of version" name="Perps Feature Flags getIsPerpsExperienceAvailable perpsEnabledVersion JSON with version gating returns false when enabled is false regardless of version" time="0" file="../../../../../../ui/selectors/perps/feature-flags.test.ts">
      <skipped/>
    </testcase>
    <testcase classname="Perps Feature Flags getIsPerpsExperienceAvailable perpsEnabledVersion JSON with version gating returns false when enabled is true but minimumVersion is missing" name="Perps Feature Flags getIsPerpsExperienceAvailable perpsEnabledVersion JSON with version gating returns false when enabled is true but minimumVersion is missing" time="0" file="../../../../../../ui/selectors/perps/feature-flags.test.ts">
      <skipped/>
    </testcase>
    <testcase classname="Perps Feature Flags getIsPerpsExperienceAvailable perpsEnabledVersion JSON with version gating returns false when semver comparison throws an error" name="Perps Feature Flags getIsPerpsExperienceAvailable perpsEnabledVersion JSON with version gating returns false when semver comparison throws an error" time="0" file="../../../../../../ui/selectors/perps/feature-flags.test.ts">
      <skipped/>
    </testcase>
    <testcase classname="Perps Feature Flags getIsPerpsExperienceAvailable edge cases handles exact version match" name="Perps Feature Flags getIsPerpsExperienceAvailable edge cases handles exact version match" time="0" file="../../../../../../ui/selectors/perps/feature-flags.test.ts">
      <skipped/>
    </testcase>
    <testcase classname="Perps Feature Flags getIsPerpsExperienceAvailable edge cases handles prerelease versions" name="Perps Feature Flags getIsPerpsExperienceAvailable edge cases handles prerelease versions" time="0" file="../../../../../../ui/selectors/perps/feature-flags.test.ts">
      <skipped/>
    </testcase>
    <testcase classname="Perps Feature Flags getIsPerpsOrderBookEnabled returns false when the perpsOrderBookEnabled flag is absent (default OFF)" name="Perps Feature Flags getIsPerpsOrderBookEnabled returns false when the perpsOrderBookEnabled flag is absent (default OFF)" time="0.003" file="../../../../../../ui/selectors/perps/feature-flags.test.ts">
    </testcase>
    <testcase classname="Perps Feature Flags getIsPerpsOrderBookEnabled returns false when the flag is disabled" name="Perps Feature Flags getIsPerpsOrderBookEnabled returns false when the flag is disabled" time="0" file="../../../../../../ui/selectors/perps/feature-flags.test.ts">
      <skipped/>
    </testcase>
    <testcase classname="Perps Feature Flags getIsPerpsOrderBookEnabled returns true when enabled and the version check passes" name="Perps Feature Flags getIsPerpsOrderBookEnabled returns true when enabled and the version check passes" time="0" file="../../../../../../ui/selectors/perps/feature-flags.test.ts">
      <skipped/>
    </testcase>
    <testcase classname="Perps Feature Flags getIsPerpsOrderBookEnabled returns false when enabled but the version check fails" name="Perps Feature Flags getIsPerpsOrderBookEnabled returns false when enabled but the version check fails" time="0" file="../../../../../../ui/selectors/perps/feature-flags.test.ts">
      <skipped/>
    </testcase>
    <testcase classname="Perps Feature Flags getIsPerpsCloseLimitOrderEnabled returns false when the flag is absent" name="Perps Feature Flags getIsPerpsCloseLimitOrderEnabled returns false when the flag is absent" time="0" file="../../../../../../ui/selectors/perps/feature-flags.test.ts">
      <skipped/>
    </testcase>
    <testcase classname="Perps Feature Flags getIsPerpsCloseLimitOrderEnabled supports boolean flags" name="Perps Feature Flags getIsPerpsCloseLimitOrderEnabled supports boolean flags" time="0" file="../../../../../../ui/selectors/perps/feature-flags.test.ts">
      <skipped/>
    </testcase>
    <testcase classname="Perps Feature Flags getIsPerpsCloseLimitOrderEnabled returns true when enabled and the version check passes" name="Perps Feature Flags getIsPerpsCloseLimitOrderEnabled returns true when enabled and the version check passes" time="0" file="../../../../../../ui/selectors/perps/feature-flags.test.ts">
      <skipped/>
    </testcase>
    <testcase classname="Perps Feature Flags getIsPerpsCloseLimitOrderEnabled returns false when disabled or the version check fails" name="Perps Feature Flags getIsPerpsCloseLimitOrderEnabled returns false when disabled or the version check fails" time="0" file="../../../../../../ui/selectors/perps/feature-flags.test.ts">
      <skipped/>
    </testcase>
    <testcase classname="Perps Feature Flags getIsPerpsShowFullAssetNamesEnabled returns false when the perpsShowFullAssetNames flag is absent (default OFF)" name="Perps Feature Flags getIsPerpsShowFullAssetNamesEnabled returns false when the perpsShowFullAssetNames flag is absent (default OFF)" time="0" file="../../../../../../ui/selectors/perps/feature-flags.test.ts">
      <skipped/>
    </testcase>
    <testcase classname="Perps Feature Flags getIsPerpsShowFullAssetNamesEnabled returns false when the flag is disabled" name="Perps Feature Flags getIsPerpsShowFullAssetNamesEnabled returns false when the flag is disabled" time="0" file="../../../../../../ui/selectors/perps/feature-flags.test.ts">
      <skipped/>
    </testcase>
    <testcase classname="Perps Feature Flags getIsPerpsShowFullAssetNamesEnabled returns true when enabled and the version check passes" name="Perps Feature Flags getIsPerpsShowFullAssetNamesEnabled returns true when enabled and the version check passes" time="0" file="../../../../../../ui/selectors/perps/feature-flags.test.ts">
      <skipped/>
    </testcase>
    <testcase classname="Perps Feature Flags getIsPerpsShowFullAssetNamesEnabled returns false when enabled but the version check fails" name="Perps Feature Flags getIsPerpsShowFullAssetNamesEnabled returns false when enabled but the version check fails" time="0" file="../../../../../../ui/selectors/perps/feature-flags.test.ts">
      <skipped/>
    </testcase>
    <testcase classname="Perps Feature Flags getIsPerpsTerminalBackendEnabled returns true when flag is enabled and version satisfies" name="Perps Feature Flags getIsPerpsTerminalBackendEnabled returns true when flag is enabled and version satisfies" time="0" file="../../../../../../ui/selectors/perps/feature-flags.test.ts">
      <skipped/>
    </testcase>
    <testcase classname="Perps Feature Flags getIsPerpsTerminalBackendEnabled returns false when flag is disabled" name="Perps Feature Flags getIsPerpsTerminalBackendEnabled returns false when flag is disabled" time="0" file="../../../../../../ui/selectors/perps/feature-flags.test.ts">
      <skipped/>
    </testcase>
    <testcase classname="Perps Feature Flags getIsPerpsTerminalBackendEnabled returns false when flag is not present" name="Perps Feature Flags getIsPerpsTerminalBackendEnabled returns false when flag is not present" time="0" file="../../../../../../ui/selectors/perps/feature-flags.test.ts">
      <skipped/>
    </testcase>
    <testcase classname="Perps Feature Flags getIsPerpsTerminalBackendEnabled returns false when version does not satisfy" name="Perps Feature Flags getIsPerpsTerminalBackendEnabled returns false when version does not satisfy" time="0" file="../../../../../../ui/selectors/perps/feature-flags.test.ts">
      <skipped/>
    </testcase>
    <testcase classname="Perps Feature Flags getIsPerpsTerminalBackendEnabled is enabled via a manifest override even when the controller state omits the flag" name="Perps Feature Flags getIsPerpsTerminalBackendEnabled is enabled via a manifest override even when the controller state omits the flag" time="0" file="../../../../../../ui/selectors/perps/feature-flags.test.ts">
      <skipped/>
    </testcase>
    <testcase classname="Perps Feature Flags getIsPerpsTerminalBackendEnabled lets a manifest override take precedence over the controller remote flag" name="Perps Feature Flags getIsPerpsTerminalBackendEnabled lets a manifest override take precedence over the controller remote flag" time="0" file="../../../../../../ui/selectors/perps/feature-flags.test.ts">
      <skipped/>
    </testcase>
    <testcase classname="Perps Feature Flags getIsVipProgramEnabled returns true when vipProgramEnabled is boolean true" name="Perps Feature Flags getIsVipProgramEnabled returns true when vipProgramEnabled is boolean true" time="0" file="../../../../../../ui/selectors/perps/feature-flags.test.ts">
      <skipped/>
    </testcase>
    <testcase classname="Perps Feature Flags getIsVipProgramEnabled returns false when vipProgramEnabled is boolean false" name="Perps Feature Flags getIsVipProgramEnabled returns false when vipProgramEnabled is boolean false" time="0" file="../../../../../../ui/selectors/perps/feature-flags.test.ts">
      <skipped/>
    </testcase>
    <testcase classname="Perps Feature Flags getIsVipProgramEnabled returns false when vipProgramEnabled is absent" name="Perps Feature Flags getIsVipProgramEnabled returns false when vipProgramEnabled is absent" time="0" file="../../../../../../ui/selectors/perps/feature-flags.test.ts">
      <skipped/>
    </testcase>
    <testcase classname="Perps Feature Flags getIsVipProgramEnabled returns true when version-gated flag is enabled and version satisfies" name="Perps Feature Flags getIsVipProgramEnabled returns true when version-gated flag is enabled and version satisfies" time="0" file="../../../../../../ui/selectors/perps/feature-flags.test.ts">
      <skipped/>
    </testcase>
    <testcase classname="Perps Feature Flags getIsVipProgramEnabled returns false when version-gated flag is enabled but version does not satisfy" name="Perps Feature Flags getIsVipProgramEnabled returns false when version-gated flag is enabled but version does not satisfy" time="0" file="../../../../../../ui/selectors/perps/feature-flags.test.ts">
      <skipped/>
    </testcase>
    <testcase classname="Perps Feature Flags getIsVipProgramEnabled returns false when version-gated flag has enabled false" name="Perps Feature Flags getIsVipProgramEnabled returns false when version-gated flag has enabled false" time="0" file="../../../../../../ui/selectors/perps/feature-flags.test.ts">
      <skipped/>
    </testcase>
  </testsuite>
</testsuites>