{"numFailedTestSuites":0,"numFailedTests":0,"numPassedTestSuites":1,"numPassedTests":1,"numPendingTestSuites":0,"numPendingTests":0,"numRuntimeErrorTestSuites":0,"numTodoTests":0,"numTotalTestSuites":1,"numTotalTests":1,"openHandles":[],"snapshot":{"added":0,"didUpdate":false,"failure":false,"filesAdded":0,"filesRemoved":0,"filesRemovedList":[],"filesUnmatched":0,"filesUpdated":0,"matched":0,"total":0,"unchecked":0,"uncheckedKeysByFile":[],"unmatched":0,"updated":0},"startTime":1786505452073,"success":true,"testResults":[{"assertionResults":[{"ancestorTitles":["TAT-3632 A/B — post-fix hook against live account state"],"duration":67,"failureDetails":[],"failureMessages":[],"fullName":"TAT-3632 A/B — post-fix hook against live account state does not block a withdrawal the account can actually cover","invocations":1,"location":null,"numPassingAsserts":1,"retryReasons":[],"status":"passed","title":"does not block a withdrawal the account can actually cover"}],"endTime":1786505453965,"message":"","name":"/Volumes/FD/dev/metamask/metamask-extension-3/ui/pages/confirmations/hooks/alerts/transactions/perpsWithdrawFreshBalanceAB.test.ts","startTime":1786505452262,"status":"passed","summary":""}],"wasInterrupted":false}
