{"numFailedTestSuites":1,"numFailedTests":1,"numPassedTestSuites":0,"numPassedTests":0,"numPendingTestSuites":0,"numPendingTests":0,"numRuntimeErrorTestSuites":0,"numTodoTests":0,"numTotalTestSuites":1,"numTotalTests":1,"openHandles":[],"snapshot":{"added":0,"didUpdate":false,"failure":false,"filesAdded":0,"filesRemoved":0,"filesRemovedList":[],"filesUnmatched":0,"filesUpdated":0,"matched":0,"total":0,"unchecked":0,"uncheckedKeysByFile":[],"unmatched":0,"updated":0},"startTime":1786505448486,"success":false,"testResults":[{"assertionResults":[{"ancestorTitles":["TAT-3632 A/B — pre-fix hook against live account state"],"duration":97,"failureDetails":[{"matcherResult":{"actual":{"blocked":true,"reason":"Insufficient funds"},"expected":{"blocked":false,"reason":null},"message":"expect(received).toStrictEqual(expected) // deep equality\n\n- Expected  - 2\n+ Received  + 2\n\n  Object {\n-   \"blocked\": false,\n-   \"reason\": null,\n+   \"blocked\": true,\n+   \"reason\": \"Insufficient funds\",\n  }","name":"toStrictEqual","pass":false}}],"failureMessages":["Error: expect(received).toStrictEqual(expected) // deep equality\n\n- Expected  - 2\n+ Received  + 2\n\n  Object {\n-   \"blocked\": false,\n-   \"reason\": null,\n+   \"blocked\": true,\n+   \"reason\": \"Insufficient funds\",\n  }\n    at Object.toStrictEqual (/Volumes/FD/dev/metamask/metamask-extension-3/ui/pages/confirmations/hooks/alerts/transactions/perpsWithdrawFreshBalanceAB.test.ts:154:8)"],"fullName":"TAT-3632 A/B — pre-fix hook against live account state does not block a withdrawal the account can actually cover","invocations":1,"location":null,"numPassingAsserts":0,"retryReasons":[],"status":"failed","title":"does not block a withdrawal the account can actually cover"}],"endTime":1786505451198,"message":"  ● TAT-3632 A/B — pre-fix hook against live account state › does not block a withdrawal the account can actually cover\n\n    expect(received).toStrictEqual(expected) // deep equality\n\n    - Expected  - 2\n    + Received  + 2\n\n      Object {\n    -   \"blocked\": false,\n    -   \"reason\": null,\n    +   \"blocked\": true,\n    +   \"reason\": \"Insufficient funds\",\n      }\n\n      152 |       blocked: Boolean(blocking),\n      153 |       reason: blocking?.reason ?? null,\n    > 154 |     }).toStrictEqual({ blocked: false, reason: null });\n          |        ^\n      155 |   });\n      156 | });\n      157 |\n\n      at Object.toStrictEqual (ui/pages/confirmations/hooks/alerts/transactions/perpsWithdrawFreshBalanceAB.test.ts:154:8)\n","name":"/Volumes/FD/dev/metamask/metamask-extension-3/ui/pages/confirmations/hooks/alerts/transactions/perpsWithdrawFreshBalanceAB.test.ts","startTime":1786505448676,"status":"failed","summary":""}],"wasInterrupted":false}
