{"/Users/deeeed/dev/metamask/metamask-extension-1/app/scripts/metamask-controller.js": {"path":"/Users/deeeed/dev/metamask/metamask-extension-1/app/scripts/metamask-controller.js","statementMap":{"0":{"start":{"line":407,"column":42},"end":{"line":421,"column":1}},"1":{"start":{"line":429,"column":17},"end":{"line":432,"column":1}},"2":{"start":{"line":435,"column":26},"end":{"line":435,"column":54}},"3":{"start":{"line":444,"column":34},"end":{"line":444,"column":43}},"4":{"start":{"line":447,"column":2},"end":{"line":449,"column":4}},"5":{"start":{"line":457,"column":4},"end":{"line":457,"column":12}},"6":{"start":{"line":462,"column":8},"end":{"line":462,"column":12}},"7":{"start":{"line":464,"column":4},"end":{"line":464,"column":34}},"8":{"start":{"line":466,"column":4},"end":{"line":470,"column":6}},"9":{"start":{"line":471,"column":4},"end":{"line":471,"column":21}},"10":{"start":{"line":472,"column":4},"end":{"line":473,"column":58}},"11":{"start":{"line":473,"column":39},"end":{"line":473,"column":56}},"12":{"start":{"line":474,"column":4},"end":{"line":474,"column":34}},"13":{"start":{"line":475,"column":4},"end":{"line":475,"column":34}},"14":{"start":{"line":476,"column":4},"end":{"line":476,"column":56}},"15":{"start":{"line":477,"column":22},"end":{"line":477,"column":42}},"16":{"start":{"line":478,"column":20},"end":{"line":478,"column":48}},"17":{"start":{"line":479,"column":4},"end":{"line":479,"column":42}},"18":{"start":{"line":483,"column":4},"end":{"line":483,"column":41}},"19":{"start":{"line":488,"column":4},"end":{"line":488,"column":37}},"20":{"start":{"line":490,"column":4},"end":{"line":490,"column":71}},"21":{"start":{"line":492,"column":4},"end":{"line":492,"column":64}},"22":{"start":{"line":493,"column":4},"end":{"line":493,"column":62}},"23":{"start":{"line":495,"column":4},"end":{"line":495,"column":31}},"24":{"start":{"line":497,"column":32},"end":{"line":497,"column":66}},"25":{"start":{"line":498,"column":4},"end":{"line":498,"column":51}},"26":{"start":{"line":499,"column":4},"end":{"line":511,"column":7}},"27":{"start":{"line":513,"column":4},"end":{"line":513,"column":51}},"28":{"start":{"line":514,"column":4},"end":{"line":514,"column":64}},"29":{"start":{"line":517,"column":4},"end":{"line":521,"column":7}},"30":{"start":{"line":525,"column":4},"end":{"line":525,"column":26}},"31":{"start":{"line":529,"column":4},"end":{"line":529,"column":58}},"32":{"start":{"line":531,"column":4},"end":{"line":537,"column":7}},"33":{"start":{"line":532,"column":6},"end":{"line":536,"column":7}},"34":{"start":{"line":533,"column":8},"end":{"line":535,"column":9}},"35":{"start":{"line":534,"column":10},"end":{"line":534,"column":49}},"36":{"start":{"line":539,"column":4},"end":{"line":548,"column":7}},"37":{"start":{"line":549,"column":4},"end":{"line":549,"column":59}},"38":{"start":{"line":550,"column":4},"end":{"line":550,"column":73}},"39":{"start":{"line":551,"column":4},"end":{"line":551,"column":40}},"40":{"start":{"line":554,"column":4},"end":{"line":561,"column":7}},"41":{"start":{"line":555,"column":38},"end":{"line":555,"column":69}},"42":{"start":{"line":556,"column":6},"end":{"line":560,"column":7}},"43":{"start":{"line":557,"column":8},"end":{"line":557,"column":38}},"44":{"start":{"line":559,"column":8},"end":{"line":559,"column":35}},"45":{"start":{"line":564,"column":41},"end":{"line":681,"column":5}},"46":{"start":{"line":688,"column":8},"end":{"line":691,"column":6}},"47":{"start":{"line":693,"column":4},"end":{"line":693,"column":49}},"48":{"start":{"line":694,"column":4},"end":{"line":694,"column":49}},"49":{"start":{"line":695,"column":4},"end":{"line":695,"column":61}},"50":{"start":{"line":696,"column":4},"end":{"line":696,"column":57}},"51":{"start":{"line":698,"column":4},"end":{"line":698,"column":66}},"52":{"start":{"line":701,"column":4},"end":{"line":701,"column":76}},"53":{"start":{"line":702,"column":4},"end":{"line":702,"column":70}},"54":{"start":{"line":703,"column":4},"end":{"line":703,"column":78}},"55":{"start":{"line":704,"column":4},"end":{"line":704,"column":78}},"56":{"start":{"line":705,"column":4},"end":{"line":705,"column":74}},"57":{"start":{"line":706,"column":4},"end":{"line":706,"column":72}},"58":{"start":{"line":707,"column":4},"end":{"line":707,"column":76}},"59":{"start":{"line":708,"column":4},"end":{"line":710,"column":6}},"60":{"start":{"line":711,"column":4},"end":{"line":713,"column":6}},"61":{"start":{"line":714,"column":4},"end":{"line":714,"column":66}},"62":{"start":{"line":715,"column":4},"end":{"line":716,"column":54}},"63":{"start":{"line":717,"column":4},"end":{"line":718,"column":59}},"64":{"start":{"line":719,"column":4},"end":{"line":719,"column":74}},"65":{"start":{"line":720,"column":4},"end":{"line":720,"column":76}},"66":{"start":{"line":721,"column":4},"end":{"line":722,"column":53}},"67":{"start":{"line":723,"column":4},"end":{"line":724,"column":55}},"68":{"start":{"line":725,"column":4},"end":{"line":725,"column":72}},"69":{"start":{"line":726,"column":4},"end":{"line":726,"column":74}},"70":{"start":{"line":727,"column":4},"end":{"line":727,"column":74}},"71":{"start":{"line":728,"column":4},"end":{"line":728,"column":78}},"72":{"start":{"line":729,"column":4},"end":{"line":729,"column":70}},"73":{"start":{"line":730,"column":4},"end":{"line":730,"column":74}},"74":{"start":{"line":731,"column":4},"end":{"line":732,"column":63}},"75":{"start":{"line":733,"column":4},"end":{"line":735,"column":6}},"76":{"start":{"line":736,"column":4},"end":{"line":736,"column":72}},"77":{"start":{"line":737,"column":4},"end":{"line":738,"column":53}},"78":{"start":{"line":739,"column":4},"end":{"line":739,"column":70}},"79":{"start":{"line":740,"column":4},"end":{"line":740,"column":74}},"80":{"start":{"line":741,"column":4},"end":{"line":742,"column":55}},"81":{"start":{"line":743,"column":4},"end":{"line":743,"column":64}},"82":{"start":{"line":744,"column":4},"end":{"line":744,"column":80}},"83":{"start":{"line":745,"column":4},"end":{"line":746,"column":53}},"84":{"start":{"line":747,"column":4},"end":{"line":747,"column":71}},"85":{"start":{"line":748,"column":4},"end":{"line":748,"column":64}},"86":{"start":{"line":749,"column":4},"end":{"line":749,"column":72}},"87":{"start":{"line":750,"column":4},"end":{"line":750,"column":76}},"88":{"start":{"line":751,"column":4},"end":{"line":752,"column":54}},"89":{"start":{"line":753,"column":4},"end":{"line":753,"column":73}},"90":{"start":{"line":754,"column":4},"end":{"line":754,"column":75}},"91":{"start":{"line":755,"column":4},"end":{"line":756,"column":57}},"92":{"start":{"line":757,"column":4},"end":{"line":757,"column":68}},"93":{"start":{"line":758,"column":4},"end":{"line":758,"column":80}},"94":{"start":{"line":759,"column":4},"end":{"line":760,"column":53}},"95":{"start":{"line":761,"column":4},"end":{"line":761,"column":80}},"96":{"start":{"line":762,"column":4},"end":{"line":762,"column":62}},"97":{"start":{"line":763,"column":4},"end":{"line":763,"column":80}},"98":{"start":{"line":764,"column":4},"end":{"line":765,"column":54}},"99":{"start":{"line":766,"column":4},"end":{"line":766,"column":68}},"100":{"start":{"line":767,"column":4},"end":{"line":768,"column":56}},"101":{"start":{"line":769,"column":4},"end":{"line":770,"column":58}},"102":{"start":{"line":771,"column":4},"end":{"line":772,"column":62}},"103":{"start":{"line":773,"column":4},"end":{"line":774,"column":61}},"104":{"start":{"line":775,"column":4},"end":{"line":776,"column":54}},"105":{"start":{"line":777,"column":4},"end":{"line":778,"column":53}},"106":{"start":{"line":779,"column":4},"end":{"line":779,"column":80}},"107":{"start":{"line":780,"column":4},"end":{"line":780,"column":74}},"108":{"start":{"line":781,"column":4},"end":{"line":782,"column":54}},"109":{"start":{"line":783,"column":4},"end":{"line":783,"column":68}},"110":{"start":{"line":784,"column":4},"end":{"line":784,"column":76}},"111":{"start":{"line":785,"column":4},"end":{"line":785,"column":80}},"112":{"start":{"line":786,"column":4},"end":{"line":787,"column":57}},"113":{"start":{"line":788,"column":4},"end":{"line":788,"column":76}},"114":{"start":{"line":789,"column":4},"end":{"line":790,"column":54}},"115":{"start":{"line":791,"column":4},"end":{"line":791,"column":78}},"116":{"start":{"line":792,"column":4},"end":{"line":793,"column":61}},"117":{"start":{"line":794,"column":4},"end":{"line":794,"column":76}},"118":{"start":{"line":795,"column":4},"end":{"line":796,"column":60}},"119":{"start":{"line":797,"column":4},"end":{"line":798,"column":64}},"120":{"start":{"line":799,"column":4},"end":{"line":800,"column":53}},"121":{"start":{"line":801,"column":4},"end":{"line":802,"column":55}},"122":{"start":{"line":803,"column":4},"end":{"line":803,"column":78}},"123":{"start":{"line":804,"column":4},"end":{"line":804,"column":60}},"124":{"start":{"line":805,"column":4},"end":{"line":806,"column":55}},"125":{"start":{"line":807,"column":4},"end":{"line":809,"column":6}},"126":{"start":{"line":810,"column":4},"end":{"line":812,"column":6}},"127":{"start":{"line":813,"column":4},"end":{"line":813,"column":80}},"128":{"start":{"line":814,"column":4},"end":{"line":815,"column":57}},"129":{"start":{"line":816,"column":4},"end":{"line":816,"column":72}},"130":{"start":{"line":817,"column":4},"end":{"line":818,"column":56}},"131":{"start":{"line":819,"column":4},"end":{"line":819,"column":64}},"132":{"start":{"line":820,"column":4},"end":{"line":820,"column":80}},"133":{"start":{"line":821,"column":4},"end":{"line":821,"column":80}},"134":{"start":{"line":822,"column":4},"end":{"line":822,"column":70}},"135":{"start":{"line":823,"column":4},"end":{"line":823,"column":68}},"136":{"start":{"line":824,"column":4},"end":{"line":824,"column":72}},"137":{"start":{"line":825,"column":4},"end":{"line":825,"column":66}},"138":{"start":{"line":826,"column":4},"end":{"line":827,"column":54}},"139":{"start":{"line":828,"column":4},"end":{"line":829,"column":56}},"140":{"start":{"line":830,"column":4},"end":{"line":830,"column":74}},"141":{"start":{"line":831,"column":4},"end":{"line":832,"column":54}},"142":{"start":{"line":833,"column":4},"end":{"line":838,"column":7}},"143":{"start":{"line":839,"column":4},"end":{"line":839,"column":78}},"144":{"start":{"line":840,"column":4},"end":{"line":841,"column":59}},"145":{"start":{"line":845,"column":4},"end":{"line":845,"column":65}},"146":{"start":{"line":847,"column":4},"end":{"line":848,"column":67}},"147":{"start":{"line":854,"column":4},"end":{"line":856,"column":7}},"148":{"start":{"line":855,"column":6},"end":{"line":855,"column":63}},"149":{"start":{"line":858,"column":4},"end":{"line":860,"column":6}},"150":{"start":{"line":859,"column":6},"end":{"line":859,"column":22}},"151":{"start":{"line":862,"column":4},"end":{"line":864,"column":6}},"152":{"start":{"line":863,"column":6},"end":{"line":863,"column":20}},"153":{"start":{"line":870,"column":4},"end":{"line":873,"column":6}},"154":{"start":{"line":872,"column":17},"end":{"line":872,"column":53}},"155":{"start":{"line":876,"column":4},"end":{"line":905,"column":6}},"156":{"start":{"line":880,"column":10},"end":{"line":880,"column":42}},"157":{"start":{"line":882,"column":8},"end":{"line":884,"column":9}},"158":{"start":{"line":883,"column":10},"end":{"line":883,"column":17}},"159":{"start":{"line":887,"column":44},"end":{"line":889,"column":9}},"160":{"start":{"line":890,"column":8},"end":{"line":903,"column":9}},"161":{"start":{"line":892,"column":10},"end":{"line":894,"column":13}},"162":{"start":{"line":893,"column":12},"end":{"line":893,"column":67}},"163":{"start":{"line":897,"column":10},"end":{"line":899,"column":12}},"164":{"start":{"line":900,"column":10},"end":{"line":900,"column":40}},"165":{"start":{"line":902,"column":10},"end":{"line":902,"column":39}},"166":{"start":{"line":907,"column":36},"end":{"line":910,"column":6}},"167":{"start":{"line":911,"column":4},"end":{"line":917,"column":7}},"168":{"start":{"line":919,"column":4},"end":{"line":923,"column":14}},"169":{"start":{"line":925,"column":4},"end":{"line":936,"column":6}},"170":{"start":{"line":926,"column":36},"end":{"line":930,"column":9}},"171":{"start":{"line":927,"column":8},"end":{"line":930,"column":9}},"172":{"start":{"line":931,"column":23},"end":{"line":934,"column":9}},"173":{"start":{"line":932,"column":8},"end":{"line":934,"column":9}},"174":{"start":{"line":935,"column":6},"end":{"line":935,"column":74}},"175":{"start":{"line":939,"column":4},"end":{"line":939,"column":77}},"176":{"start":{"line":939,"column":29},"end":{"line":939,"column":75}},"177":{"start":{"line":941,"column":4},"end":{"line":941,"column":47}},"178":{"start":{"line":942,"column":4},"end":{"line":942,"column":31}},"179":{"start":{"line":943,"column":4},"end":{"line":943,"column":34}},"180":{"start":{"line":944,"column":4},"end":{"line":944,"column":46}},"181":{"start":{"line":946,"column":4},"end":{"line":951,"column":6}},"182":{"start":{"line":949,"column":8},"end":{"line":949,"column":53}},"183":{"start":{"line":953,"column":4},"end":{"line":962,"column":6}},"184":{"start":{"line":956,"column":8},"end":{"line":960,"column":13}},"185":{"start":{"line":959,"column":12},"end":{"line":959,"column":80}},"186":{"start":{"line":964,"column":4},"end":{"line":1011,"column":6}},"187":{"start":{"line":967,"column":65},"end":{"line":967,"column":74}},"188":{"start":{"line":971,"column":12},"end":{"line":971,"column":21}},"189":{"start":{"line":972,"column":8},"end":{"line":1009,"column":9}},"190":{"start":{"line":975,"column":27},"end":{"line":975,"column":71}},"191":{"start":{"line":976,"column":26},"end":{"line":976,"column":43}},"192":{"start":{"line":981,"column":21},"end":{"line":981,"column":51}},"193":{"start":{"line":983,"column":10},"end":{"line":983,"column":76}},"194":{"start":{"line":985,"column":10},"end":{"line":1000,"column":11}},"195":{"start":{"line":987,"column":12},"end":{"line":994,"column":13}},"196":{"start":{"line":990,"column":14},"end":{"line":993,"column":16}},"197":{"start":{"line":996,"column":12},"end":{"line":999,"column":14}},"198":{"start":{"line":1002,"column":10},"end":{"line":1002,"column":46}},"199":{"start":{"line":1003,"column":10},"end":{"line":1003,"column":40}},"200":{"start":{"line":1006,"column":10},"end":{"line":1008,"column":13}},"201":{"start":{"line":1013,"column":24},"end":{"line":1020,"column":5}},"202":{"start":{"line":1014,"column":6},"end":{"line":1018,"column":7}},"203":{"start":{"line":1016,"column":10},"end":{"line":1016,"column":62}},"204":{"start":{"line":1017,"column":8},"end":{"line":1017,"column":56}},"205":{"start":{"line":1019,"column":6},"end":{"line":1019,"column":52}},"206":{"start":{"line":1022,"column":4},"end":{"line":1112,"column":7}},"207":{"start":{"line":1024,"column":8},"end":{"line":1052,"column":10}},"208":{"start":{"line":1027,"column":12},"end":{"line":1027,"column":55}},"209":{"start":{"line":1033,"column":16},"end":{"line":1034,"column":55}},"210":{"start":{"line":1036,"column":16},"end":{"line":1036,"column":72}},"211":{"start":{"line":1038,"column":16},"end":{"line":1038,"column":79}},"212":{"start":{"line":1040,"column":16},"end":{"line":1040,"column":78}},"213":{"start":{"line":1048,"column":16},"end":{"line":1048,"column":58}},"214":{"start":{"line":1056,"column":10},"end":{"line":1060,"column":12}},"215":{"start":{"line":1061,"column":8},"end":{"line":1105,"column":11}},"216":{"start":{"line":1064,"column":12},"end":{"line":1064,"column":55}},"217":{"start":{"line":1070,"column":16},"end":{"line":1073,"column":18}},"218":{"start":{"line":1075,"column":16},"end":{"line":1078,"column":18}},"219":{"start":{"line":1080,"column":16},"end":{"line":1081,"column":55}},"220":{"start":{"line":1083,"column":16},"end":{"line":1083,"column":59}},"221":{"start":{"line":1090,"column":16},"end":{"line":1099,"column":18}},"222":{"start":{"line":1101,"column":16},"end":{"line":1101,"column":58}},"223":{"start":{"line":1108,"column":8},"end":{"line":1110,"column":10}},"224":{"start":{"line":1114,"column":39},"end":{"line":1114,"column":69}},"225":{"start":{"line":1115,"column":38},"end":{"line":1123,"column":6}},"226":{"start":{"line":1125,"column":4},"end":{"line":1125,"column":63}},"227":{"start":{"line":1127,"column":4},"end":{"line":1157,"column":7}},"228":{"start":{"line":1129,"column":8},"end":{"line":1137,"column":11}},"229":{"start":{"line":1135,"column":12},"end":{"line":1135,"column":55}},"230":{"start":{"line":1141,"column":10},"end":{"line":1154,"column":13}},"231":{"start":{"line":1151,"column":14},"end":{"line":1151,"column":57}},"232":{"start":{"line":1159,"column":4},"end":{"line":1345,"column":7}},"233":{"start":{"line":1166,"column":38},"end":{"line":1166,"column":76}},"234":{"start":{"line":1169,"column":32},"end":{"line":1169,"column":70}},"235":{"start":{"line":1171,"column":10},"end":{"line":1173,"column":11}},"236":{"start":{"line":1174,"column":8},"end":{"line":1187,"column":11}},"237":{"start":{"line":1191,"column":8},"end":{"line":1194,"column":10}},"238":{"start":{"line":1196,"column":8},"end":{"line":1199,"column":10}},"239":{"start":{"line":1201,"column":8},"end":{"line":1204,"column":10}},"240":{"start":{"line":1206,"column":8},"end":{"line":1209,"column":10}},"241":{"start":{"line":1222,"column":8},"end":{"line":1225,"column":9}},"242":{"start":{"line":1224,"column":12},"end":{"line":1224,"column":77}},"243":{"start":{"line":1227,"column":29},"end":{"line":1229,"column":9}},"244":{"start":{"line":1231,"column":8},"end":{"line":1233,"column":9}},"245":{"start":{"line":1232,"column":10},"end":{"line":1232,"column":76}},"246":{"start":{"line":1235,"column":32},"end":{"line":1237,"column":49}},"247":{"start":{"line":1237,"column":27},"end":{"line":1237,"column":48}},"248":{"start":{"line":1239,"column":34},"end":{"line":1243,"column":40}},"249":{"start":{"line":1241,"column":29},"end":{"line":1241,"column":78}},"250":{"start":{"line":1243,"column":32},"end":{"line":1243,"column":39}},"251":{"start":{"line":1245,"column":8},"end":{"line":1249,"column":9}},"252":{"start":{"line":1246,"column":10},"end":{"line":1248,"column":12}},"253":{"start":{"line":1251,"column":8},"end":{"line":1259,"column":9}},"254":{"start":{"line":1252,"column":33},"end":{"line":1252,"column":49}},"255":{"start":{"line":1254,"column":10},"end":{"line":1258,"column":11}},"256":{"start":{"line":1255,"column":12},"end":{"line":1257,"column":14}},"257":{"start":{"line":1261,"column":52},"end":{"line":1263,"column":9}},"258":{"start":{"line":1265,"column":8},"end":{"line":1278,"column":10}},"259":{"start":{"line":1281,"column":29},"end":{"line":1283,"column":9}},"260":{"start":{"line":1284,"column":32},"end":{"line":1286,"column":49}},"261":{"start":{"line":1286,"column":27},"end":{"line":1286,"column":48}},"262":{"start":{"line":1288,"column":45},"end":{"line":1299,"column":9}},"263":{"start":{"line":1301,"column":8},"end":{"line":1306,"column":9}},"264":{"start":{"line":1305,"column":10},"end":{"line":1305,"column":20}},"265":{"start":{"line":1308,"column":41},"end":{"line":1310,"column":75}},"266":{"start":{"line":1310,"column":38},"end":{"line":1310,"column":74}},"267":{"start":{"line":1313,"column":10},"end":{"line":1325,"column":12}},"268":{"start":{"line":1314,"column":12},"end":{"line":1324,"column":14}},"269":{"start":{"line":1319,"column":37},"end":{"line":1319,"column":58}},"270":{"start":{"line":1320,"column":39},"end":{"line":1320,"column":72}},"271":{"start":{"line":1327,"column":8},"end":{"line":1329,"column":10}},"272":{"start":{"line":1332,"column":8},"end":{"line":1343,"column":10}},"273":{"start":{"line":1348,"column":4},"end":{"line":1348,"column":67}},"274":{"start":{"line":1348,"column":36},"end":{"line":1348,"column":65}},"275":{"start":{"line":1354,"column":32},"end":{"line":1363,"column":5}},"276":{"start":{"line":1365,"column":4},"end":{"line":1423,"column":7}},"277":{"start":{"line":1425,"column":4},"end":{"line":1498,"column":7}},"278":{"start":{"line":1501,"column":25},"end":{"line":1512,"column":5}},"279":{"start":{"line":1514,"column":4},"end":{"line":1524,"column":5}},"280":{"start":{"line":1515,"column":6},"end":{"line":1520,"column":7}},"281":{"start":{"line":1516,"column":8},"end":{"line":1516,"column":39}},"282":{"start":{"line":1517,"column":8},"end":{"line":1519,"column":11}},"283":{"start":{"line":1523,"column":6},"end":{"line":1523,"column":37}},"284":{"start":{"line":1527,"column":21},"end":{"line":1527,"column":41}},"285":{"start":{"line":1528,"column":4},"end":{"line":1537,"column":5}},"286":{"start":{"line":1534,"column":6},"end":{"line":1534,"column":32}},"287":{"start":{"line":1536,"column":6},"end":{"line":1536,"column":26}},"288":{"start":{"line":1540,"column":4},"end":{"line":1548,"column":7}},"289":{"start":{"line":1541,"column":6},"end":{"line":1547,"column":8}},"290":{"start":{"line":1550,"column":4},"end":{"line":1550,"column":45}},"291":{"start":{"line":1551,"column":4},"end":{"line":1551,"column":47}},"292":{"start":{"line":1556,"column":4},"end":{"line":1556,"column":60}},"293":{"start":{"line":1559,"column":4},"end":{"line":1559,"column":76}},"294":{"start":{"line":1561,"column":4},"end":{"line":1561,"column":38}},"295":{"start":{"line":1563,"column":4},"end":{"line":1565,"column":5}},"296":{"start":{"line":1564,"column":6},"end":{"line":1564,"column":42}},"297":{"start":{"line":1576,"column":6},"end":{"line":1576,"column":72}},"298":{"start":{"line":1578,"column":6},"end":{"line":1580,"column":7}},"299":{"start":{"line":1582,"column":4},"end":{"line":1587,"column":5}},"300":{"start":{"line":1583,"column":6},"end":{"line":1585,"column":8}},"301":{"start":{"line":1586,"column":6},"end":{"line":1586,"column":23}},"302":{"start":{"line":1589,"column":4},"end":{"line":1589,"column":33}},"303":{"start":{"line":1601,"column":6},"end":{"line":1601,"column":70}},"304":{"start":{"line":1602,"column":4},"end":{"line":1604,"column":5}},"305":{"start":{"line":1603,"column":6},"end":{"line":1603,"column":18}},"306":{"start":{"line":1606,"column":54},"end":{"line":1606,"column":74}},"307":{"start":{"line":1607,"column":4},"end":{"line":1614,"column":5}},"308":{"start":{"line":1613,"column":6},"end":{"line":1613,"column":18}},"309":{"start":{"line":1616,"column":4},"end":{"line":1616,"column":65}},"310":{"start":{"line":1622,"column":4},"end":{"line":1630,"column":9}},"311":{"start":{"line":1629,"column":8},"end":{"line":1629,"column":60}},"312":{"start":{"line":1634,"column":38},"end":{"line":1634,"column":46}},"313":{"start":{"line":1635,"column":29},"end":{"line":1635,"column":45}},"314":{"start":{"line":1637,"column":4},"end":{"line":1639,"column":5}},"315":{"start":{"line":1638,"column":6},"end":{"line":1638,"column":76}},"316":{"start":{"line":1643,"column":31},"end":{"line":1643,"column":63}},"317":{"start":{"line":1645,"column":4},"end":{"line":1647,"column":5}},"318":{"start":{"line":1646,"column":6},"end":{"line":1646,"column":49}},"319":{"start":{"line":1649,"column":4},"end":{"line":1665,"column":5}},"320":{"start":{"line":1653,"column":18},"end":{"line":1653,"column":36}},"321":{"start":{"line":1656,"column":6},"end":{"line":1664,"column":9}},"322":{"start":{"line":1657,"column":8},"end":{"line":1663,"column":9}},"323":{"start":{"line":1662,"column":10},"end":{"line":1662,"column":31}},"324":{"start":{"line":1668,"column":4},"end":{"line":1677,"column":5}},"325":{"start":{"line":1672,"column":6},"end":{"line":1676,"column":11}},"326":{"start":{"line":1675,"column":10},"end":{"line":1675,"column":31}},"327":{"start":{"line":1679,"column":4},"end":{"line":1681,"column":5}},"328":{"start":{"line":1680,"column":6},"end":{"line":1680,"column":54}},"329":{"start":{"line":1685,"column":4},"end":{"line":1685,"column":43}},"330":{"start":{"line":1686,"column":4},"end":{"line":1686,"column":33}},"331":{"start":{"line":1687,"column":4},"end":{"line":1696,"column":5}},"332":{"start":{"line":1695,"column":6},"end":{"line":1695,"column":45}},"333":{"start":{"line":1697,"column":4},"end":{"line":1706,"column":5}},"334":{"start":{"line":1701,"column":6},"end":{"line":1705,"column":11}},"335":{"start":{"line":1704,"column":10},"end":{"line":1704,"column":31}},"336":{"start":{"line":1707,"column":4},"end":{"line":1709,"column":5}},"337":{"start":{"line":1708,"column":6},"end":{"line":1708,"column":54}},"338":{"start":{"line":1713,"column":4},"end":{"line":1713,"column":44}},"339":{"start":{"line":1714,"column":4},"end":{"line":1720,"column":5}},"340":{"start":{"line":1719,"column":6},"end":{"line":1719,"column":44}},"341":{"start":{"line":1721,"column":4},"end":{"line":1727,"column":5}},"342":{"start":{"line":1722,"column":6},"end":{"line":1726,"column":11}},"343":{"start":{"line":1725,"column":10},"end":{"line":1725,"column":31}},"344":{"start":{"line":1728,"column":4},"end":{"line":1728,"column":51}},"345":{"start":{"line":1738,"column":4},"end":{"line":1758,"column":5}},"346":{"start":{"line":1739,"column":6},"end":{"line":1745,"column":7}},"347":{"start":{"line":1744,"column":8},"end":{"line":1744,"column":15}},"348":{"start":{"line":1747,"column":6},"end":{"line":1751,"column":7}},"349":{"start":{"line":1750,"column":8},"end":{"line":1750,"column":15}},"350":{"start":{"line":1753,"column":6},"end":{"line":1755,"column":9}},"351":{"start":{"line":1754,"column":8},"end":{"line":1754,"column":29}},"352":{"start":{"line":1757,"column":6},"end":{"line":1757,"column":27}},"353":{"start":{"line":1767,"column":4},"end":{"line":1770,"column":5}},"354":{"start":{"line":1768,"column":6},"end":{"line":1768,"column":46}},"355":{"start":{"line":1769,"column":6},"end":{"line":1769,"column":39}},"356":{"start":{"line":1780,"column":4},"end":{"line":1782,"column":5}},"357":{"start":{"line":1781,"column":6},"end":{"line":1781,"column":13}},"358":{"start":{"line":1783,"column":4},"end":{"line":1788,"column":34}},"359":{"start":{"line":1784,"column":6},"end":{"line":1784,"column":39}},"360":{"start":{"line":1785,"column":6},"end":{"line":1787,"column":7}},"361":{"start":{"line":1786,"column":8},"end":{"line":1786,"column":40}},"362":{"start":{"line":1792,"column":4},"end":{"line":1798,"column":7}},"363":{"start":{"line":1793,"column":6},"end":{"line":1797,"column":7}},"364":{"start":{"line":1794,"column":8},"end":{"line":1794,"column":22}},"365":{"start":{"line":1796,"column":8},"end":{"line":1796,"column":27}},"366":{"start":{"line":1815,"column":48},"end":{"line":1815,"column":50}},"367":{"start":{"line":1817,"column":4},"end":{"line":1832,"column":7}},"368":{"start":{"line":1819,"column":6},"end":{"line":1831,"column":7}},"369":{"start":{"line":1820,"column":8},"end":{"line":1823,"column":21}},"370":{"start":{"line":1826,"column":22},"end":{"line":1829,"column":9}},"371":{"start":{"line":1830,"column":8},"end":{"line":1830,"column":32}},"372":{"start":{"line":1834,"column":4},"end":{"line":1841,"column":6}},"373":{"start":{"line":1837,"column":34},"end":{"line":1837,"column":43}},"374":{"start":{"line":1839,"column":8},"end":{"line":1839,"column":49}},"375":{"start":{"line":1843,"column":4},"end":{"line":1884,"column":6}},"376":{"start":{"line":1846,"column":46},"end":{"line":1846,"column":55}},"377":{"start":{"line":1847,"column":46},"end":{"line":1847,"column":55}},"378":{"start":{"line":1848,"column":8},"end":{"line":1850,"column":9}},"379":{"start":{"line":1849,"column":10},"end":{"line":1849,"column":42}},"380":{"start":{"line":1851,"column":8},"end":{"line":1870,"column":9}},"381":{"start":{"line":1857,"column":10},"end":{"line":1869,"column":11}},"382":{"start":{"line":1858,"column":12},"end":{"line":1862,"column":17}},"383":{"start":{"line":1861,"column":16},"end":{"line":1861,"column":37}},"384":{"start":{"line":1864,"column":12},"end":{"line":1868,"column":17}},"385":{"start":{"line":1867,"column":16},"end":{"line":1867,"column":37}},"386":{"start":{"line":1871,"column":8},"end":{"line":1881,"column":9}},"387":{"start":{"line":1876,"column":10},"end":{"line":1880,"column":11}},"388":{"start":{"line":1877,"column":12},"end":{"line":1877,"column":60}},"389":{"start":{"line":1879,"column":12},"end":{"line":1879,"column":59}},"390":{"start":{"line":1882,"column":8},"end":{"line":1882,"column":20}},"391":{"start":{"line":1886,"column":4},"end":{"line":1894,"column":6}},"392":{"start":{"line":1889,"column":8},"end":{"line":1892,"column":9}},"393":{"start":{"line":1890,"column":10},"end":{"line":1890,"column":48}},"394":{"start":{"line":1891,"column":10},"end":{"line":1891,"column":55}},"395":{"start":{"line":1896,"column":4},"end":{"line":1913,"column":6}},"396":{"start":{"line":1899,"column":26},"end":{"line":1899,"column":53}},"397":{"start":{"line":1901,"column":8},"end":{"line":1911,"column":9}},"398":{"start":{"line":1902,"column":26},"end":{"line":1902,"column":49}},"399":{"start":{"line":1904,"column":10},"end":{"line":1910,"column":11}},"400":{"start":{"line":1905,"column":12},"end":{"line":1909,"column":17}},"401":{"start":{"line":1908,"column":16},"end":{"line":1908,"column":61}},"402":{"start":{"line":1917,"column":4},"end":{"line":1927,"column":6}},"403":{"start":{"line":1920,"column":32},"end":{"line":1920,"column":68}},"404":{"start":{"line":1922,"column":8},"end":{"line":1924,"column":9}},"405":{"start":{"line":1923,"column":10},"end":{"line":1923,"column":55}},"406":{"start":{"line":1932,"column":4},"end":{"line":2001,"column":6}},"407":{"start":{"line":1935,"column":38},"end":{"line":1938,"column":9}},"408":{"start":{"line":1940,"column":38},"end":{"line":1943,"column":9}},"409":{"start":{"line":1946,"column":8},"end":{"line":1964,"column":9}},"410":{"start":{"line":1947,"column":32},"end":{"line":1950,"column":12}},"411":{"start":{"line":1953,"column":10},"end":{"line":1963,"column":13}},"412":{"start":{"line":1954,"column":12},"end":{"line":1962,"column":13}},"413":{"start":{"line":1958,"column":14},"end":{"line":1961,"column":17}},"414":{"start":{"line":1967,"column":8},"end":{"line":1998,"column":9}},"415":{"start":{"line":1968,"column":32},"end":{"line":1971,"column":12}},"416":{"start":{"line":1975,"column":10},"end":{"line":1996,"column":13}},"417":{"start":{"line":1976,"column":12},"end":{"line":1995,"column":13}},"418":{"start":{"line":1981,"column":14},"end":{"line":1989,"column":16}},"419":{"start":{"line":1983,"column":18},"end":{"line":1987,"column":21}},"420":{"start":{"line":1991,"column":14},"end":{"line":1994,"column":17}},"421":{"start":{"line":1997,"column":10},"end":{"line":1997,"column":65}},"422":{"start":{"line":2004,"column":4},"end":{"line":2051,"column":6}},"423":{"start":{"line":2007,"column":24},"end":{"line":2007,"column":79}},"424":{"start":{"line":2008,"column":8},"end":{"line":2048,"column":10}},"425":{"start":{"line":2010,"column":12},"end":{"line":2046,"column":15}},"426":{"start":{"line":2011,"column":42},"end":{"line":2011,"column":67}},"427":{"start":{"line":2012,"column":41},"end":{"line":2012,"column":65}},"428":{"start":{"line":2015,"column":16},"end":{"line":2022,"column":17}},"429":{"start":{"line":2024,"column":14},"end":{"line":2026,"column":15}},"430":{"start":{"line":2025,"column":16},"end":{"line":2025,"column":23}},"431":{"start":{"line":2029,"column":16},"end":{"line":2032,"column":17}},"432":{"start":{"line":2034,"column":16},"end":{"line":2037,"column":17}},"433":{"start":{"line":2039,"column":14},"end":{"line":2045,"column":15}},"434":{"start":{"line":2040,"column":16},"end":{"line":2044,"column":18}},"435":{"start":{"line":2054,"column":4},"end":{"line":2120,"column":6}},"436":{"start":{"line":2057,"column":39},"end":{"line":2059,"column":9}},"437":{"start":{"line":2061,"column":8},"end":{"line":2066,"column":9}},"438":{"start":{"line":2065,"column":10},"end":{"line":2065,"column":65}},"439":{"start":{"line":2068,"column":8},"end":{"line":2118,"column":10}},"440":{"start":{"line":2071,"column":14},"end":{"line":2074,"column":16}},"441":{"start":{"line":2077,"column":14},"end":{"line":2077,"column":58}},"442":{"start":{"line":2079,"column":12},"end":{"line":2085,"column":13}},"443":{"start":{"line":2084,"column":14},"end":{"line":2084,"column":21}},"444":{"start":{"line":2087,"column":12},"end":{"line":2087,"column":75}},"445":{"start":{"line":2090,"column":14},"end":{"line":2093,"column":15}},"446":{"start":{"line":2095,"column":38},"end":{"line":2098,"column":13}},"447":{"start":{"line":2100,"column":12},"end":{"line":2116,"column":13}},"448":{"start":{"line":2101,"column":38},"end":{"line":2104,"column":16}},"449":{"start":{"line":2102,"column":36},"end":{"line":2102,"column":69}},"450":{"start":{"line":2103,"column":16},"end":{"line":2103,"column":31}},"451":{"start":{"line":2106,"column":14},"end":{"line":2115,"column":15}},"452":{"start":{"line":2110,"column":16},"end":{"line":2114,"column":18}},"453":{"start":{"line":2122,"column":4},"end":{"line":2168,"column":6}},"454":{"start":{"line":2125,"column":30},"end":{"line":2125,"column":66}},"455":{"start":{"line":2129,"column":8},"end":{"line":2165,"column":9}},"456":{"start":{"line":2131,"column":12},"end":{"line":2131,"column":78}},"457":{"start":{"line":2134,"column":12},"end":{"line":2136,"column":13}},"458":{"start":{"line":2139,"column":10},"end":{"line":2144,"column":11}},"459":{"start":{"line":2140,"column":12},"end":{"line":2142,"column":14}},"460":{"start":{"line":2143,"column":12},"end":{"line":2143,"column":21}},"461":{"start":{"line":2146,"column":55},"end":{"line":2146,"column":68}},"462":{"start":{"line":2148,"column":10},"end":{"line":2164,"column":11}},"463":{"start":{"line":2150,"column":14},"end":{"line":2150,"column":76}},"464":{"start":{"line":2156,"column":12},"end":{"line":2158,"column":13}},"465":{"start":{"line":2157,"column":14},"end":{"line":2157,"column":71}},"466":{"start":{"line":2160,"column":12},"end":{"line":2163,"column":14}},"467":{"start":{"line":2170,"column":4},"end":{"line":2179,"column":6}},"468":{"start":{"line":2173,"column":28},"end":{"line":2176,"column":9}},"469":{"start":{"line":2177,"column":8},"end":{"line":2177,"column":52}},"470":{"start":{"line":2181,"column":4},"end":{"line":2198,"column":6}},"471":{"start":{"line":2184,"column":26},"end":{"line":2190,"column":9}},"472":{"start":{"line":2188,"column":12},"end":{"line":2189,"column":67}},"473":{"start":{"line":2191,"column":8},"end":{"line":2196,"column":9}},"474":{"start":{"line":2192,"column":10},"end":{"line":2195,"column":12}},"475":{"start":{"line":2200,"column":4},"end":{"line":2214,"column":6}},"476":{"start":{"line":2203,"column":32},"end":{"line":2208,"column":49}},"477":{"start":{"line":2206,"column":30},"end":{"line":2206,"column":75}},"478":{"start":{"line":2208,"column":33},"end":{"line":2208,"column":48}},"479":{"start":{"line":2210,"column":8},"end":{"line":2212,"column":10}},"480":{"start":{"line":2224,"column":4},"end":{"line":2230,"column":5}},"481":{"start":{"line":2229,"column":6},"end":{"line":2229,"column":13}},"482":{"start":{"line":2232,"column":4},"end":{"line":2244,"column":6}},"483":{"start":{"line":2235,"column":8},"end":{"line":2241,"column":9}},"484":{"start":{"line":2239,"column":10},"end":{"line":2239,"column":48}},"485":{"start":{"line":2240,"column":10},"end":{"line":2240,"column":17}},"486":{"start":{"line":2242,"column":8},"end":{"line":2242,"column":47}},"487":{"start":{"line":2246,"column":4},"end":{"line":2255,"column":6}},"488":{"start":{"line":2249,"column":8},"end":{"line":2253,"column":9}},"489":{"start":{"line":2252,"column":10},"end":{"line":2252,"column":74}},"490":{"start":{"line":2269,"column":32},"end":{"line":2273,"column":6}},"491":{"start":{"line":2274,"column":4},"end":{"line":2279,"column":7}},"492":{"start":{"line":2293,"column":4},"end":{"line":2296,"column":6}},"493":{"start":{"line":2297,"column":4},"end":{"line":2300,"column":6}},"494":{"start":{"line":2310,"column":30},"end":{"line":2310,"column":51}},"495":{"start":{"line":2312,"column":30},"end":{"line":2321,"column":5}},"496":{"start":{"line":2314,"column":8},"end":{"line":2314,"column":44}},"497":{"start":{"line":2316,"column":6},"end":{"line":2320,"column":8}},"498":{"start":{"line":2323,"column":36},"end":{"line":2329,"column":5}},"499":{"start":{"line":2325,"column":8},"end":{"line":2325,"column":75}},"500":{"start":{"line":2326,"column":6},"end":{"line":2328,"column":7}},"501":{"start":{"line":2327,"column":8},"end":{"line":2327,"column":70}},"502":{"start":{"line":2332,"column":4},"end":{"line":2332,"column":47}},"503":{"start":{"line":2334,"column":4},"end":{"line":2334,"column":45}},"504":{"start":{"line":2336,"column":4},"end":{"line":2336,"column":29}},"505":{"start":{"line":2351,"column":33},"end":{"line":2354,"column":6}},"506":{"start":{"line":2355,"column":21},"end":{"line":2355,"column":23}},"507":{"start":{"line":2356,"column":4},"end":{"line":2359,"column":5}},"508":{"start":{"line":2357,"column":25},"end":{"line":2357,"column":35}},"509":{"start":{"line":2358,"column":6},"end":{"line":2358,"column":49}},"510":{"start":{"line":2360,"column":4},"end":{"line":2369,"column":6}},"511":{"start":{"line":2384,"column":28},"end":{"line":2387,"column":5}},"512":{"start":{"line":2389,"column":26},"end":{"line":2392,"column":5}},"513":{"start":{"line":2394,"column":24},"end":{"line":2394,"column":51}},"514":{"start":{"line":2396,"column":36},"end":{"line":2396,"column":67}},"515":{"start":{"line":2398,"column":25},"end":{"line":2398,"column":72}},"516":{"start":{"line":2410,"column":4},"end":{"line":2426,"column":5}},"517":{"start":{"line":2415,"column":6},"end":{"line":2423,"column":7}},"518":{"start":{"line":2416,"column":23},"end":{"line":2418,"column":10}},"519":{"start":{"line":2419,"column":8},"end":{"line":2419,"column":50}},"520":{"start":{"line":2421,"column":8},"end":{"line":2421,"column":29}},"521":{"start":{"line":2422,"column":8},"end":{"line":2422,"column":30}},"522":{"start":{"line":2425,"column":6},"end":{"line":2425,"column":71}},"523":{"start":{"line":2429,"column":6},"end":{"line":2429,"column":68}},"524":{"start":{"line":2431,"column":4},"end":{"line":2435,"column":6}},"525":{"start":{"line":2448,"column":22},"end":{"line":2448,"column":50}},"526":{"start":{"line":2449,"column":26},"end":{"line":2449,"column":40}},"527":{"start":{"line":2450,"column":22},"end":{"line":2450,"column":50}},"528":{"start":{"line":2451,"column":4},"end":{"line":2454,"column":6}},"529":{"start":{"line":2503,"column":8},"end":{"line":2503,"column":12}},"530":{"start":{"line":2505,"column":4},"end":{"line":3860,"column":6}},"531":{"start":{"line":2841,"column":8},"end":{"line":2841,"column":75}},"532":{"start":{"line":2856,"column":8},"end":{"line":2856,"column":72}},"533":{"start":{"line":2859,"column":8},"end":{"line":2862,"column":10}},"534":{"start":{"line":2955,"column":8},"end":{"line":2955,"column":75}},"535":{"start":{"line":2958,"column":8},"end":{"line":2961,"column":10}},"536":{"start":{"line":3071,"column":8},"end":{"line":3073,"column":9}},"537":{"start":{"line":3072,"column":10},"end":{"line":3072,"column":17}},"538":{"start":{"line":3074,"column":8},"end":{"line":3074,"column":52}},"539":{"start":{"line":3075,"column":8},"end":{"line":3080,"column":10}},"540":{"start":{"line":3436,"column":8},"end":{"line":3436,"column":65}},"541":{"start":{"line":3439,"column":8},"end":{"line":3439,"column":50}},"542":{"start":{"line":3677,"column":8},"end":{"line":3677,"column":70}},"543":{"start":{"line":3680,"column":30},"end":{"line":3680,"column":70}},"544":{"start":{"line":3681,"column":32},"end":{"line":3681,"column":74}},"545":{"start":{"line":3683,"column":8},"end":{"line":3687,"column":9}},"546":{"start":{"line":3689,"column":8},"end":{"line":3689,"column":67}},"547":{"start":{"line":3774,"column":8},"end":{"line":3774,"column":75}},"548":{"start":{"line":3798,"column":8},"end":{"line":3798,"column":70}},"549":{"start":{"line":3801,"column":8},"end":{"line":3801,"column":73}},"550":{"start":{"line":3805,"column":8},"end":{"line":3805,"column":66}},"551":{"start":{"line":3809,"column":8},"end":{"line":3811,"column":9}},"552":{"start":{"line":3864,"column":28},"end":{"line":3868,"column":7}},"553":{"start":{"line":3865,"column":6},"end":{"line":3868,"column":7}},"554":{"start":{"line":3870,"column":4},"end":{"line":3874,"column":7}},"555":{"start":{"line":3888,"column":30},"end":{"line":3890,"column":5}},"556":{"start":{"line":3892,"column":6},"end":{"line":3896,"column":7}},"557":{"start":{"line":3897,"column":19},"end":{"line":3897,"column":60}},"558":{"start":{"line":3899,"column":4},"end":{"line":3901,"column":5}},"559":{"start":{"line":3900,"column":6},"end":{"line":3900,"column":28}},"560":{"start":{"line":3903,"column":4},"end":{"line":3912,"column":5}},"561":{"start":{"line":3904,"column":22},"end":{"line":3907,"column":8}},"562":{"start":{"line":3908,"column":6},"end":{"line":3908,"column":30}},"563":{"start":{"line":3910,"column":6},"end":{"line":3910,"column":23}},"564":{"start":{"line":3911,"column":6},"end":{"line":3911,"column":18}},"565":{"start":{"line":3916,"column":4},"end":{"line":3923,"column":5}},"566":{"start":{"line":3918,"column":6},"end":{"line":3920,"column":9}},"567":{"start":{"line":3922,"column":6},"end":{"line":3922,"column":26}},"568":{"start":{"line":3930,"column":4},"end":{"line":3930,"column":29}},"569":{"start":{"line":3931,"column":4},"end":{"line":3931,"column":28}},"570":{"start":{"line":3932,"column":4},"end":{"line":3932,"column":56}},"571":{"start":{"line":3939,"column":4},"end":{"line":3962,"column":5}},"572":{"start":{"line":3941,"column":8},"end":{"line":3941,"column":77}},"573":{"start":{"line":3942,"column":6},"end":{"line":3956,"column":7}},"574":{"start":{"line":3943,"column":26},"end":{"line":3943,"column":54}},"575":{"start":{"line":3945,"column":26},"end":{"line":3945,"column":43}},"576":{"start":{"line":3947,"column":8},"end":{"line":3953,"column":9}},"577":{"start":{"line":3948,"column":10},"end":{"line":3950,"column":12}},"578":{"start":{"line":3951,"column":10},"end":{"line":3951,"column":43}},"579":{"start":{"line":3952,"column":10},"end":{"line":3952,"column":17}},"580":{"start":{"line":3955,"column":8},"end":{"line":3955,"column":80}},"581":{"start":{"line":3960,"column":6},"end":{"line":3960,"column":39}},"582":{"start":{"line":3961,"column":6},"end":{"line":3961,"column":14}},"583":{"start":{"line":3966,"column":4},"end":{"line":3966,"column":77}},"584":{"start":{"line":3980,"column":4},"end":{"line":3990,"column":5}},"585":{"start":{"line":3981,"column":6},"end":{"line":3984,"column":8}},"586":{"start":{"line":3983,"column":25},"end":{"line":3983,"column":66}},"587":{"start":{"line":3986,"column":6},"end":{"line":3988,"column":7}},"588":{"start":{"line":3987,"column":8},"end":{"line":3987,"column":25}},"589":{"start":{"line":3989,"column":6},"end":{"line":3989,"column":18}},"590":{"start":{"line":4007,"column":6},"end":{"line":4007,"column":65}},"591":{"start":{"line":4008,"column":4},"end":{"line":4025,"column":5}},"592":{"start":{"line":4010,"column":8},"end":{"line":4010,"column":63}},"593":{"start":{"line":4012,"column":8},"end":{"line":4012,"column":63}},"594":{"start":{"line":4014,"column":8},"end":{"line":4014,"column":64}},"595":{"start":{"line":4016,"column":8},"end":{"line":4016,"column":59}},"596":{"start":{"line":4018,"column":8},"end":{"line":4018,"column":63}},"597":{"start":{"line":4020,"column":8},"end":{"line":4020,"column":26}},"598":{"start":{"line":4022,"column":8},"end":{"line":4022,"column":22}},"599":{"start":{"line":4024,"column":8},"end":{"line":4024,"column":26}},"600":{"start":{"line":4037,"column":4},"end":{"line":4063,"column":5}},"601":{"start":{"line":4038,"column":6},"end":{"line":4057,"column":8}},"602":{"start":{"line":4041,"column":10},"end":{"line":4055,"column":11}},"603":{"start":{"line":4044,"column":14},"end":{"line":4044,"column":40}},"604":{"start":{"line":4046,"column":14},"end":{"line":4046,"column":39}},"605":{"start":{"line":4049,"column":14},"end":{"line":4049,"column":48}},"606":{"start":{"line":4052,"column":14},"end":{"line":4052,"column":49}},"607":{"start":{"line":4054,"column":14},"end":{"line":4054,"column":31}},"608":{"start":{"line":4059,"column":6},"end":{"line":4061,"column":7}},"609":{"start":{"line":4060,"column":8},"end":{"line":4060,"column":25}},"610":{"start":{"line":4062,"column":6},"end":{"line":4062,"column":18}},"611":{"start":{"line":4078,"column":31},"end":{"line":4078,"column":40}},"612":{"start":{"line":4079,"column":28},"end":{"line":4099,"column":5}},"613":{"start":{"line":4080,"column":6},"end":{"line":4082,"column":7}},"614":{"start":{"line":4081,"column":8},"end":{"line":4081,"column":47}},"615":{"start":{"line":4083,"column":22},"end":{"line":4083,"column":74}},"616":{"start":{"line":4084,"column":6},"end":{"line":4086,"column":7}},"617":{"start":{"line":4085,"column":8},"end":{"line":4085,"column":25}},"618":{"start":{"line":4087,"column":22},"end":{"line":4087,"column":78}},"619":{"start":{"line":4088,"column":6},"end":{"line":4090,"column":7}},"620":{"start":{"line":4089,"column":8},"end":{"line":4089,"column":25}},"621":{"start":{"line":4091,"column":20},"end":{"line":4093,"column":7}},"622":{"start":{"line":4094,"column":6},"end":{"line":4096,"column":7}},"623":{"start":{"line":4095,"column":8},"end":{"line":4095,"column":25}},"624":{"start":{"line":4097,"column":6},"end":{"line":4097,"column":67}},"625":{"start":{"line":4098,"column":6},"end":{"line":4098,"column":41}},"626":{"start":{"line":4101,"column":4},"end":{"line":4103,"column":6}},"627":{"start":{"line":4102,"column":16},"end":{"line":4102,"column":69}},"628":{"start":{"line":4116,"column":4},"end":{"line":4129,"column":5}},"629":{"start":{"line":4117,"column":6},"end":{"line":4121,"column":8}},"630":{"start":{"line":4123,"column":6},"end":{"line":4127,"column":7}},"631":{"start":{"line":4126,"column":8},"end":{"line":4126,"column":18}},"632":{"start":{"line":4128,"column":6},"end":{"line":4128,"column":16}},"633":{"start":{"line":4131,"column":24},"end":{"line":4131,"column":52}},"634":{"start":{"line":4132,"column":4},"end":{"line":4132,"column":57}},"635":{"start":{"line":4142,"column":4},"end":{"line":4149,"column":6}},"636":{"start":{"line":4145,"column":8},"end":{"line":4148,"column":9}},"637":{"start":{"line":4163,"column":4},"end":{"line":4170,"column":6}},"638":{"start":{"line":4166,"column":8},"end":{"line":4169,"column":9}},"639":{"start":{"line":4181,"column":15},"end":{"line":4181,"column":23}},"640":{"start":{"line":4182,"column":4},"end":{"line":4194,"column":7}},"641":{"start":{"line":4204,"column":34},"end":{"line":4212,"column":5}},"642":{"start":{"line":4214,"column":4},"end":{"line":4226,"column":6}},"643":{"start":{"line":4230,"column":4},"end":{"line":4233,"column":6}},"644":{"start":{"line":4245,"column":4},"end":{"line":4253,"column":5}},"645":{"start":{"line":4246,"column":6},"end":{"line":4250,"column":8}},"646":{"start":{"line":4254,"column":4},"end":{"line":4256,"column":5}},"647":{"start":{"line":4255,"column":6},"end":{"line":4255,"column":13}},"648":{"start":{"line":4258,"column":26},"end":{"line":4260,"column":6}},"649":{"start":{"line":4269,"column":4},"end":{"line":4312,"column":6}},"650":{"start":{"line":4272,"column":10},"end":{"line":4272,"column":70}},"651":{"start":{"line":4274,"column":8},"end":{"line":4276,"column":9}},"652":{"start":{"line":4275,"column":10},"end":{"line":4275,"column":17}},"653":{"start":{"line":4280,"column":29},"end":{"line":4282,"column":49}},"654":{"start":{"line":4281,"column":26},"end":{"line":4281,"column":46}},"655":{"start":{"line":4282,"column":29},"end":{"line":4282,"column":48}},"656":{"start":{"line":4284,"column":8},"end":{"line":4286,"column":9}},"657":{"start":{"line":4285,"column":10},"end":{"line":4285,"column":17}},"658":{"start":{"line":4289,"column":28},"end":{"line":4291,"column":9}},"659":{"start":{"line":4290,"column":48},"end":{"line":4290,"column":68}},"660":{"start":{"line":4293,"column":41},"end":{"line":4298,"column":9}},"661":{"start":{"line":4295,"column":32},"end":{"line":4295,"column":65}},"662":{"start":{"line":4296,"column":12},"end":{"line":4296,"column":27}},"663":{"start":{"line":4300,"column":39},"end":{"line":4302,"column":9}},"664":{"start":{"line":4304,"column":8},"end":{"line":4310,"column":9}},"665":{"start":{"line":4305,"column":10},"end":{"line":4309,"column":12}},"666":{"start":{"line":4329,"column":4},"end":{"line":4333,"column":5}},"667":{"start":{"line":4330,"column":6},"end":{"line":4332,"column":9}},"668":{"start":{"line":4335,"column":4},"end":{"line":4340,"column":5}},"669":{"start":{"line":4336,"column":6},"end":{"line":4339,"column":9}},"670":{"start":{"line":4343,"column":6},"end":{"line":4345,"column":7}},"671":{"start":{"line":4347,"column":4},"end":{"line":4351,"column":5}},"672":{"start":{"line":4348,"column":6},"end":{"line":4350,"column":9}},"673":{"start":{"line":4354,"column":20},"end":{"line":4354,"column":53}},"674":{"start":{"line":4355,"column":4},"end":{"line":4360,"column":5}},"675":{"start":{"line":4356,"column":6},"end":{"line":4359,"column":9}},"676":{"start":{"line":4362,"column":21},"end":{"line":4362,"column":64}},"677":{"start":{"line":4363,"column":4},"end":{"line":4367,"column":5}},"678":{"start":{"line":4364,"column":6},"end":{"line":4366,"column":9}},"679":{"start":{"line":4383,"column":38},"end":{"line":4420,"column":3}},"680":{"start":{"line":4388,"column":24},"end":{"line":4388,"column":68}},"681":{"start":{"line":4389,"column":15},"end":{"line":4389,"column":34}},"682":{"start":{"line":4391,"column":6},"end":{"line":4393,"column":14}},"683":{"start":{"line":4396,"column":6},"end":{"line":4398,"column":7}},"684":{"start":{"line":4400,"column":4},"end":{"line":4419,"column":6}},"685":{"start":{"line":4430,"column":30},"end":{"line":4468,"column":3}},"686":{"start":{"line":4432,"column":6},"end":{"line":4434,"column":7}},"687":{"start":{"line":4436,"column":20},"end":{"line":4436,"column":53}},"688":{"start":{"line":4437,"column":4},"end":{"line":4442,"column":5}},"689":{"start":{"line":4438,"column":6},"end":{"line":4441,"column":9}},"690":{"start":{"line":4444,"column":21},"end":{"line":4444,"column":64}},"691":{"start":{"line":4445,"column":4},"end":{"line":4449,"column":5}},"692":{"start":{"line":4446,"column":6},"end":{"line":4448,"column":9}},"693":{"start":{"line":4451,"column":22},"end":{"line":4451,"column":69}},"694":{"start":{"line":4452,"column":20},"end":{"line":4452,"column":48}},"695":{"start":{"line":4453,"column":28},"end":{"line":4461,"column":5}},"696":{"start":{"line":4463,"column":4},"end":{"line":4467,"column":6}},"697":{"start":{"line":4470,"column":28},"end":{"line":4512,"column":3}},"698":{"start":{"line":4476,"column":4},"end":{"line":4511,"column":5}},"699":{"start":{"line":4482,"column":8},"end":{"line":4498,"column":9}},"700":{"start":{"line":4483,"column":10},"end":{"line":4483,"column":73}},"701":{"start":{"line":4486,"column":10},"end":{"line":4490,"column":12}},"702":{"start":{"line":4491,"column":10},"end":{"line":4491,"column":71}},"703":{"start":{"line":4493,"column":10},"end":{"line":4497,"column":13}},"704":{"start":{"line":4499,"column":8},"end":{"line":4499,"column":25}},"705":{"start":{"line":4503,"column":8},"end":{"line":4508,"column":10}},"706":{"start":{"line":4510,"column":8},"end":{"line":4510,"column":60}},"707":{"start":{"line":4519,"column":4},"end":{"line":4524,"column":7}},"708":{"start":{"line":4533,"column":4},"end":{"line":4535,"column":6}},"709":{"start":{"line":4534,"column":19},"end":{"line":4534,"column":58}},"710":{"start":{"line":4544,"column":28},"end":{"line":4544,"column":72}},"711":{"start":{"line":4545,"column":23},"end":{"line":4545,"column":49}},"712":{"start":{"line":4546,"column":18},"end":{"line":4548,"column":5}},"713":{"start":{"line":4547,"column":6},"end":{"line":4547,"column":56}},"714":{"start":{"line":4550,"column":4},"end":{"line":4550,"column":44}},"715":{"start":{"line":4586,"column":4},"end":{"line":4607,"column":5}},"716":{"start":{"line":4587,"column":6},"end":{"line":4606,"column":7}},"717":{"start":{"line":4588,"column":8},"end":{"line":4605,"column":9}},"718":{"start":{"line":4589,"column":31},"end":{"line":4589,"column":50}},"719":{"start":{"line":4590,"column":10},"end":{"line":4590,"column":53}},"720":{"start":{"line":4592,"column":39},"end":{"line":4592,"column":79}},"721":{"start":{"line":4593,"column":10},"end":{"line":4604,"column":11}},"722":{"start":{"line":4594,"column":12},"end":{"line":4594,"column":65}},"723":{"start":{"line":4595,"column":12},"end":{"line":4602,"column":14}},"724":{"start":{"line":4603,"column":12},"end":{"line":4603,"column":19}},"725":{"start":{"line":4610,"column":4},"end":{"line":4616,"column":5}},"726":{"start":{"line":4611,"column":6},"end":{"line":4611,"column":37}},"727":{"start":{"line":4612,"column":11},"end":{"line":4616,"column":5}},"728":{"start":{"line":4613,"column":6},"end":{"line":4613,"column":47}},"729":{"start":{"line":4615,"column":6},"end":{"line":4615,"column":45}},"730":{"start":{"line":4619,"column":16},"end":{"line":4619,"column":48}},"731":{"start":{"line":4620,"column":4},"end":{"line":4620,"column":56}},"732":{"start":{"line":4623,"column":4},"end":{"line":4627,"column":6}},"733":{"start":{"line":4630,"column":4},"end":{"line":4633,"column":5}},"734":{"start":{"line":4632,"column":6},"end":{"line":4632,"column":63}},"735":{"start":{"line":4646,"column":4},"end":{"line":4652,"column":5}},"736":{"start":{"line":4647,"column":6},"end":{"line":4647,"column":37}},"737":{"start":{"line":4648,"column":11},"end":{"line":4652,"column":5}},"738":{"start":{"line":4649,"column":6},"end":{"line":4649,"column":47}},"739":{"start":{"line":4651,"column":6},"end":{"line":4651,"column":45}},"740":{"start":{"line":4655,"column":4},"end":{"line":4659,"column":6}},"741":{"start":{"line":4676,"column":16},"end":{"line":4676,"column":48}},"742":{"start":{"line":4678,"column":31},"end":{"line":4680,"column":5}},"743":{"start":{"line":4681,"column":4},"end":{"line":4685,"column":6}},"744":{"start":{"line":4686,"column":4},"end":{"line":4686,"column":26}},"745":{"start":{"line":4696,"column":31},"end":{"line":4696,"column":63}},"746":{"start":{"line":4698,"column":4},"end":{"line":4700,"column":5}},"747":{"start":{"line":4699,"column":6},"end":{"line":4699,"column":13}},"748":{"start":{"line":4703,"column":16},"end":{"line":4703,"column":48}},"749":{"start":{"line":4704,"column":27},"end":{"line":4704,"column":62}},"750":{"start":{"line":4707,"column":4},"end":{"line":4717,"column":6}},"751":{"start":{"line":4726,"column":8},"end":{"line":4726,"column":23}},"752":{"start":{"line":4728,"column":4},"end":{"line":4750,"column":5}},"753":{"start":{"line":4735,"column":18},"end":{"line":4735,"column":50}},"754":{"start":{"line":4736,"column":42},"end":{"line":4738,"column":7}},"755":{"start":{"line":4740,"column":6},"end":{"line":4749,"column":8}},"756":{"start":{"line":4754,"column":39},"end":{"line":4754,"column":43}},"757":{"start":{"line":4755,"column":4},"end":{"line":4755,"column":70}},"758":{"start":{"line":4768,"column":16},"end":{"line":4768,"column":48}},"759":{"start":{"line":4769,"column":27},"end":{"line":4769,"column":55}},"760":{"start":{"line":4770,"column":4},"end":{"line":4770,"column":39}},"761":{"start":{"line":4781,"column":23},"end":{"line":4781,"column":52}},"762":{"start":{"line":4782,"column":18},"end":{"line":4782,"column":23}},"763":{"start":{"line":4784,"column":28},"end":{"line":4784,"column":33}},"764":{"start":{"line":4786,"column":6},"end":{"line":4786,"column":29}},"765":{"start":{"line":4788,"column":48},"end":{"line":4794,"column":5}},"766":{"start":{"line":4789,"column":6},"end":{"line":4791,"column":7}},"767":{"start":{"line":4790,"column":8},"end":{"line":4790,"column":15}},"768":{"start":{"line":4792,"column":6},"end":{"line":4792,"column":31}},"769":{"start":{"line":4793,"column":6},"end":{"line":4793,"column":23}},"770":{"start":{"line":4796,"column":25},"end":{"line":4808,"column":5}},"771":{"start":{"line":4797,"column":6},"end":{"line":4799,"column":7}},"772":{"start":{"line":4798,"column":8},"end":{"line":4798,"column":15}},"773":{"start":{"line":4801,"column":22},"end":{"line":4801,"column":54}},"774":{"start":{"line":4803,"column":6},"end":{"line":4807,"column":9}},"775":{"start":{"line":4812,"column":4},"end":{"line":4812,"column":39}},"776":{"start":{"line":4814,"column":35},"end":{"line":4817,"column":5}},"777":{"start":{"line":4819,"column":28},"end":{"line":4819,"column":71}},"778":{"start":{"line":4824,"column":42},"end":{"line":4828,"column":12}},"779":{"start":{"line":4826,"column":27},"end":{"line":4826,"column":68}},"780":{"start":{"line":4829,"column":24},"end":{"line":4902,"column":12}},"781":{"start":{"line":4833,"column":12},"end":{"line":4836,"column":14}},"782":{"start":{"line":4837,"column":12},"end":{"line":4841,"column":16}},"783":{"start":{"line":4838,"column":14},"end":{"line":4841,"column":15}},"784":{"start":{"line":4844,"column":12},"end":{"line":4847,"column":14}},"785":{"start":{"line":4848,"column":12},"end":{"line":4852,"column":16}},"786":{"start":{"line":4849,"column":14},"end":{"line":4852,"column":15}},"787":{"start":{"line":4857,"column":35},"end":{"line":4857,"column":56}},"788":{"start":{"line":4859,"column":43},"end":{"line":4861,"column":13}},"789":{"start":{"line":4862,"column":26},"end":{"line":4864,"column":14}},"790":{"start":{"line":4865,"column":12},"end":{"line":4871,"column":14}},"791":{"start":{"line":4874,"column":12},"end":{"line":4874,"column":59}},"792":{"start":{"line":4876,"column":43},"end":{"line":4878,"column":13}},"793":{"start":{"line":4884,"column":32},"end":{"line":4886,"column":14}},"794":{"start":{"line":4887,"column":12},"end":{"line":4889,"column":14}},"795":{"start":{"line":4892,"column":12},"end":{"line":4894,"column":13}},"796":{"start":{"line":4893,"column":14},"end":{"line":4893,"column":21}},"797":{"start":{"line":4895,"column":12},"end":{"line":4899,"column":15}},"798":{"start":{"line":4904,"column":16},"end":{"line":4923,"column":5}},"799":{"start":{"line":4910,"column":8},"end":{"line":4910,"column":46}},"800":{"start":{"line":4911,"column":8},"end":{"line":4911,"column":23}},"801":{"start":{"line":4912,"column":8},"end":{"line":4912,"column":23}},"802":{"start":{"line":4914,"column":29},"end":{"line":4914,"column":61}},"803":{"start":{"line":4922,"column":8},"end":{"line":4922,"column":56}},"804":{"start":{"line":4925,"column":4},"end":{"line":4925,"column":36}},"805":{"start":{"line":4928,"column":4},"end":{"line":4928,"column":42}},"806":{"start":{"line":4929,"column":4},"end":{"line":4929,"column":79}},"807":{"start":{"line":4932,"column":4},"end":{"line":4932,"column":63}},"808":{"start":{"line":4934,"column":24},"end":{"line":4949,"column":5}},"809":{"start":{"line":4935,"column":6},"end":{"line":4937,"column":7}},"810":{"start":{"line":4936,"column":8},"end":{"line":4936,"column":15}},"811":{"start":{"line":4940,"column":27},"end":{"line":4940,"column":42}},"812":{"start":{"line":4941,"column":6},"end":{"line":4941,"column":24}},"813":{"start":{"line":4944,"column":6},"end":{"line":4948,"column":9}},"814":{"start":{"line":4951,"column":4},"end":{"line":4955,"column":5}},"815":{"start":{"line":4952,"column":6},"end":{"line":4952,"column":20}},"816":{"start":{"line":4954,"column":6},"end":{"line":4954,"column":44}},"817":{"start":{"line":4957,"column":32},"end":{"line":4978,"column":5}},"818":{"start":{"line":4958,"column":6},"end":{"line":4977,"column":7}},"819":{"start":{"line":4959,"column":8},"end":{"line":4959,"column":46}},"820":{"start":{"line":4960,"column":8},"end":{"line":4963,"column":10}},"821":{"start":{"line":4964,"column":8},"end":{"line":4964,"column":36}},"822":{"start":{"line":4965,"column":8},"end":{"line":4965,"column":46}},"823":{"start":{"line":4966,"column":8},"end":{"line":4966,"column":52}},"824":{"start":{"line":4967,"column":8},"end":{"line":4967,"column":29}},"825":{"start":{"line":4968,"column":8},"end":{"line":4968,"column":39}},"826":{"start":{"line":4969,"column":8},"end":{"line":4969,"column":31}},"827":{"start":{"line":4970,"column":8},"end":{"line":4970,"column":47}},"828":{"start":{"line":4971,"column":8},"end":{"line":4976,"column":9}},"829":{"start":{"line":4975,"column":10},"end":{"line":4975,"column":42}},"830":{"start":{"line":4997,"column":4},"end":{"line":4997,"column":33}},"831":{"start":{"line":4998,"column":4},"end":{"line":4998,"column":45}},"832":{"start":{"line":4999,"column":4},"end":{"line":4999,"column":49}},"833":{"start":{"line":5000,"column":4},"end":{"line":5000,"column":47}},"834":{"start":{"line":5002,"column":4},"end":{"line":5002,"column":30}},"835":{"start":{"line":5014,"column":4},"end":{"line":5020,"column":5}},"836":{"start":{"line":5015,"column":6},"end":{"line":5015,"column":31}},"837":{"start":{"line":5016,"column":11},"end":{"line":5020,"column":5}},"838":{"start":{"line":5017,"column":6},"end":{"line":5017,"column":29}},"839":{"start":{"line":5019,"column":6},"end":{"line":5019,"column":42}},"840":{"start":{"line":5022,"column":4},"end":{"line":5028,"column":5}},"841":{"start":{"line":5023,"column":6},"end":{"line":5027,"column":9}},"842":{"start":{"line":5031,"column":4},"end":{"line":5033,"column":5}},"843":{"start":{"line":5032,"column":6},"end":{"line":5032,"column":28}},"844":{"start":{"line":5035,"column":24},"end":{"line":5035,"column":30}},"845":{"start":{"line":5037,"column":26},"end":{"line":5037,"column":32}},"846":{"start":{"line":5038,"column":4},"end":{"line":5041,"column":5}},"847":{"start":{"line":5040,"column":6},"end":{"line":5040,"column":55}},"848":{"start":{"line":5043,"column":19},"end":{"line":5050,"column":6}},"849":{"start":{"line":5052,"column":32},"end":{"line":5052,"column":59}},"850":{"start":{"line":5055,"column":27},"end":{"line":5055,"column":57}},"851":{"start":{"line":5057,"column":25},"end":{"line":5061,"column":6}},"852":{"start":{"line":5063,"column":4},"end":{"line":5077,"column":6}},"853":{"start":{"line":5070,"column":8},"end":{"line":5070,"column":25}},"854":{"start":{"line":5071,"column":8},"end":{"line":5071,"column":68}},"855":{"start":{"line":5073,"column":8},"end":{"line":5075,"column":9}},"856":{"start":{"line":5074,"column":10},"end":{"line":5074,"column":25}},"857":{"start":{"line":5080,"column":4},"end":{"line":5082,"column":5}},"858":{"start":{"line":5081,"column":6},"end":{"line":5081,"column":63}},"859":{"start":{"line":5094,"column":4},"end":{"line":5100,"column":5}},"860":{"start":{"line":5095,"column":6},"end":{"line":5095,"column":31}},"861":{"start":{"line":5096,"column":11},"end":{"line":5100,"column":5}},"862":{"start":{"line":5097,"column":6},"end":{"line":5097,"column":29}},"863":{"start":{"line":5099,"column":6},"end":{"line":5099,"column":42}},"864":{"start":{"line":5102,"column":4},"end":{"line":5108,"column":5}},"865":{"start":{"line":5103,"column":6},"end":{"line":5107,"column":9}},"866":{"start":{"line":5111,"column":4},"end":{"line":5113,"column":5}},"867":{"start":{"line":5112,"column":6},"end":{"line":5112,"column":28}},"868":{"start":{"line":5115,"column":24},"end":{"line":5115,"column":30}},"869":{"start":{"line":5117,"column":26},"end":{"line":5117,"column":32}},"870":{"start":{"line":5118,"column":4},"end":{"line":5120,"column":5}},"871":{"start":{"line":5119,"column":6},"end":{"line":5119,"column":55}},"872":{"start":{"line":5122,"column":32},"end":{"line":5129,"column":6}},"873":{"start":{"line":5131,"column":32},"end":{"line":5131,"column":59}},"874":{"start":{"line":5134,"column":27},"end":{"line":5134,"column":57}},"875":{"start":{"line":5136,"column":25},"end":{"line":5140,"column":6}},"876":{"start":{"line":5147,"column":4},"end":{"line":5150,"column":6}},"877":{"start":{"line":5148,"column":12},"end":{"line":5148,"column":68}},"878":{"start":{"line":5152,"column":4},"end":{"line":5166,"column":6}},"879":{"start":{"line":5159,"column":8},"end":{"line":5159,"column":18}},"880":{"start":{"line":5160,"column":8},"end":{"line":5160,"column":68}},"881":{"start":{"line":5162,"column":8},"end":{"line":5164,"column":9}},"882":{"start":{"line":5163,"column":10},"end":{"line":5163,"column":25}},"883":{"start":{"line":5177,"column":4},"end":{"line":5278,"column":6}},"884":{"start":{"line":5186,"column":8},"end":{"line":5199,"column":9}},"885":{"start":{"line":5187,"column":10},"end":{"line":5191,"column":12}},"886":{"start":{"line":5193,"column":10},"end":{"line":5198,"column":11}},"887":{"start":{"line":5197,"column":12},"end":{"line":5197,"column":20}},"888":{"start":{"line":5201,"column":8},"end":{"line":5201,"column":25}},"889":{"start":{"line":5204,"column":8},"end":{"line":5217,"column":10}},"890":{"start":{"line":5230,"column":8},"end":{"line":5242,"column":9}},"891":{"start":{"line":5236,"column":10},"end":{"line":5239,"column":12}},"892":{"start":{"line":5241,"column":10},"end":{"line":5241,"column":73}},"893":{"start":{"line":5250,"column":10},"end":{"line":5250,"column":53}},"894":{"start":{"line":5251,"column":8},"end":{"line":5255,"column":9}},"895":{"start":{"line":5252,"column":10},"end":{"line":5254,"column":13}},"896":{"start":{"line":5258,"column":8},"end":{"line":5258,"column":64}},"897":{"start":{"line":5261,"column":8},"end":{"line":5264,"column":10}},"898":{"start":{"line":5277,"column":8},"end":{"line":5277,"column":49}},"899":{"start":{"line":5300,"column":19},"end":{"line":5300,"column":38}},"900":{"start":{"line":5303,"column":4},"end":{"line":5303,"column":52}},"901":{"start":{"line":5306,"column":4},"end":{"line":5308,"column":5}},"902":{"start":{"line":5307,"column":6},"end":{"line":5307,"column":72}},"903":{"start":{"line":5311,"column":4},"end":{"line":5311,"column":75}},"904":{"start":{"line":5319,"column":6},"end":{"line":5319,"column":71}},"905":{"start":{"line":5323,"column":29},"end":{"line":5323,"column":64}},"906":{"start":{"line":5324,"column":32},"end":{"line":5324,"column":70}},"907":{"start":{"line":5325,"column":4},"end":{"line":5327,"column":6}},"908":{"start":{"line":5326,"column":6},"end":{"line":5326,"column":42}},"909":{"start":{"line":5330,"column":4},"end":{"line":5332,"column":5}},"910":{"start":{"line":5331,"column":6},"end":{"line":5331,"column":52}},"911":{"start":{"line":5335,"column":4},"end":{"line":5337,"column":5}},"912":{"start":{"line":5336,"column":6},"end":{"line":5336,"column":56}},"913":{"start":{"line":5339,"column":4},"end":{"line":5339,"column":52}},"914":{"start":{"line":5340,"column":4},"end":{"line":5340,"column":65}},"915":{"start":{"line":5342,"column":4},"end":{"line":5342,"column":43}},"916":{"start":{"line":5344,"column":4},"end":{"line":5355,"column":6}},"917":{"start":{"line":5358,"column":4},"end":{"line":5358,"column":48}},"918":{"start":{"line":5360,"column":4},"end":{"line":5370,"column":6}},"919":{"start":{"line":5372,"column":4},"end":{"line":5390,"column":6}},"920":{"start":{"line":5392,"column":4},"end":{"line":5399,"column":6}},"921":{"start":{"line":5401,"column":4},"end":{"line":5408,"column":6}},"922":{"start":{"line":5410,"column":37},"end":{"line":5413,"column":6}},"923":{"start":{"line":5414,"column":4},"end":{"line":5422,"column":7}},"924":{"start":{"line":5424,"column":4},"end":{"line":5434,"column":6}},"925":{"start":{"line":5436,"column":4},"end":{"line":5436,"column":53}},"926":{"start":{"line":5438,"column":4},"end":{"line":5459,"column":5}},"927":{"start":{"line":5439,"column":6},"end":{"line":5458,"column":8}},"928":{"start":{"line":5446,"column":12},"end":{"line":5448,"column":48}},"929":{"start":{"line":5448,"column":32},"end":{"line":5448,"column":47}},"930":{"start":{"line":5450,"column":12},"end":{"line":5456,"column":13}},"931":{"start":{"line":5461,"column":4},"end":{"line":5461,"column":76}},"932":{"start":{"line":5465,"column":4},"end":{"line":5469,"column":6}},"933":{"start":{"line":5471,"column":4},"end":{"line":5511,"column":5}},"934":{"start":{"line":5472,"column":6},"end":{"line":5477,"column":8}},"935":{"start":{"line":5480,"column":6},"end":{"line":5489,"column":8}},"936":{"start":{"line":5482,"column":10},"end":{"line":5487,"column":11}},"937":{"start":{"line":5493,"column":6},"end":{"line":5510,"column":8}},"938":{"start":{"line":5496,"column":12},"end":{"line":5502,"column":14}},"939":{"start":{"line":5504,"column":12},"end":{"line":5508,"column":14}},"940":{"start":{"line":5513,"column":4},"end":{"line":5522,"column":5}},"941":{"start":{"line":5514,"column":6},"end":{"line":5521,"column":8}},"942":{"start":{"line":5524,"column":53},"end":{"line":5527,"column":6}},"943":{"start":{"line":5529,"column":4},"end":{"line":5532,"column":7}},"944":{"start":{"line":5536,"column":4},"end":{"line":5540,"column":6}},"945":{"start":{"line":5544,"column":4},"end":{"line":5618,"column":6}},"946":{"start":{"line":5551,"column":10},"end":{"line":5577,"column":12}},"947":{"start":{"line":5584,"column":13},"end":{"line":5584,"column":75}},"948":{"start":{"line":5591,"column":10},"end":{"line":5599,"column":11}},"949":{"start":{"line":5601,"column":10},"end":{"line":5612,"column":11}},"950":{"start":{"line":5602,"column":12},"end":{"line":5604,"column":15}},"951":{"start":{"line":5611,"column":12},"end":{"line":5611,"column":27}},"952":{"start":{"line":5616,"column":10},"end":{"line":5616,"column":56}},"953":{"start":{"line":5620,"column":4},"end":{"line":5698,"column":6}},"954":{"start":{"line":5629,"column":35},"end":{"line":5631,"column":13}},"955":{"start":{"line":5633,"column":12},"end":{"line":5633,"column":61}},"956":{"start":{"line":5636,"column":12},"end":{"line":5636,"column":48}},"957":{"start":{"line":5639,"column":12},"end":{"line":5643,"column":14}},"958":{"start":{"line":5648,"column":12},"end":{"line":5648,"column":60}},"959":{"start":{"line":5651,"column":12},"end":{"line":5677,"column":14}},"960":{"start":{"line":5684,"column":25},"end":{"line":5684,"column":39}},"961":{"start":{"line":5685,"column":32},"end":{"line":5685,"column":53}},"962":{"start":{"line":5686,"column":12},"end":{"line":5688,"column":19}},"963":{"start":{"line":5700,"column":4},"end":{"line":5700,"column":34}},"964":{"start":{"line":5701,"column":4},"end":{"line":5701,"column":48}},"965":{"start":{"line":5703,"column":4},"end":{"line":5703,"column":41}},"966":{"start":{"line":5705,"column":4},"end":{"line":5705,"column":40}},"967":{"start":{"line":5707,"column":4},"end":{"line":5709,"column":5}},"968":{"start":{"line":5708,"column":6},"end":{"line":5708,"column":42}},"969":{"start":{"line":5711,"column":4},"end":{"line":5711,"column":60}},"970":{"start":{"line":5713,"column":4},"end":{"line":5713,"column":18}},"971":{"start":{"line":5735,"column":19},"end":{"line":5735,"column":38}},"972":{"start":{"line":5738,"column":4},"end":{"line":5738,"column":52}},"973":{"start":{"line":5741,"column":4},"end":{"line":5743,"column":5}},"974":{"start":{"line":5742,"column":6},"end":{"line":5742,"column":72}},"975":{"start":{"line":5746,"column":4},"end":{"line":5748,"column":5}},"976":{"start":{"line":5747,"column":6},"end":{"line":5747,"column":52}},"977":{"start":{"line":5751,"column":4},"end":{"line":5753,"column":5}},"978":{"start":{"line":5752,"column":6},"end":{"line":5752,"column":56}},"979":{"start":{"line":5755,"column":4},"end":{"line":5755,"column":52}},"980":{"start":{"line":5757,"column":4},"end":{"line":5778,"column":7}},"981":{"start":{"line":5758,"column":21},"end":{"line":5758,"column":37}},"982":{"start":{"line":5760,"column":8},"end":{"line":5765,"column":12}},"983":{"start":{"line":5766,"column":6},"end":{"line":5776,"column":7}},"984":{"start":{"line":5775,"column":8},"end":{"line":5775,"column":79}},"985":{"start":{"line":5777,"column":6},"end":{"line":5777,"column":20}},"986":{"start":{"line":5780,"column":37},"end":{"line":5783,"column":6}},"987":{"start":{"line":5784,"column":4},"end":{"line":5792,"column":7}},"988":{"start":{"line":5794,"column":4},"end":{"line":5804,"column":6}},"989":{"start":{"line":5806,"column":4},"end":{"line":5806,"column":57}},"990":{"start":{"line":5813,"column":4},"end":{"line":5825,"column":6}},"991":{"start":{"line":5818,"column":10},"end":{"line":5821,"column":11}},"992":{"start":{"line":5831,"column":4},"end":{"line":5893,"column":6}},"993":{"start":{"line":5841,"column":10},"end":{"line":5845,"column":11}},"994":{"start":{"line":5855,"column":10},"end":{"line":5855,"column":62}},"995":{"start":{"line":5867,"column":10},"end":{"line":5873,"column":11}},"996":{"start":{"line":5879,"column":10},"end":{"line":5889,"column":11}},"997":{"start":{"line":5895,"column":4},"end":{"line":5903,"column":6}},"998":{"start":{"line":5905,"column":4},"end":{"line":5914,"column":5}},"999":{"start":{"line":5906,"column":6},"end":{"line":5913,"column":8}},"1000":{"start":{"line":5919,"column":4},"end":{"line":5923,"column":6}},"1001":{"start":{"line":5925,"column":4},"end":{"line":5935,"column":6}},"1002":{"start":{"line":5941,"column":4},"end":{"line":5948,"column":6}},"1003":{"start":{"line":5950,"column":4},"end":{"line":5950,"column":41}},"1004":{"start":{"line":5952,"column":4},"end":{"line":5952,"column":40}},"1005":{"start":{"line":5954,"column":4},"end":{"line":5982,"column":5}},"1006":{"start":{"line":5955,"column":27},"end":{"line":5959,"column":7}},"1007":{"start":{"line":5962,"column":28},"end":{"line":5964,"column":8}},"1008":{"start":{"line":5968,"column":6},"end":{"line":5979,"column":9}},"1009":{"start":{"line":5969,"column":8},"end":{"line":5978,"column":9}},"1010":{"start":{"line":5973,"column":10},"end":{"line":5977,"column":13}},"1011":{"start":{"line":5984,"column":37},"end":{"line":5988,"column":5}},"1012":{"start":{"line":5985,"column":6},"end":{"line":5987,"column":7}},"1013":{"start":{"line":5986,"column":8},"end":{"line":5986,"column":45}},"1014":{"start":{"line":5990,"column":4},"end":{"line":5993,"column":6}},"1015":{"start":{"line":5995,"column":4},"end":{"line":6000,"column":6}},"1016":{"start":{"line":6002,"column":4},"end":{"line":6008,"column":7}},"1017":{"start":{"line":6003,"column":27},"end":{"line":6005,"column":7}},"1018":{"start":{"line":6006,"column":6},"end":{"line":6006,"column":47}},"1019":{"start":{"line":6007,"column":6},"end":{"line":6007,"column":19}},"1020":{"start":{"line":6010,"column":20},"end":{"line":6016,"column":5}},"1021":{"start":{"line":6011,"column":6},"end":{"line":6011,"column":23}},"1022":{"start":{"line":6012,"column":6},"end":{"line":6015,"column":8}},"1023":{"start":{"line":6018,"column":4},"end":{"line":6018,"column":31}},"1024":{"start":{"line":6033,"column":25},"end":{"line":6033,"column":62}},"1025":{"start":{"line":6035,"column":4},"end":{"line":6041,"column":7}},"1026":{"start":{"line":6036,"column":6},"end":{"line":6036,"column":29}},"1027":{"start":{"line":6038,"column":6},"end":{"line":6040,"column":7}},"1028":{"start":{"line":6039,"column":8},"end":{"line":6039,"column":23}},"1029":{"start":{"line":6057,"column":4},"end":{"line":6059,"column":5}},"1030":{"start":{"line":6058,"column":6},"end":{"line":6058,"column":18}},"1031":{"start":{"line":6061,"column":4},"end":{"line":6063,"column":5}},"1032":{"start":{"line":6062,"column":6},"end":{"line":6062,"column":36}},"1033":{"start":{"line":6065,"column":15},"end":{"line":6065,"column":23}},"1034":{"start":{"line":6066,"column":4},"end":{"line":6070,"column":6}},"1035":{"start":{"line":6072,"column":4},"end":{"line":6072,"column":14}},"1036":{"start":{"line":6083,"column":24},"end":{"line":6083,"column":48}},"1037":{"start":{"line":6084,"column":4},"end":{"line":6086,"column":5}},"1038":{"start":{"line":6085,"column":6},"end":{"line":6085,"column":13}},"1039":{"start":{"line":6088,"column":4},"end":{"line":6088,"column":27}},"1040":{"start":{"line":6090,"column":4},"end":{"line":6092,"column":5}},"1041":{"start":{"line":6091,"column":6},"end":{"line":6091,"column":38}},"1042":{"start":{"line":6109,"column":24},"end":{"line":6109,"column":48}},"1043":{"start":{"line":6110,"column":4},"end":{"line":6119,"column":5}},"1044":{"start":{"line":6111,"column":6},"end":{"line":6118,"column":9}},"1045":{"start":{"line":6112,"column":8},"end":{"line":6114,"column":9}},"1046":{"start":{"line":6113,"column":10},"end":{"line":6113,"column":17}},"1047":{"start":{"line":6115,"column":8},"end":{"line":6117,"column":9}},"1048":{"start":{"line":6116,"column":10},"end":{"line":6116,"column":52}},"1049":{"start":{"line":6138,"column":6},"end":{"line":6140,"column":23}},"1050":{"start":{"line":6139,"column":22},"end":{"line":6139,"column":37}},"1051":{"start":{"line":6140,"column":16},"end":{"line":6140,"column":23}},"1052":{"start":{"line":6142,"column":4},"end":{"line":6153,"column":7}},"1053":{"start":{"line":6143,"column":6},"end":{"line":6152,"column":9}},"1054":{"start":{"line":6144,"column":8},"end":{"line":6146,"column":9}},"1055":{"start":{"line":6145,"column":10},"end":{"line":6145,"column":17}},"1056":{"start":{"line":6147,"column":8},"end":{"line":6151,"column":9}},"1057":{"start":{"line":6148,"column":10},"end":{"line":6148,"column":64}},"1058":{"start":{"line":6150,"column":10},"end":{"line":6150,"column":29}},"1059":{"start":{"line":6168,"column":4},"end":{"line":6174,"column":5}},"1060":{"start":{"line":6169,"column":6},"end":{"line":6171,"column":7}},"1061":{"start":{"line":6170,"column":8},"end":{"line":6170,"column":56}},"1062":{"start":{"line":6173,"column":6},"end":{"line":6173,"column":25}},"1063":{"start":{"line":6182,"column":4},"end":{"line":6184,"column":6}},"1064":{"start":{"line":6189,"column":4},"end":{"line":6189,"column":24}},"1065":{"start":{"line":6199,"column":4},"end":{"line":6199,"column":22}},"1066":{"start":{"line":6201,"column":4},"end":{"line":6201,"column":39}},"1067":{"start":{"line":6202,"column":4},"end":{"line":6202,"column":36}},"1068":{"start":{"line":6214,"column":4},"end":{"line":6214,"column":77}},"1069":{"start":{"line":6215,"column":4},"end":{"line":6215,"column":30}},"1070":{"start":{"line":6226,"column":4},"end":{"line":6226,"column":41}},"1071":{"start":{"line":6233,"column":4},"end":{"line":6233,"column":51}},"1072":{"start":{"line":6241,"column":4},"end":{"line":6244,"column":7}},"1073":{"start":{"line":6252,"column":21},"end":{"line":6252,"column":52}},"1074":{"start":{"line":6253,"column":31},"end":{"line":6253,"column":69}},"1075":{"start":{"line":6254,"column":4},"end":{"line":6258,"column":5}},"1076":{"start":{"line":6256,"column":6},"end":{"line":6256,"column":43}},"1077":{"start":{"line":6257,"column":6},"end":{"line":6257,"column":13}},"1078":{"start":{"line":6259,"column":4},"end":{"line":6263,"column":7}},"1079":{"start":{"line":6265,"column":4},"end":{"line":6265,"column":41}},"1080":{"start":{"line":6276,"column":42},"end":{"line":6279,"column":5}},"1081":{"start":{"line":6281,"column":25},"end":{"line":6281,"column":61}},"1082":{"start":{"line":6283,"column":4},"end":{"line":6283,"column":18}},"1083":{"start":{"line":6284,"column":4},"end":{"line":6284,"column":24}},"1084":{"start":{"line":6288,"column":30},"end":{"line":6433,"column":5}},"1085":{"start":{"line":6291,"column":8},"end":{"line":6294,"column":9}},"1086":{"start":{"line":6301,"column":49},"end":{"line":6301,"column":79}},"1087":{"start":{"line":6302,"column":8},"end":{"line":6302,"column":64}},"1088":{"start":{"line":6305,"column":8},"end":{"line":6329,"column":10}},"1089":{"start":{"line":6333,"column":8},"end":{"line":6335,"column":51}},"1090":{"start":{"line":6340,"column":8},"end":{"line":6340,"column":59}},"1091":{"start":{"line":6342,"column":8},"end":{"line":6342,"column":60}},"1092":{"start":{"line":6348,"column":8},"end":{"line":6348,"column":71}},"1093":{"start":{"line":6348,"column":58},"end":{"line":6348,"column":70}},"1094":{"start":{"line":6350,"column":8},"end":{"line":6350,"column":58}},"1095":{"start":{"line":6351,"column":32},"end":{"line":6351,"column":68}},"1096":{"start":{"line":6353,"column":8},"end":{"line":6353,"column":72}},"1097":{"start":{"line":6356,"column":8},"end":{"line":6356,"column":79}},"1098":{"start":{"
[...]
olumn":60}},"type":"binary-expr","locations":[{"start":{"line":222,"column":18},"end":{"line":222,"column":28}},{"start":{"line":222,"column":32},"end":{"line":222,"column":60}}],"line":222},"14":{"loc":{"start":{"line":241,"column":10},"end":{"line":243,"column":11}},"type":"if","locations":[{"start":{"line":241,"column":10},"end":{"line":243,"column":11}},{"start":{},"end":{}}],"line":241},"15":{"loc":{"start":{"line":241,"column":14},"end":{"line":241,"column":55}},"type":"binary-expr","locations":[{"start":{"line":241,"column":14},"end":{"line":241,"column":23}},{"start":{"line":241,"column":27},"end":{"line":241,"column":55}}],"line":241},"16":{"loc":{"start":{"line":246,"column":14},"end":{"line":248,"column":15}},"type":"if","locations":[{"start":{"line":246,"column":14},"end":{"line":248,"column":15}},{"start":{},"end":{}}],"line":246},"17":{"loc":{"start":{"line":246,"column":18},"end":{"line":246,"column":61}},"type":"binary-expr","locations":[{"start":{"line":246,"column":18},"end":{"line":246,"column":28}},{"start":{"line":246,"column":32},"end":{"line":246,"column":61}}],"line":246},"18":{"loc":{"start":{"line":247,"column":21},"end":{"line":247,"column":33}},"type":"binary-expr","locations":[{"start":{"line":247,"column":21},"end":{"line":247,"column":25}},{"start":{"line":247,"column":29},"end":{"line":247,"column":33}}],"line":247},"19":{"loc":{"start":{"line":255,"column":14},"end":{"line":257,"column":15}},"type":"if","locations":[{"start":{"line":255,"column":14},"end":{"line":257,"column":15}},{"start":{},"end":{}}],"line":255},"20":{"loc":{"start":{"line":255,"column":18},"end":{"line":255,"column":61}},"type":"binary-expr","locations":[{"start":{"line":255,"column":18},"end":{"line":255,"column":28}},{"start":{"line":255,"column":32},"end":{"line":255,"column":61}}],"line":255},"21":{"loc":{"start":{"line":274,"column":10},"end":{"line":276,"column":11}},"type":"if","locations":[{"start":{"line":274,"column":10},"end":{"line":276,"column":11}},{"start":{},"end":{}}],"line":274},"22":{"loc":{"start":{"line":274,"column":14},"end":{"line":274,"column":55}},"type":"binary-expr","locations":[{"start":{"line":274,"column":14},"end":{"line":274,"column":23}},{"start":{"line":274,"column":27},"end":{"line":274,"column":55}}],"line":274},"23":{"loc":{"start":{"line":282,"column":14},"end":{"line":284,"column":15}},"type":"if","locations":[{"start":{"line":282,"column":14},"end":{"line":284,"column":15}},{"start":{},"end":{}}],"line":282},"24":{"loc":{"start":{"line":282,"column":18},"end":{"line":282,"column":61}},"type":"binary-expr","locations":[{"start":{"line":282,"column":18},"end":{"line":282,"column":28}},{"start":{"line":282,"column":32},"end":{"line":282,"column":61}}],"line":282},"25":{"loc":{"start":{"line":283,"column":37},"end":{"line":283,"column":58}},"type":"binary-expr","locations":[{"start":{"line":283,"column":37},"end":{"line":283,"column":41}},{"start":{"line":283,"column":45},"end":{"line":283,"column":58}}],"line":283},"26":{"loc":{"start":{"line":287,"column":14},"end":{"line":289,"column":15}},"type":"if","locations":[{"start":{"line":287,"column":14},"end":{"line":289,"column":15}},{"start":{},"end":{}}],"line":287},"27":{"loc":{"start":{"line":294,"column":14},"end":{"line":296,"column":15}},"type":"if","locations":[{"start":{"line":294,"column":14},"end":{"line":296,"column":15}},{"start":{},"end":{}}],"line":294},"28":{"loc":{"start":{"line":373,"column":4},"end":{"line":375,"column":5}},"type":"if","locations":[{"start":{"line":373,"column":4},"end":{"line":375,"column":5}},{"start":{},"end":{}}],"line":373},"29":{"loc":{"start":{"line":451,"column":4},"end":{"line":451,"column":23}},"type":"default-arg","locations":[{"start":{"line":451,"column":19},"end":{"line":451,"column":23}}],"line":451},"30":{"loc":{"start":{"line":457,"column":6},"end":{"line":459,"column":7}},"type":"if","locations":[{"start":{"line":457,"column":6},"end":{"line":459,"column":7}},{"start":{},"end":{}}],"line":457},"31":{"loc":{"start":{"line":463,"column":4},"end":{"line":465,"column":5}},"type":"if","locations":[{"start":{"line":463,"column":4},"end":{"line":465,"column":5}},{"start":{},"end":{}}],"line":463},"32":{"loc":{"start":{"line":469,"column":6},"end":{"line":497,"column":7}},"type":"if","locations":[{"start":{"line":469,"column":6},"end":{"line":497,"column":7}},{"start":{},"end":{}}],"line":469},"33":{"loc":{"start":{"line":470,"column":8},"end":{"line":490,"column":9}},"type":"if","locations":[{"start":{"line":470,"column":8},"end":{"line":490,"column":9}},{"start":{},"end":{}}],"line":470},"34":{"loc":{"start":{"line":471,"column":29},"end":{"line":471,"column":59}},"type":"binary-expr","locations":[{"start":{"line":471,"column":29},"end":{"line":471,"column":53}},{"start":{"line":471,"column":57},"end":{"line":471,"column":59}}],"line":471},"35":{"loc":{"start":{"line":472,"column":29},"end":{"line":472,"column":57}},"type":"binary-expr","locations":[{"start":{"line":472,"column":29},"end":{"line":472,"column":51}},{"start":{"line":472,"column":55},"end":{"line":472,"column":57}}],"line":472},"36":{"loc":{"start":{"line":473,"column":29},"end":{"line":473,"column":59}},"type":"binary-expr","locations":[{"start":{"line":473,"column":29},"end":{"line":473,"column":53}},{"start":{"line":473,"column":57},"end":{"line":473,"column":59}}],"line":473},"37":{"loc":{"start":{"line":474,"column":29},"end":{"line":474,"column":57}},"type":"binary-expr","locations":[{"start":{"line":474,"column":29},"end":{"line":474,"column":51}},{"start":{"line":474,"column":55},"end":{"line":474,"column":57}}],"line":474},"38":{"loc":{"start":{"line":476,"column":12},"end":{"line":479,"column":78}},"type":"binary-expr","locations":[{"start":{"line":476,"column":12},"end":{"line":476,"column":37}},{"start":{"line":477,"column":13},"end":{"line":477,"column":23}},{"start":{"line":478,"column":14},"end":{"line":478,"column":24}},{"start":{"line":479,"column":14},"end":{"line":479,"column":77}}],"line":476},"39":{"loc":{"start":{"line":481,"column":12},"end":{"line":484,"column":78}},"type":"binary-expr","locations":[{"start":{"line":481,"column":12},"end":{"line":481,"column":37}},{"start":{"line":482,"column":13},"end":{"line":482,"column":23}},{"start":{"line":483,"column":14},"end":{"line":483,"column":24}},{"start":{"line":484,"column":14},"end":{"line":484,"column":77}}],"line":481},"40":{"loc":{"start":{"line":486,"column":10},"end":{"line":489,"column":11}},"type":"if","locations":[{"start":{"line":486,"column":10},"end":{"line":489,"column":11}},{"start":{},"end":{}}],"line":486},"41":{"loc":{"start":{"line":486,"column":14},"end":{"line":486,"column":36}},"type":"binary-expr","locations":[{"start":{"line":486,"column":14},"end":{"line":486,"column":23}},{"start":{"line":486,"column":27},"end":{"line":486,"column":36}}],"line":486},"42":{"loc":{"start":{"line":514,"column":4},"end":{"line":517,"column":5}},"type":"if","locations":[{"start":{"line":514,"column":4},"end":{"line":517,"column":5}},{"start":{},"end":{}}],"line":514},"43":{"loc":{"start":{"line":522,"column":4},"end":{"line":524,"column":5}},"type":"if","locations":[{"start":{"line":522,"column":4},"end":{"line":524,"column":5}},{"start":{},"end":{}}],"line":522},"44":{"loc":{"start":{"line":528,"column":4},"end":{"line":545,"column":5}},"type":"if","locations":[{"start":{"line":528,"column":4},"end":{"line":545,"column":5}},{"start":{},"end":{}}],"line":528},"45":{"loc":{"start":{"line":559,"column":4},"end":{"line":561,"column":5}},"type":"if","locations":[{"start":{"line":559,"column":4},"end":{"line":561,"column":5}},{"start":{},"end":{}}],"line":559},"46":{"loc":{"start":{"line":563,"column":4},"end":{"line":565,"column":5}},"type":"if","locations":[{"start":{"line":563,"column":4},"end":{"line":565,"column":5}},{"start":{},"end":{}}],"line":563},"47":{"loc":{"start":{"line":568,"column":4},"end":{"line":571,"column":5}},"type":"if","locations":[{"start":{"line":568,"column":4},"end":{"line":571,"column":5}},{"start":{},"end":{}}],"line":568},"48":{"loc":{"start":{"line":574,"column":6},"end":{"line":574,"column":67}},"type":"binary-expr","locations":[{"start":{"line":574,"column":6},"end":{"line":574,"column":38}},{"start":{"line":574,"column":42},"end":{"line":574,"column":67}}],"line":574},"49":{"loc":{"start":{"line":584,"column":8},"end":{"line":586,"column":9}},"type":"if","locations":[{"start":{"line":584,"column":8},"end":{"line":586,"column":9}},{"start":{},"end":{}}],"line":584},"50":{"loc":{"start":{"line":588,"column":10},"end":{"line":590,"column":11}},"type":"if","locations":[{"start":{"line":588,"column":10},"end":{"line":590,"column":11}},{"start":{},"end":{}}],"line":588},"51":{"loc":{"start":{"line":591,"column":10},"end":{"line":593,"column":11}},"type":"if","locations":[{"start":{"line":591,"column":10},"end":{"line":593,"column":11}},{"start":{},"end":{}}],"line":591},"52":{"loc":{"start":{"line":596,"column":10},"end":{"line":598,"column":11}},"type":"if","locations":[{"start":{"line":596,"column":10},"end":{"line":598,"column":11}},{"start":{},"end":{}}],"line":596},"53":{"loc":{"start":{"line":600,"column":10},"end":{"line":602,"column":11}},"type":"if","locations":[{"start":{"line":600,"column":10},"end":{"line":602,"column":11}},{"start":{},"end":{}}],"line":600},"54":{"loc":{"start":{"line":604,"column":10},"end":{"line":606,"column":11}},"type":"if","locations":[{"start":{"line":604,"column":10},"end":{"line":606,"column":11}},{"start":{},"end":{}}],"line":604},"55":{"loc":{"start":{"line":609,"column":10},"end":{"line":611,"column":11}},"type":"if","locations":[{"start":{"line":609,"column":10},"end":{"line":611,"column":11}},{"start":{},"end":{}}],"line":609},"56":{"loc":{"start":{"line":639,"column":4},"end":{"line":641,"column":5}},"type":"if","locations":[{"start":{"line":639,"column":4},"end":{"line":641,"column":5}},{"start":{},"end":{}}],"line":639},"57":{"loc":{"start":{"line":639,"column":8},"end":{"line":639,"column":60}},"type":"binary-expr","locations":[{"start":{"line":639,"column":8},"end":{"line":639,"column":24}},{"start":{"line":639,"column":28},"end":{"line":639,"column":60}}],"line":639},"58":{"loc":{"start":{"line":644,"column":4},"end":{"line":725,"column":5}},"type":"switch","locations":[{"start":{"line":645,"column":6},"end":{"line":656,"column":7}},{"start":{"line":657,"column":6},"end":{"line":659,"column":14}},{"start":{"line":660,"column":6},"end":{"line":664,"column":7}},{"start":{"line":665,"column":6},"end":{"line":667,"column":14}},{"start":{"line":668,"column":6},"end":{"line":681,"column":7}},{"start":{"line":682,"column":6},"end":{"line":684,"column":14}},{"start":{"line":685,"column":6},"end":{"line":692,"column":14}},{"start":{"line":693,"column":6},"end":{"line":702,"column":14}},{"start":{"line":703,"column":6},"end":{"line":713,"column":7}},{"start":{"line":714,"column":6},"end":{"line":720,"column":14}},{"start":{"line":721,"column":6},"end":{"line":722,"column":14}},{"start":{"line":723,"column":6},"end":{"line":724,"column":71}}],"line":644},"59":{"loc":{"start":{"line":650,"column":8},"end":{"line":652,"column":9}},"type":"if","locations":[{"start":{"line":650,"column":8},"end":{"line":652,"column":9}},{"start":{},"end":{}}],"line":650},"60":{"loc":{"start":{"line":650,"column":12},"end":{"line":650,"column":66}},"type":"binary-expr","locations":[{"start":{"line":650,"column":12},"end":{"line":650,"column":25}},{"start":{"line":650,"column":29},"end":{"line":650,"column":66}}],"line":650},"61":{"loc":{"start":{"line":686,"column":8},"end":{"line":690,"column":9}},"type":"if","locations":[{"start":{"line":686,"column":8},"end":{"line":690,"column":9}},{"start":{},"end":{}}],"line":686},"62":{"loc":{"start":{"line":694,"column":8},"end":{"line":698,"column":9}},"type":"if","locations":[{"start":{"line":694,"column":8},"end":{"line":698,"column":9}},{"start":{},"end":{}}],"line":694},"63":{"loc":{"start":{"line":705,"column":8},"end":{"line":711,"column":9}},"type":"if","locations":[{"start":{"line":705,"column":8},"end":{"line":711,"column":9}},{"start":{},"end":{}}],"line":705},"64":{"loc":{"start":{"line":705,"column":12},"end":{"line":705,"column":30}},"type":"binary-expr","locations":[{"start":{"line":705,"column":12},"end":{"line":705,"column":18}},{"start":{"line":705,"column":22},"end":{"line":705,"column":30}}],"line":705},"65":{"loc":{"start":{"line":715,"column":8},"end":{"line":719,"column":9}},"type":"if","locations":[{"start":{"line":715,"column":8},"end":{"line":719,"column":9}},{"start":{"line":717,"column":15},"end":{"line":719,"column":9}}],"line":715},"66":{"loc":{"start":{"line":742,"column":4},"end":{"line":744,"column":5}},"type":"if","locations":[{"start":{"line":742,"column":4},"end":{"line":744,"column":5}},{"start":{},"end":{}}],"line":742},"67":{"loc":{"start":{"line":776,"column":6},"end":{"line":777,"column":53}},"type":"binary-expr","locations":[{"start":{"line":776,"column":6},"end":{"line":776,"column":32}},{"start":{"line":777,"column":6},"end":{"line":777,"column":53}}],"line":776},"68":{"loc":{"start":{"line":787,"column":4},"end":{"line":789,"column":5}},"type":"if","locations":[{"start":{"line":787,"column":4},"end":{"line":789,"column":5}},{"start":{},"end":{}}],"line":787},"69":{"loc":{"start":{"line":805,"column":4},"end":{"line":808,"column":5}},"type":"if","locations":[{"start":{"line":805,"column":4},"end":{"line":808,"column":5}},{"start":{},"end":{}}],"line":805},"70":{"loc":{"start":{"line":826,"column":4},"end":{"line":828,"column":5}},"type":"if","locations":[{"start":{"line":826,"column":4},"end":{"line":828,"column":5}},{"start":{},"end":{}}],"line":826},"71":{"loc":{"start":{"line":928,"column":4},"end":{"line":930,"column":5}},"type":"if","locations":[{"start":{"line":928,"column":4},"end":{"line":930,"column":5}},{"start":{},"end":{}}],"line":928},"72":{"loc":{"start":{"line":928,"column":8},"end":{"line":928,"column":65}},"type":"binary-expr","locations":[{"start":{"line":928,"column":8},"end":{"line":928,"column":32}},{"start":{"line":928,"column":36},"end":{"line":928,"column":65}}],"line":928},"73":{"loc":{"start":{"line":933,"column":4},"end":{"line":939,"column":5}},"type":"if","locations":[{"start":{"line":933,"column":4},"end":{"line":939,"column":5}},{"start":{},"end":{}}],"line":933},"74":{"loc":{"start":{"line":934,"column":6},"end":{"line":936,"column":69}},"type":"binary-expr","locations":[{"start":{"line":934,"column":6},"end":{"line":934,"column":22}},{"start":{"line":935,"column":6},"end":{"line":935,"column":22}},{"start":{"line":936,"column":6},"end":{"line":936,"column":69}}],"line":934},"75":{"loc":{"start":{"line":941,"column":4},"end":{"line":943,"column":5}},"type":"if","locations":[{"start":{"line":941,"column":4},"end":{"line":943,"column":5}},{"start":{},"end":{}}],"line":941},"76":{"loc":{"start":{"line":941,"column":8},"end":{"line":941,"column":69}},"type":"binary-expr","locations":[{"start":{"line":941,"column":8},"end":{"line":941,"column":34}},{"start":{"line":941,"column":38},"end":{"line":941,"column":69}}],"line":941},"77":{"loc":{"start":{"line":944,"column":4},"end":{"line":946,"column":5}},"type":"if","locations":[{"start":{"line":944,"column":4},"end":{"line":946,"column":5}},{"start":{},"end":{}}],"line":944},"78":{"loc":{"start":{"line":944,"column":8},"end":{"line":944,"column":63}},"type":"binary-expr","locations":[{"start":{"line":944,"column":8},"end":{"line":944,"column":31}},{"start":{"line":944,"column":35},"end":{"line":944,"column":63}}],"line":944},"79":{"loc":{"start":{"line":947,"column":4},"end":{"line":949,"column":5}},"type":"if","locations":[{"start":{"line":947,"column":4},"end":{"line":949,"column":5}},{"start":{},"end":{}}],"line":947},"80":{"loc":{"start":{"line":947,"column":8},"end":{"line":947,"column":57}},"type":"binary-expr","locations":[{"start":{"line":947,"column":8},"end":{"line":947,"column":24}},{"start":{"line":947,"column":28},"end":{"line":947,"column":57}}],"line":947}},"s":{"0":5,"1":5,"2":5,"3":5,"4":5,"5":5,"6":20,"7":5,"8":5,"9":5,"10":110,"11":110,"12":110,"13":110,"14":110,"15":110,"16":110,"17":110,"18":110,"19":110,"20":110,"21":110,"22":110,"23":25,"24":25,"25":15,"26":1,"27":14,"28":13,"29":1,"30":1,"31":1,"32":1,"33":25,"34":25,"35":25,"36":110,"37":10,"38":10,"39":4,"40":1,"41":3,"42":2,"43":1,"44":1,"45":1,"46":1,"47":10,"48":10,"49":10,"50":110,"51":11,"52":11,"53":4,"54":1,"55":3,"56":2,"57":1,"58":1,"59":1,"60":1,"61":11,"62":11,"63":11,"64":110,"65":11,"66":11,"67":5,"68":2,"69":3,"70":2,"71":2,"72":1,"73":0,"74":1,"75":1,"76":1,"77":11,"78":11,"79":11,"80":110,"81":110,"82":110,"83":110,"84":110,"85":110,"86":10,"87":5,"88":4,"89":1,"90":3,"91":3,"92":3,"93":18,"94":18,"95":1,"96":1,"97":3,"98":3,"99":22,"100":22,"101":14,"102":1,"103":22,"104":11,"105":11,"106":14,"107":14,"108":12,"109":9,"110":9,"111":9,"112":9,"113":9,"114":9,"115":9,"116":3,"117":3,"118":9,"119":2,"120":34,"121":1,"122":1,"123":33,"124":33,"125":1,"126":32,"127":2,"128":2,"129":2,"130":2,"131":2,"132":2,"133":2,"134":2,"135":2,"136":2,"137":2,"138":2,"139":2,"140":2,"141":2,"142":2,"143":32,"144":30,"145":1,"146":29,"147":1,"148":28,"149":1,"150":1,"151":27,"152":27,"153":27,"154":27,"155":2,"156":27,"157":1,"158":26,"159":26,"160":9,"161":25,"162":0,"163":25,"164":25,"165":25,"166":23,"167":19,"168":3,"169":3,"170":3,"171":26,"172":19,"173":27,"174":27,"175":27,"176":53,"177":2,"178":51,"179":51,"180":51,"181":20,"182":20,"183":20,"184":20,"185":1,"186":19,"187":19,"188":19,"189":2,"190":2,"191":3,"192":3,"193":3,"194":1,"195":1,"196":10,"197":3,"198":10,"199":11,"200":10,"201":10,"202":10,"203":10,"204":1,"205":1,"206":4,"207":2,"208":2,"209":2,"210":2,"211":1,"212":1,"213":1,"214":2,"215":2,"216":1,"217":2,"218":3,"219":1,"220":2,"221":3,"222":1,"223":2,"224":6,"225":6,"226":1,"227":5,"228":6,"229":6,"230":6,"231":6,"232":17,"233":6,"234":16,"235":8,"236":8,"237":12,"238":6,"239":1,"240":5,"241":146,"242":141,"243":5,"244":30,"245":5,"246":4,"247":6,"248":6,"249":6,"250":6,"251":6,"252":6,"253":6,"254":6,"255":6,"256":6,"257":6,"258":6,"259":6,"260":6,"261":6,"262":6,"263":6,"264":142,"265":142,"266":142,"267":142,"268":142,"269":142,"270":142,"271":142,"272":142,"273":142,"274":142,"275":142,"276":142,"277":142,"278":142,"279":142,"280":142,"281":142,"282":142,"283":142,"284":142,"285":9,"286":2,"287":9,"288":9,"289":6,"290":3,"291":1,"292":3,"293":0,"294":3,"295":0,"296":5,"297":13,"298":0},"f":{"0":20,"1":20,"2":110,"3":25,"4":15,"5":13,"6":1,"7":25,"8":10,"9":4,"10":2,"11":1,"12":10,"13":11,"14":4,"15":2,"16":1,"17":11,"18":11,"19":5,"20":2,"21":1,"22":11,"23":10,"24":5,"25":4,"26":18,"27":1,"28":1,"29":3,"30":22,"31":14,"32":34,"33":30,"34":2,"35":27,"36":53,"37":3,"38":11,"39":6,"40":6,"41":6,"42":6,"43":17,"44":6,"45":16,"46":12,"47":6,"48":146,"49":30,"50":4,"51":6,"52":142,"53":9,"54":13,"55":0},"b":{"0":[1,14],"1":[15,15],"2":[1,12],"3":[13,12],"4":[1,0],"5":[1,0],"6":[1,1],"7":[1,3],"8":[4,4],"9":[1,1],"10":[2,1],"11":[1,0],"12":[1,0],"13":[1,1],"14":[1,3],"15":[4,4],"16":[1,1],"17":[2,1],"18":[1,0],"19":[1,0],"20":[1,1],"21":[2,3],"22":[5,5],"23":[2,0],"24":[2,2],"25":[2,0],"26":[0,1],"27":[1,0],"28":[1,3],"29":[19],"30":[1,13],"31":[11,11],"32":[12,2],"33":[9,3],"34":[9,6],"35":[9,6],"36":[9,0],"37":[9,0],"38":[9,7,1,1],"39":[9,7,1,1],"40":[3,6],"41":[9,3],"42":[1,33],"43":[1,32],"44":[2,30],"45":[1,29],"46":[1,28],"47":[1,27],"48":[27,21],"49":[1,26],"50":[9,17],"51":[0,25],"52":[25,0],"53":[19,4],"54":[3,0],"55":[19,7],"56":[2,51],"57":[53,4],"58":[20,2,3,1,10,1,4,2,2,3,1,2],"59":[1,19],"60":[20,1],"61":[2,2],"62":[1,1],"63":[1,1],"64":[2,1],"65":[1,2],"66":[1,5],"67":[17,6],"68":[8,8],"69":[1,5],"70":[141,5],"71":[2,7],"72":[9,3],"73":[6,3],"74":[9,5,5],"75":[1,2],"76":[3,1],"77":[0,3],"78":[3,0],"79":[0,3],"80":[3,0]},"_coverageSchema":"1a1c01bbd47fc00a2c39e90264f33305004495a9","hash":"3b10f6bcd34115e66a45be85c1fd5d15f6f2992a"}
}
