TN:
SF:app/scripts/metamask-controller.js
FN:446,isKeyringV2NotSupportedError
FN:456,(anonymous_1)
FN:473,(anonymous_2)
FN:531,(anonymous_3)
FN:554,(anonymous_4)
FN:854,(anonymous_5)
FN:858,(anonymous_6)
FN:862,(anonymous_7)
FN:872,(anonymous_8)
FN:878,(anonymous_9)
FN:892,(anonymous_10)
FN:925,(anonymous_11)
FN:926,(anonymous_12)
FN:931,(anonymous_13)
FN:939,(anonymous_14)
FN:948,(anonymous_15)
FN:955,(anonymous_16)
FN:958,(anonymous_17)
FN:966,(anonymous_18)
FN:1013,(anonymous_19)
FN:1023,(anonymous_20)
FN:1026,(anonymous_21)
FN:1032,(anonymous_22)
FN:1035,(anonymous_23)
FN:1037,(anonymous_24)
FN:1039,(anonymous_25)
FN:1047,(anonymous_26)
FN:1054,(anonymous_27)
FN:1063,(anonymous_28)
FN:1069,(anonymous_29)
FN:1074,(anonymous_30)
FN:1079,(anonymous_31)
FN:1082,(anonymous_32)
FN:1089,(anonymous_33)
FN:1100,(anonymous_34)
FN:1107,(anonymous_35)
FN:1128,(anonymous_36)
FN:1134,(anonymous_37)
FN:1140,(anonymous_38)
FN:1150,(anonymous_39)
FN:1166,(anonymous_40)
FN:1168,(anonymous_41)
FN:1190,(anonymous_42)
FN:1195,(anonymous_43)
FN:1200,(anonymous_44)
FN:1205,(anonymous_45)
FN:1221,(anonymous_46)
FN:1223,(anonymous_47)
FN:1226,(anonymous_48)
FN:1237,(anonymous_49)
FN:1241,(anonymous_50)
FN:1243,(anonymous_51)
FN:1280,(anonymous_52)
FN:1286,(anonymous_53)
FN:1310,(anonymous_54)
FN:1313,(anonymous_55)
FN:1319,(anonymous_56)
FN:1320,(anonymous_57)
FN:1331,(anonymous_58)
FN:1348,(anonymous_59)
FN:1540,(anonymous_60)
FN:1574,(anonymous_61)
FN:1599,(anonymous_62)
FN:1621,(anonymous_63)
FN:1627,(anonymous_64)
FN:1633,(anonymous_65)
FN:1642,(anonymous_66)
FN:1653,(anonymous_67)
FN:1656,(anonymous_68)
FN:1674,(anonymous_69)
FN:1684,(anonymous_70)
FN:1703,(anonymous_71)
FN:1712,(anonymous_72)
FN:1724,(anonymous_73)
FN:1753,(anonymous_74)
FN:1783,(anonymous_75)
FN:1791,(anonymous_76)
FN:1792,(anonymous_77)
FN:1813,(anonymous_78)
FN:1817,(anonymous_79)
FN:1836,(anonymous_80)
FN:1845,(anonymous_81)
FN:1860,(anonymous_82)
FN:1866,(anonymous_83)
FN:1888,(anonymous_84)
FN:1898,(anonymous_85)
FN:1907,(anonymous_86)
FN:1919,(anonymous_87)
FN:1934,(anonymous_88)
FN:1953,(anonymous_89)
FN:1975,(anonymous_90)
FN:1982,(anonymous_91)
FN:2006,(anonymous_92)
FN:2009,(anonymous_93)
FN:2010,(anonymous_94)
FN:2056,(anonymous_95)
FN:2069,(anonymous_96)
FN:2101,(anonymous_97)
FN:2124,(anonymous_98)
FN:2172,(anonymous_99)
FN:2183,(anonymous_100)
FN:2187,(anonymous_101)
FN:2202,(anonymous_102)
FN:2206,(anonymous_103)
FN:2208,(anonymous_104)
FN:2223,(anonymous_105)
FN:2234,(anonymous_106)
FN:2248,(anonymous_107)
FN:2268,(anonymous_108)
FN:2292,(anonymous_109)
FN:2308,(anonymous_110)
FN:2312,(anonymous_111)
FN:2323,(anonymous_112)
FN:2347,(anonymous_113)
FN:2380,(anonymous_114)
FN:2447,(anonymous_115)
FN:2468,(anonymous_116)
FN:2838,(anonymous_117)
FN:2855,(anonymous_118)
FN:2858,(anonymous_119)
FN:2954,(anonymous_120)
FN:2957,(anonymous_121)
FN:3070,(anonymous_122)
FN:3435,(anonymous_123)
FN:3438,(anonymous_124)
FN:3676,(anonymous_125)
FN:3680,(anonymous_126)
FN:3681,(anonymous_127)
FN:3682,(anonymous_128)
FN:3688,(anonymous_129)
FN:3773,(anonymous_130)
FN:3797,(anonymous_131)
FN:3800,(anonymous_132)
FN:3804,(anonymous_133)
FN:3808,(anonymous_134)
FN:3863,(anonymous_135)
FN:3864,(anonymous_136)
FN:3887,(anonymous_137)
FN:3915,(anonymous_138)
FN:3926,(anonymous_139)
FN:3938,(anonymous_140)
FN:3965,(anonymous_141)
FN:3979,(anonymous_142)
FN:3983,(anonymous_143)
FN:4000,(anonymous_144)
FN:4036,(anonymous_145)
FN:4040,(anonymous_146)
FN:4077,(anonymous_147)
FN:4079,(anonymous_148)
FN:4102,(anonymous_149)
FN:4114,(anonymous_150)
FN:4141,(anonymous_151)
FN:4144,(anonymous_152)
FN:4162,(anonymous_153)
FN:4165,(anonymous_154)
FN:4180,(anonymous_155)
FN:4203,(anonymous_156)
FN:4229,(anonymous_157)
FN:4243,(anonymous_158)
FN:4270,(anonymous_159)
FN:4281,(anonymous_160)
FN:4282,(anonymous_161)
FN:4290,(anonymous_162)
FN:4294,(anonymous_163)
FN:4383,(anonymous_164)
FN:4430,(anonymous_165)
FN:4470,(anonymous_166)
FN:4514,(anonymous_167)
FN:4532,(anonymous_168)
FN:4534,(anonymous_169)
FN:4543,(anonymous_170)
FN:4546,(anonymous_171)
FN:4581,(anonymous_172)
FN:4644,(anonymous_173)
FN:4674,(anonymous_174)
FN:4695,(anonymous_175)
FN:4720,(anonymous_176)
FN:4753,(anonymous_177)
FN:4767,(anonymous_178)
FN:4780,(anonymous_179)
FN:4788,(anonymous_180)
FN:4796,(anonymous_181)
FN:4826,(anonymous_182)
FN:4832,(anonymous_183)
FN:4837,(anonymous_184)
FN:4843,(anonymous_185)
FN:4848,(anonymous_186)
FN:4857,(anonymous_187)
FN:4858,(anonymous_188)
FN:4873,(anonymous_189)
FN:4875,(anonymous_190)
FN:4891,(anonymous_191)
FN:4909,(anonymous_192)
FN:4914,(anonymous_193)
FN:4921,(anonymous_194)
FN:4934,(anonymous_195)
FN:4957,(anonymous_196)
FN:5012,(anonymous_197)
FN:5068,(anonymous_198)
FN:5092,(anonymous_199)
FN:5148,(anonymous_200)
FN:5157,(anonymous_201)
FN:5176,(anonymous_202)
FN:5185,(anonymous_203)
FN:5203,(anonymous_204)
FN:5227,(anonymous_205)
FN:5248,(anonymous_206)
FN:5257,(anonymous_207)
FN:5260,(anonymous_208)
FN:5276,(anonymous_209)
FN:5292,(anonymous_210)
FN:5325,(anonymous_211)
FN:5445,(anonymous_212)
FN:5448,(anonymous_213)
FN:5449,(anonymous_214)
FN:5481,(anonymous_215)
FN:5495,(anonymous_216)
FN:5503,(anonymous_217)
FN:5550,(anonymous_218)
FN:5582,(anonymous_219)
FN:5590,(anonymous_220)
FN:5600,(anonymous_221)
FN:5615,(anonymous_222)
FN:5628,(anonymous_223)
FN:5635,(anonymous_224)
FN:5638,(anonymous_225)
FN:5644,(anonymous_226)
FN:5650,(anonymous_227)
FN:5679,(anonymous_228)
FN:5727,(anonymous_229)
FN:5757,(anonymous_230)
FN:5817,(anonymous_231)
FN:5840,(anonymous_232)
FN:5854,(anonymous_233)
FN:5866,(anonymous_234)
FN:5878,(anonymous_235)
FN:5968,(anonymous_236)
FN:5984,(anonymous_237)
FN:6002,(anonymous_238)
FN:6010,(anonymous_239)
FN:6032,(anonymous_240)
FN:6035,(anonymous_241)
FN:6056,(anonymous_242)
FN:6082,(anonymous_243)
FN:6108,(anonymous_244)
FN:6111,(anonymous_245)
FN:6136,(anonymous_246)
FN:6139,(anonymous_247)
FN:6140,(anonymous_248)
FN:6142,(anonymous_249)
FN:6143,(anonymous_250)
FN:6167,(anonymous_251)
FN:6181,(anonymous_252)
FN:6195,(anonymous_253)
FN:6213,(anonymous_254)
FN:6225,(anonymous_255)
FN:6232,(anonymous_256)
FN:6240,(anonymous_257)
FN:6251,(anonymous_258)
FN:6275,(anonymous_259)
FN:6287,(anonymous_260)
FN:6290,(anonymous_261)
FN:6300,(anonymous_262)
FN:6304,(anonymous_263)
FN:6332,(anonymous_264)
FN:6339,(anonymous_265)
FN:6341,(anonymous_266)
FN:6347,(anonymous_267)
FN:6348,(anonymous_268)
FN:6349,(anonymous_269)
FN:6351,(anonymous_270)
FN:6352,(anonymous_271)
FN:6355,(anonymous_272)
FN:6358,(anonymous_273)
FN:6361,(anonymous_274)
FN:6366,(anonymous_275)
FN:6383,(anonymous_276)
FN:6388,(anonymous_277)
FN:6419,(anonymous_278)
FN:6422,(anonymous_279)
FN:6425,(anonymous_280)
FN:6430,(anonymous_281)
FN:6469,(anonymous_282)
FN:6492,(anonymous_283)
FN:6510,(anonymous_284)
FN:6534,(anonymous_285)
FN:6539,(anonymous_286)
FN:6564,(anonymous_287)
FN:6588,(anonymous_288)
FN:6605,(anonymous_289)
FN:6621,(anonymous_290)
FN:6633,(anonymous_291)
FN:6655,(anonymous_292)
FN:6680,(anonymous_293)
FN:6686,(anonymous_294)
FN:6695,(anonymous_295)
FN:6699,(anonymous_296)
FN:6713,(anonymous_297)
FN:6720,(anonymous_298)
FN:6726,(anonymous_299)
FN:6743,(anonymous_300)
FN:6745,(anonymous_301)
FN:6753,(anonymous_302)
FN:6765,(anonymous_303)
FN:6801,(anonymous_304)
FN:6827,(anonymous_305)
FN:6867,(anonymous_306)
FN:6886,(anonymous_307)
FN:6918,(anonymous_308)
FN:6946,(anonymous_309)
FN:6949,(anonymous_310)
FN:6966,(anonymous_311)
FN:6978,(anonymous_312)
FN:6990,(anonymous_313)
FN:7018,(anonymous_314)
FN:7034,(anonymous_315)
FN:7039,(anonymous_316)
FN:7040,(anonymous_317)
FN:7087,(anonymous_318)
FN:7099,(anonymous_319)
FN:7120,(anonymous_320)
FNF:321
FNH:114
FNDA:0,isKeyringV2NotSupportedError
FNDA:152,(anonymous_1)
FNDA:0,(anonymous_2)
FNDA:152,(anonymous_3)
FNDA:36,(anonymous_4)
FNDA:130,(anonymous_5)
FNDA:36,(anonymous_6)
FNDA:0,(anonymous_7)
FNDA:0,(anonymous_8)
FNDA:0,(anonymous_9)
FNDA:0,(anonymous_10)
FNDA:0,(anonymous_11)
FNDA:0,(anonymous_12)
FNDA:0,(anonymous_13)
FNDA:0,(anonymous_14)
FNDA:0,(anonymous_15)
FNDA:0,(anonymous_16)
FNDA:0,(anonymous_17)
FNDA:4,(anonymous_18)
FNDA:0,(anonymous_19)
FNDA:0,(anonymous_20)
FNDA:0,(anonymous_21)
FNDA:0,(anonymous_22)
FNDA:0,(anonymous_23)
FNDA:0,(anonymous_24)
FNDA:0,(anonymous_25)
FNDA:0,(anonymous_26)
FNDA:0,(anonymous_27)
FNDA:0,(anonymous_28)
FNDA:0,(anonymous_29)
FNDA:0,(anonymous_30)
FNDA:0,(anonymous_31)
FNDA:0,(anonymous_32)
FNDA:0,(anonymous_33)
FNDA:0,(anonymous_34)
FNDA:0,(anonymous_35)
FNDA:0,(anonymous_36)
FNDA:0,(anonymous_37)
FNDA:0,(anonymous_38)
FNDA:0,(anonymous_39)
FNDA:0,(anonymous_40)
FNDA:0,(anonymous_41)
FNDA:0,(anonymous_42)
FNDA:0,(anonymous_43)
FNDA:0,(anonymous_44)
FNDA:0,(anonymous_45)
FNDA:0,(anonymous_46)
FNDA:0,(anonymous_47)
FNDA:4,(anonymous_48)
FNDA:7,(anonymous_49)
FNDA:6,(anonymous_50)
FNDA:2,(anonymous_51)
FNDA:7,(anonymous_52)
FNDA:14,(anonymous_53)
FNDA:6,(anonymous_54)
FNDA:5,(anonymous_55)
FNDA:4,(anonymous_56)
FNDA:4,(anonymous_57)
FNDA:0,(anonymous_58)
FNDA:130,(anonymous_59)
FNDA:152,(anonymous_60)
FNDA:0,(anonymous_61)
FNDA:0,(anonymous_62)
FNDA:0,(anonymous_63)
FNDA:0,(anonymous_64)
FNDA:2,(anonymous_65)
FNDA:0,(anonymous_66)
FNDA:0,(anonymous_67)
FNDA:0,(anonymous_68)
FNDA:0,(anonymous_69)
FNDA:0,(anonymous_70)
FNDA:0,(anonymous_71)
FNDA:27,(anonymous_72)
FNDA:0,(anonymous_73)
FNDA:0,(anonymous_74)
FNDA:2,(anonymous_75)
FNDA:151,(anonymous_76)
FNDA:755,(anonymous_77)
FNDA:152,(anonymous_78)
FNDA:456,(anonymous_79)
FNDA:13,(anonymous_80)
FNDA:13,(anonymous_81)
FNDA:0,(anonymous_82)
FNDA:0,(anonymous_83)
FNDA:48,(anonymous_84)
FNDA:0,(anonymous_85)
FNDA:0,(anonymous_86)
FNDA:18,(anonymous_87)
FNDA:18,(anonymous_88)
FNDA:0,(anonymous_89)
FNDA:0,(anonymous_90)
FNDA:0,(anonymous_91)
FNDA:18,(anonymous_92)
FNDA:54,(anonymous_93)
FNDA:0,(anonymous_94)
FNDA:68,(anonymous_95)
FNDA:204,(anonymous_96)
FNDA:4,(anonymous_97)
FNDA:18,(anonymous_98)
FNDA:1,(anonymous_99)
FNDA:0,(anonymous_100)
FNDA:0,(anonymous_101)
FNDA:0,(anonymous_102)
FNDA:0,(anonymous_103)
FNDA:0,(anonymous_104)
FNDA:152,(anonymous_105)
FNDA:48,(anonymous_106)
FNDA:1,(anonymous_107)
FNDA:0,(anonymous_108)
FNDA:0,(anonymous_109)
FNDA:152,(anonymous_110)
FNDA:272,(anonymous_111)
FNDA:282,(anonymous_112)
FNDA:0,(anonymous_113)
FNDA:275,(anonymous_114)
FNDA:326,(anonymous_115)
FNDA:19,(anonymous_116)
FNDA:0,(anonymous_117)
FNDA:0,(anonymous_118)
FNDA:0,(anonymous_119)
FNDA:0,(anonymous_120)
FNDA:0,(anonymous_121)
FNDA:2,(anonymous_122)
FNDA:0,(anonymous_123)
FNDA:0,(anonymous_124)
FNDA:0,(anonymous_125)
FNDA:0,(anonymous_126)
FNDA:0,(anonymous_127)
FNDA:0,(anonymous_128)
FNDA:0,(anonymous_129)
FNDA:0,(anonymous_130)
FNDA:0,(anonymous_131)
FNDA:0,(anonymous_132)
FNDA:0,(anonymous_133)
FNDA:0,(anonymous_134)
FNDA:0,(anonymous_135)
FNDA:0,(anonymous_136)
FNDA:2,(anonymous_137)
FNDA:0,(anonymous_138)
FNDA:152,(anonymous_139)
FNDA:0,(anonymous_140)
FNDA:0,(anonymous_141)
FNDA:5,(anonymous_142)
FNDA:5,(anonymous_143)
FNDA:0,(anonymous_144)
FNDA:0,(anonymous_145)
FNDA:0,(anonymous_146)
FNDA:6,(anonymous_147)
FNDA:32,(anonymous_148)
FNDA:16,(anonymous_149)
FNDA:6,(anonymous_150)
FNDA:0,(anonymous_151)
FNDA:0,(anonymous_152)
FNDA:0,(anonymous_153)
FNDA:0,(anonymous_154)
FNDA:2,(anonymous_155)
FNDA:2,(anonymous_156)
FNDA:0,(anonymous_157)
FNDA:3,(anonymous_158)
FNDA:0,(anonymous_159)
FNDA:0,(anonymous_160)
FNDA:0,(anonymous_161)
FNDA:0,(anonymous_162)
FNDA:0,(anonymous_163)
FNDA:2,(anonymous_164)
FNDA:1,(anonymous_165)
FNDA:6,(anonymous_166)
FNDA:0,(anonymous_167)
FNDA:1,(anonymous_168)
FNDA:1,(anonymous_169)
FNDA:0,(anonymous_170)
FNDA:0,(anonymous_171)
FNDA:5,(anonymous_172)
FNDA:3,(anonymous_173)
FNDA:18,(anonymous_174)
FNDA:1,(anonymous_175)
FNDA:1,(anonymous_176)
FNDA:1,(anonymous_177)
FNDA:1,(anonymous_178)
FNDA:18,(anonymous_179)
FNDA:18,(anonymous_180)
FNDA:0,(anonymous_181)
FNDA:0,(anonymous_182)
FNDA:0,(anonymous_183)
FNDA:0,(anonymous_184)
FNDA:0,(anonymous_185)
FNDA:0,(anonymous_186)
FNDA:0,(anonymous_187)
FNDA:18,(anonymous_188)
FNDA:0,(anonymous_189)
FNDA:0,(anonymous_190)
FNDA:0,(anonymous_191)
FNDA:0,(anonymous_192)
FNDA:0,(anonymous_193)
FNDA:0,(anonymous_194)
FNDA:18,(anonymous_195)
FNDA:36,(anonymous_196)
FNDA:21,(anonymous_197)
FNDA:21,(anonymous_198)
FNDA:3,(anonymous_199)
FNDA:3,(anonymous_200)
FNDA:0,(anonymous_201)
FNDA:24,(anonymous_202)
FNDA:0,(anonymous_203)
FNDA:0,(anonymous_204)
FNDA:0,(anonymous_205)
FNDA:0,(anonymous_206)
FNDA:0,(anonymous_207)
FNDA:0,(anonymous_208)
FNDA:0,(anonymous_209)
FNDA:21,(anonymous_210)
FNDA:0,(anonymous_211)
FNDA:0,(anonymous_212)
FNDA:0,(anonymous_213)
FNDA:0,(anonymous_214)
FNDA:0,(anonymous_215)
FNDA:0,(anonymous_216)
FNDA:0,(anonymous_217)
FNDA:0,(anonymous_218)
FNDA:0,(anonymous_219)
FNDA:0,(anonymous_220)
FNDA:0,(anonymous_221)
FNDA:0,(anonymous_222)
FNDA:0,(anonymous_223)
FNDA:0,(anonymous_224)
FNDA:0,(anonymous_225)
FNDA:0,(anonymous_226)
FNDA:0,(anonymous_227)
FNDA:0,(anonymous_228)
FNDA:3,(anonymous_229)
FNDA:3,(anonymous_230)
FNDA:0,(anonymous_231)
FNDA:0,(anonymous_232)
FNDA:0,(anonymous_233)
FNDA:0,(anonymous_234)
FNDA:0,(anonymous_235)
FNDA:0,(anonymous_236)
FNDA:0,(anonymous_237)
FNDA:0,(anonymous_238)
FNDA:0,(anonymous_239)
FNDA:3,(anonymous_240)
FNDA:3,(anonymous_241)
FNDA:24,(anonymous_242)
FNDA:3,(anonymous_243)
FNDA:24,(anonymous_244)
FNDA:0,(anonymous_245)
FNDA:130,(anonymous_246)
FNDA:0,(anonymous_247)
FNDA:0,(anonymous_248)
FNDA:3,(anonymous_249)
FNDA:3,(anonymous_250)
FNDA:3,(anonymous_251)
FNDA:36,(anonymous_252)
FNDA:4,(anonymous_253)
FNDA:130,(anonymous_254)
FNDA:130,(anonymous_255)
FNDA:152,(anonymous_256)
FNDA:0,(anonymous_257)
FNDA:152,(anonymous_258)
FNDA:0,(anonymous_259)
FNDA:2,(anonymous_260)
FNDA:0,(anonymous_261)
FNDA:0,(anonymous_262)
FNDA:0,(anonymous_263)
FNDA:0,(anonymous_264)
FNDA:0,(anonymous_265)
FNDA:0,(anonymous_266)
FNDA:0,(anonymous_267)
FNDA:0,(anonymous_268)
FNDA:0,(anonymous_269)
FNDA:0,(anonymous_270)
FNDA:0,(anonymous_271)
FNDA:1,(anonymous_272)
FNDA:1,(anonymous_273)
FNDA:0,(anonymous_274)
FNDA:0,(anonymous_275)
FNDA:0,(anonymous_276)
FNDA:0,(anonymous_277)
FNDA:0,(anonymous_278)
FNDA:0,(anonymous_279)
FNDA:0,(anonymous_280)
FNDA:0,(anonymous_281)
FNDA:0,(anonymous_282)
FNDA:0,(anonymous_283)
FNDA:0,(anonymous_284)
FNDA:0,(anonymous_285)
FNDA:0,(anonymous_286)
FNDA:1,(anonymous_287)
FNDA:1,(anonymous_288)
FNDA:0,(anonymous_289)
FNDA:43,(anonymous_290)
FNDA:0,(anonymous_291)
FNDA:24,(anonymous_292)
FNDA:6,(anonymous_293)
FNDA:12,(anonymous_294)
FNDA:9,(anonymous_295)
FNDA:13,(anonymous_296)
FNDA:0,(anonymous_297)
FNDA:0,(anonymous_298)
FNDA:0,(anonymous_299)
FNDA:130,(anonymous_300)
FNDA:0,(anonymous_301)
FNDA:3,(anonymous_302)
FNDA:0,(anonymous_303)
FNDA:0,(anonymous_304)
FNDA:0,(anonymous_305)
FNDA:0,(anonymous_306)
FNDA:0,(anonymous_307)
FNDA:0,(anonymous_308)
FNDA:0,(anonymous_309)
FNDA:0,(anonymous_310)
FNDA:0,(anonymous_311)
FNDA:0,(anonymous_312)
FNDA:0,(anonymous_313)
FNDA:4,(anonymous_314)
FNDA:152,(anonymous_315)
FNDA:0,(anonymous_316)
FNDA:0,(anonymous_317)
FNDA:0,(anonymous_318)
FNDA:0,(anonymous_319)
FNDA:6,(anonymous_320)
DA:407,1
DA:429,1
DA:435,1
DA:444,1
DA:447,0
DA:457,152
DA:462,152
DA:464,152
DA:466,152
DA:471,152
DA:472,152
DA:473,0
DA:474,152
DA:475,152
DA:476,152
DA:477,152
DA:478,152
DA:479,152
DA:483,152
DA:488,152
DA:490,152
DA:492,152
DA:493,152
DA:495,152
DA:497,152
DA:498,152
DA:499,152
DA:513,152
DA:514,152
DA:517,152
DA:525,152
DA:529,152
DA:531,152
DA:532,152
DA:533,152
DA:534,1
DA:539,152
DA:549,152
DA:550,152
DA:551,152
DA:554,152
DA:555,36
DA:556,36
DA:557,9
DA:559,27
DA:564,152
DA:688,152
DA:693,152
DA:694,152
DA:695,152
DA:696,152
DA:698,152
DA:701,152
DA:702,152
DA:703,152
DA:704,152
DA:705,152
DA:706,152
DA:707,152
DA:708,152
DA:711,152
DA:714,152
DA:715,152
DA:717,152
DA:719,152
DA:720,152
DA:721,152
DA:723,152
DA:725,152
DA:726,152
DA:727,152
DA:728,152
DA:729,152
DA:730,152
DA:731,152
DA:733,152
DA:736,152
DA:737,152
DA:739,152
DA:740,152
DA:741,152
DA:743,152
DA:744,152
DA:745,152
DA:747,152
DA:748,152
DA:749,152
DA:750,152
DA:751,152
DA:753,152
DA:754,152
DA:755,152
DA:757,152
DA:758,152
DA:759,152
DA:761,152
DA:762,152
DA:763,152
DA:764,152
DA:766,152
DA:767,152
DA:769,152
DA:771,152
DA:773,152
DA:775,152
DA:777,152
DA:779,152
DA:780,152
DA:781,152
DA:783,152
DA:784,152
DA:785,152
DA:786,152
DA:788,152
DA:789,152
DA:791,152
DA:792,152
DA:794,152
DA:795,152
DA:797,152
DA:799,152
DA:801,152
DA:803,152
DA:804,152
DA:805,152
DA:807,152
DA:810,152
DA:813,152
DA:814,152
DA:816,152
DA:817,152
DA:819,152
DA:820,152
DA:821,152
DA:822,152
DA:823,152
DA:824,152
DA:825,152
DA:826,152
DA:828,152
DA:830,152
DA:831,152
DA:833,152
DA:839,152
DA:840,152
DA:845,152
DA:847,152
DA:854,152
DA:855,130
DA:858,152
DA:859,36
DA:862,152
DA:863,0
DA:870,152
DA:872,0
DA:876,152
DA:880,0
DA:882,0
DA:883,0
DA:887,0
DA:890,0
DA:892,0
DA:893,0
DA:897,0
DA:900,0
DA:902,0
DA:907,152
DA:911,152
DA:919,152
DA:925,152
DA:926,0
DA:927,0
DA:931,0
DA:932,0
DA:935,0
DA:939,152
DA:941,152
DA:942,152
DA:943,152
DA:944,152
DA:946,152
DA:949,0
DA:953,152
DA:956,0
DA:959,0
DA:964,152
DA:967,4
DA:971,4
DA:972,4
DA:975,2
DA:976,2
DA:981,2
DA:983,2
DA:985,2
DA:987,1
DA:990,1
DA:996,1
DA:1002,2
DA:1003,2
DA:1006,2
DA:1013,152
DA:1014,0
DA:1016,0
DA:1017,0
DA:1019,0
DA:1022,152
DA:1024,0
DA:1027,0
DA:1033,0
DA:1036,0
DA:1038,0
DA:1040,0
DA:1048,0
DA:1056,0
DA:1061,0
DA:1064,0
DA:1070,0
DA:1075,0
DA:1080,0
DA:1083,0
DA:1090,0
DA:1101,0
DA:1108,0
DA:1114,152
DA:1115,152
DA:1125,152
DA:1127,152
DA:1129,0
DA:1135,0
DA:1141,0
DA:1151,0
DA:1159,152
DA:1166,0
DA:1169,0
DA:1171,0
DA:1174,0
DA:1191,0
DA:1196,0
DA:1201,0
DA:1206,0
DA:1222,0
DA:1224,0
DA:1227,4
DA:1231,4
DA:1232,0
DA:1235,4
DA:1237,7
DA:1239,4
DA:1241,6
DA:1243,2
DA:1245,4
DA:1246,2
DA:1251,2
DA:1252,3
DA:1254,3
DA:1255,0
DA:1261,2
DA:1265,2
DA:1281,7
DA:1284,7
DA:1286,14
DA:1288,7
DA:1301,7
DA:1305,2
DA:1308,5
DA:1310,6
DA:1313,5
DA:1314,5
DA:1319,4
DA:1320,4
DA:1327,5
DA:1332,0
DA:1348,152
DA:1354,152
DA:1365,152
DA:1425,152
DA:1501,152
DA:1514,152
DA:1515,21
DA:1516,20
DA:1517,20
DA:1523,131
DA:1527,152
DA:1528,152
DA:1534,0
DA:1536,152
DA:1540,152
DA:1541,152
DA:1550,152
DA:1551,152
DA:1556,152
DA:1559,152
DA:1561,152
DA:1563,152
DA:1564,0
DA:1576,0
DA:1578,0
DA:1582,0
DA:1583,0
DA:1586,0
DA:1589,0
DA:1601,0
DA:1602,0
DA:1603,0
DA:1606,0
DA:1607,0
DA:1613,0
DA:1616,0
DA:1622,0
DA:1629,0
DA:1634,2
DA:1635,2
DA:1637,2
DA:1638,1
DA:1643,0
DA:1645,0
DA:1646,0
DA:1649,0
DA:1653,0
DA:1656,0
DA:1657,0
DA:1662,0
DA:1668,0
DA:1672,0
DA:1675,0
DA:1679,0
DA:1680,0
DA:1685,0
DA:1686,0
DA:1687,0
DA:1695,0
DA:1697,0
DA:1701,0
DA:1704,0
DA:1707,0
DA:1708,0
DA:1713,27
DA:1714,27
DA:1719,27
DA:1721,27
DA:1722,27
DA:1725,0
DA:1728,27
DA:1738,9
DA:1739,9
DA:1744,1
DA:1747,8
DA:1750,3
DA:1753,5
DA:1754,0
DA:1757,0
DA:1767,22
DA:1768,2
DA:1769,2
DA:1780,9
DA:1781,0
DA:1783,9
DA:1784,2
DA:1785,2
DA:1786,2
DA:1792,151
DA:1793,755
DA:1794,755
DA:1796,0
DA:1815,152
DA:1817,152
DA:1819,456
DA:1820,456
DA:1826,0
DA:1830,0
DA:1834,152
DA:1837,13
DA:1839,13
DA:1843,152
DA:1846,13
DA:1847,13
DA:1848,13
DA:1849,3
DA:1851,13
DA:1857,0
DA:1858,0
DA:1861,0
DA:1864,0
DA:1867,0
DA:1871,13
DA:1876,0
DA:1877,0
DA:1879,0
DA:1882,13
DA:1886,152
DA:1889,48
DA:1890,43
DA:1891,43
DA:1896,152
DA:1899,0
DA:1901,0
DA:1902,0
DA:1904,0
DA:1905,0
DA:1908,0
DA:1917,152
DA:1920,18
DA:1922,18
DA:1923,0
DA:1932,152
DA:1935,18
DA:1940,18
DA:1946,18
DA:1947,0
DA:1953,0
DA:1954,0
DA:1958,0
DA:1967,18
DA:1968,0
DA:1975,0
DA:1976,0
DA:1981,0
DA:1983,0
DA:1991,0
DA:1997,0
DA:2004,152
DA:2007,18
DA:2008,18
DA:2010,54
DA:2011,0
DA:2012,0
DA:2015,0
DA:2024,0
DA:2025,0
DA:2029,0
DA:2034,0
DA:2039,0
DA:2040,0
DA:2054,152
DA:2057,68
DA:2061,68
DA:2065,26
DA:2068,68
DA:2071,204
DA:2077,204
DA:2079,204
DA:2084,198
DA:2087,6
DA:2090,6
DA:2095,6
DA:2100,6
DA:2101,4
DA:2102,4
DA:2103,4
DA:2106,4
DA:2110,4
DA:2122,152
DA:2125,18
DA:2129,18
DA:2131,0
DA:2134,0
DA:2139,0
DA:2140,0
DA:2143,0
DA:2146,0
DA:2148,0
DA:2150,0
DA:2156,0
DA:2157,0
DA:2160,0
DA:2170,152
DA:2173,1
DA:2177,1
DA:2181,152
DA:2184,0
DA:2188,0
DA:2191,0
DA:2192,0
DA:2200,152
DA:2203,0
DA:2206,0
DA:2208,0
DA:2210,0
DA:2224,152
DA:2229,0
DA:2232,152
DA:2235,48
DA:2239,46
DA:2240,46
DA:2242,2
DA:2246,152
DA:2249,1
DA:2252,1
DA:2269,0
DA:2274,0
DA:2293,0
DA:2297,0
DA:2310,152
DA:2312,152
DA:2314,272
DA:2316,272
DA:2323,152
DA:2325,282
DA:2326,282
DA:2327,272
DA:2332,152
DA:2334,152
DA:2336,152
DA:2351,0
DA:2355,0
DA:2356,0
DA:2357,0
DA:2358,0
DA:2360,0
DA:2384,275
DA:2389,275
DA:2394,275
DA:2396,275
DA:2398,275
DA:2410,275
DA:2415,3
DA:2416,3
DA:2419,3
DA:2421,0
DA:2422,0
DA:2425,3
DA:2429,275
DA:2431,275
DA:2448,326
DA:2449,326
DA:2450,326
DA:2451,326
DA:2503,19
DA:2505,19
DA:2841,0
DA:2856,0
DA:2859,0
DA:2955,0
DA:2958,0
DA:3071,2
DA:3072,1
DA:3074,1
DA:3075,1
DA:3436,0
DA:3439,0
DA:3677,0
DA:3680,0
DA:3681,0
DA:3683,0
DA:3689,0
DA:3774,0
DA:3798,0
DA:3801,0
DA:3805,0
DA:3809,0
DA:3864,0
DA:3865,0
DA:3870,0
DA:3888,2
DA:3892,2
DA:3897,2
DA:3899,2
DA:3900,2
DA:3903,0
DA:3904,0
DA:3908,0
DA:3910,0
DA:3911,0
DA:3916,0
DA:3918,0
DA:3922,0
DA:3930,152
DA:3931,152
DA:3932,152
DA:3939,0
DA:3941,0
DA:3942,0
DA:3943,0
DA:3945,0
DA:3947,0
DA:3948,0
DA:3951,0
DA:3952,0
DA:3955,0
DA:3960,0
DA:3961,0
DA:3966,0
DA:3980,5
DA:3981,5
DA:3983,5
DA:3986,0
DA:3987,0
DA:3989,0
DA:4007,0
DA:4008,0
DA:4010,0
DA:4012,0
DA:4014,0
DA:4016,0
DA:4018,0
DA:4020,0
DA:4022,0
DA:4024,0
DA:4037,0
DA:4038,0
DA:4041,0
DA:4044,0
DA:4046,0
DA:4049,0
DA:4052,0
DA:4054,0
DA:4059,0
DA:4060,0
DA:4062,0
DA:4078,6
DA:4079,6
DA:4080,32
DA:4081,18
DA:4083,14
DA:4084,14
DA:4085,3
DA:4087,11
DA:4088,11
DA:4089,1
DA:4091,10
DA:4094,10
DA:4095,1
DA:4097,9
DA:4098,9
DA:4101,6
DA:4102,16
DA:4116,6
DA:4117,6
DA:4123,2
DA:4126,1
DA:4128,1
DA:4131,4
DA:4132,4
DA:4142,0
DA:4145,0
DA:4163,0
DA:4166,0
DA:4181,2
DA:4182,2
DA:4204,2
DA:4214,2
DA:4230,0
DA:4245,3
DA:4246,3
DA:4254,3
DA:4255,3
DA:4258,0
DA:4269,0
DA:4272,0
DA:4274,0
DA:4275,0
DA:4280,0
DA:4281,0
DA:4282,0
DA:4284,0
DA:4285,0
DA:4289,0
DA:4290,0
DA:4293,0
DA:4295,0
DA:4296,0
DA:4300,0
DA:4304,0
DA:4305,0
DA:4329,5
DA:4330,0
DA:4335,5
DA:4336,1
DA:4343,4
DA:4347,4
DA:4348,1
DA:4354,3
DA:4355,3
DA:4356,0
DA:4362,3
DA:4363,3
DA:4364,1
DA:4383,152
DA:4388,2
DA:4389,2
DA:4391,2
DA:4396,2
DA:4400,2
DA:4430,152
DA:4432,1
DA:4436,1
DA:4437,1
DA:4438,0
DA:4444,1
DA:4445,1
DA:4446,0
DA:4451,1
DA:4452,1
DA:4453,1
DA:4463,1
DA:4470,152
DA:4476,6
DA:4482,6
DA:4483,5
DA:4486,2
DA:4491,1
DA:4493,1
DA:4499,2
DA:4503,0
DA:4510,0
DA:4519,0
DA:4533,1
DA:4534,1
DA:4544,0
DA:4545,0
DA:4546,0
DA:4547,0
DA:4550,0
DA:4586,5
DA:4587,5
DA:4588,5
DA:4589,5
DA:4590,5
DA:4592,5
DA:4593,5
DA:4594,2
DA:4595,2
DA:4603,2
DA:4610,3
DA:4611,0
DA:4612,3
DA:4613,0
DA:4615,3
DA:4619,3
DA:4620,3
DA:4623,3
DA:4630,3
DA:4632,3
DA:4646,3
DA:4647,0
DA:4648,3
DA:4649,0
DA:4651,3
DA:4655,3
DA:4676,18
DA:4678,18
DA:4681,18
DA:4686,18
DA:4696,1
DA:4698,1
DA:4699,0
DA:4703,1
DA:4704,1
DA:4707,1
DA:4726,1
DA:4728,1
DA:4735,1
DA:4736,1
DA:4740,1
DA:4754,1
DA:4755,1
DA:4768,1
DA:4769,1
DA:4770,1
DA:4781,18
DA:4782,18
DA:4784,18
DA:4786,18
DA:4788,18
DA:4789,18
DA:4790,0
DA:4792,18
DA:4793,18
DA:4796,18
DA:4797,0
DA:4798,0
DA:4801,0
DA:4803,0
DA:4812,18
DA:4814,18
DA:4819,18
DA:4824,18
DA:4826,0
DA:4829,18
DA:4833,0
DA:4837,0
DA:4838,0
DA:4844,0
DA:4848,0
DA:4849,0
DA:4857,0
DA:4859,18
DA:4862,18
DA:4865,18
DA:4874,0
DA:4876,0
DA:4884,0
DA:4887,0
DA:4892,0
DA:4893,0
DA:4895,0
DA:4904,18
DA:4910,0
DA:4911,0
DA:4912,0
DA:4914,0
DA:4922,0
DA:4925,18
DA:4928,18
DA:4929,18
DA:4932,18
DA:4934,18
DA:4935,18
DA:4936,0
DA:4940,18
DA:4941,18
DA:4944,18
DA:4951,18
DA:4952,18
DA:4954,0
DA:4957,18
DA:4958,36
DA:4959,18
DA:4960,18
DA:4964,18
DA:4965,18
DA:4966,18
DA:4967,18
DA:4968,18
DA:4969,18
DA:4970,18
DA:4971,18
DA:4975,9
DA:4997,18
DA:4998,18
DA:4999,18
DA:5000,18
DA:5002,18
DA:5014,21
DA:5015,18
DA:5016,3
DA:5017,0
DA:5019,3
DA:5022,21
DA:5023,0
DA:5031,21
DA:5032,2
DA:5035,21
DA:5037,21
DA:5038,21
DA:5040,0
DA:5043,21
DA:5052,21
DA:5055,21
DA:5057,21
DA:5063,21
DA:5070,21
DA:5071,21
DA:5073,21
DA:5074,1
DA:5080,21
DA:5081,3
DA:5094,3
DA:5095,0
DA:5096,3
DA:5097,0
DA:5099,3
DA:5102,3
DA:5103,0
DA:5111,3
DA:5112,1
DA:5115,3
DA:5117,3
DA:5118,3
DA:5119,0
DA:5122,3
DA:5131,3
DA:5134,3
DA:5136,3
DA:5147,3
DA:5148,3
DA:5152,3
DA:5159,0
DA:5160,0
DA:5162,0
DA:5163,0
DA:5177,24
DA:5186,0
DA:5187,0
DA:5193,0
DA:5197,0
DA:5201,0
DA:5204,0
DA:5230,0
DA:5236,0
DA:5241,0
DA:5250,0
DA:5251,0
DA:5252,0
DA:5258,0
DA:5261,0
DA:5277,0
DA:5300,21
DA:5303,21
DA:5306,21
DA:5307,21
DA:5311,21
DA:5319,21
DA:5323,21
DA:5324,21
DA:5325,21
DA:5326,0
DA:5330,21
DA:5331,2
DA:5335,21
DA:5336,1
DA:5339,21
DA:5340,21
DA:5342,21
DA:5344,21
DA:5358,21
DA:5360,21
DA:5372,21
DA:5392,21
DA:5401,21
DA:5410,21
DA:5414,21
DA:5424,21
DA:5436,21
DA:5438,21
DA:5439,0
DA:5446,0
DA:5448,0
DA:5450,0
DA:5461,21
DA:5465,21
DA:5471,21
DA:5472,3
DA:5480,3
DA:5482,0
DA:5493,3
DA:5496,0
DA:5504,0
DA:5513,21
DA:5514,3
DA:5524,21
DA:5529,21
DA:5536,21
DA:5544,21
DA:5551,0
DA:5584,0
DA:5591,0
DA:5601,0
DA:5602,0
DA:5611,0
DA:5616,0
DA:5620,21
DA:5629,0
DA:5633,0
DA:5636,0
DA:5639,0
DA:5648,0
DA:5651,0
DA:5684,0
DA:5685,0
DA:5686,0
DA:5700,21
DA:5701,21
DA:5703,21
DA:5705,21
DA:5707,21
DA:5708,0
DA:5711,21
DA:5713,21
DA:5735,3
DA:5738,3
DA:5741,3
DA:5742,3
DA:5746,3
DA:5747,1
DA:5751,3
DA:5752,1
DA:5755,3
DA:5757,3
DA:5758,3
DA:5760,3
DA:5766,3
DA:5775,0
DA:5777,3
DA:5780,3
DA:5784,3
DA:5794,3
DA:5806,3
DA:5813,3
DA:5818,0
DA:5831,3
DA:5841,0
DA:5855,0
DA:5867,0
DA:5879,0
DA:5895,3
DA:5905,3
DA:5906,3
DA:5919,3
DA:5925,3
DA:5941,3
DA:5950,3
DA:5952,3
DA:5954,3
DA:5955,3
DA:5962,0
DA:5968,0
DA:5969,0
DA:5973,0
DA:5984,3
DA:5985,0
DA:5986,0
DA:5990,3
DA:5995,3
DA:6002,3
DA:6003,0
DA:6006,0
DA:6007,0
DA:6010,3
DA:6011,0
DA:6012,0
DA:6018,3
DA:6033,3
DA:6035,3
DA:6036,3
DA:6038,3
DA:6039,0
DA:6057,24
DA:6058,18
DA:6061,6
DA:6062,6
DA:6065,6
DA:6066,6
DA:6072,6
DA:6083,3
DA:6084,3
DA:6085,0
DA:6088,3
DA:6090,3
DA:6091,3
DA:6109,24
DA:6110,24
DA:6111,0
DA:6112,0
DA:6113,0
DA:6115,0
DA:6116,0
DA:6138,130
DA:6139,0
DA:6140,0
DA:6142,130
DA:6143,3
DA:6144,3
DA:6145,3
DA:6147,0
DA:6148,0
DA:6150,0
DA:6168,3
DA:6169,3
DA:6170,3
DA:6173,0
DA:6182,36
DA:6189,36
DA:6199,4
DA:6201,4
DA:6202,4
DA:6214,130
DA:6215,130
DA:6226,130
DA:6233,152
DA:6241,0
DA:6252,152
DA:6253,152
DA:6254,141
DA:6256,119
DA:6257,119
DA:6259,22
DA:6265,22
DA:6276,0
DA:6281,0
DA:6283,0
DA:6284,0
DA:6288,2
DA:6291,0
DA:6301,0
DA:6302,0
DA:6305,0
DA:6333,0
DA:6340,0
DA:6342,0
DA:6348,0
DA:6350,0
DA:6351,0
DA:6353,0
DA:6356,1
DA:6359,1
DA:6362,0
DA:6367,0
DA:6368,0
DA:6371,0
DA:6372,0
DA:6373,0
DA:6384,0
DA:6390,0
DA:6392,0
DA:6394,0
DA:6399,0
DA:6400,0
DA:6404,0
DA:6406,0
DA:6407,0
DA:6413,0
DA:6415,0
DA:6416,0
DA:6420,0
DA:6423,0
DA:6426,0
DA:6431,0
DA:6435,2
DA:6439,2
DA:6449,2
DA:6470,0
DA:6472,0
DA:6474,0
DA:6478,0
DA:6481,0
DA:6483,0
DA:6487,0
DA:6490,0
DA:6493,0
DA:6498,0
DA:6499,0
DA:6501,0
DA:6511,0
DA:6512,0
DA:6513,0
DA:6514,0
DA:6515,0
DA:6516,0
DA:6517,0
DA:6518,0
DA:6519,0
DA:6520,0
DA:6521,0
DA:6522,0
DA:6524,0
DA:6536,0
DA:6538,0
DA:6539,0
DA:6542,0
DA:6543,0
DA:6544,0
DA:6545,0
DA:6546,0
DA:6547,0
DA:6548,0
DA:6549,0
DA:6550,0
DA:6556,0
DA:6565,1
DA:6566,1
DA:6567,1
DA:6585,1
DA:6589,1
DA:6590,1
DA:6592,1
DA:6602,1
DA:6605,152
DA:6606,0
DA:6607,0
DA:6615,0
DA:6616,0
DA:6622,43
DA:6626,43
DA:6627,0
DA:6628,0
DA:6634,0
DA:6652,0
DA:6656,24
DA:6662,24
DA:6681,6
DA:6682,2
DA:6685,4
DA:6687,12
DA:6688,12
DA:6692,4
DA:6693,4
DA:6694,4
DA:6695,9
DA:6698,4
DA:6700,13
DA:6714,0
DA:6715,0
DA:6717,0
DA:6718,0
DA:6720,0
DA:6723,0
DA:6727,0
DA:6744,130
DA:6745,0
DA:6754,3
DA:6766,0
DA:6771,0
DA:6773,0
DA:6775,0
DA:6780,0
DA:6789,0
DA:6790,0
DA:6791,0
DA:6792,0
DA:6795,0
DA:6802,0
DA:6803,0
DA:6805,0
DA:6807,0
DA:6810,0
DA:6814,0
DA:6817,0
DA:6818,0
DA:6823,0
DA:6831,0
DA:6833,0
DA:6835,0
DA:6836,0
DA:6839,0
DA:6841,0
DA:6845,0
DA:6846,0
DA:6850,0
DA:6856,0
DA:6857,0
DA:6858,0
DA:6863,0
DA:6866,0
DA:6868,0
DA:6873,0
DA:6874,0
DA:6886,0
DA:6888,0
DA:6891,0
DA:6895,0
DA:6896,0
DA:6902,0
DA:6903,0
DA:6909,0
DA:6916,0
DA:6917,0
DA:6918,0
DA:6919,0
DA:6924,0
DA:6925,0
DA:6927,0
DA:6929,0
DA:6930,0
DA:6934,0
DA:6944,0
DA:6945,0
DA:6946,0
DA:6947,0
DA:6948,0
DA:6950,0
DA:6956,0
DA:6957,0
DA:6959,0
DA:6966,0
DA:6967,0
DA:6976,0
DA:6978,0
DA:6979,0
DA:6985,0
DA:6991,0
DA:6992,0
DA:6993,0
DA:6994,0
DA:6996,0
DA:6998,0
DA:6999,0
DA:7002,0
DA:7019,4
DA:7025,152
DA:7029,152
DA:7035,152
DA:7039,0
DA:7041,0
DA:7070,152
DA:7089,0
DA:7093,0
DA:7100,0
DA:7121,6
DA:7122,6
DA:7127,6
DA:7134,4
DA:7139,2
DA:7144,2
DA:7149,2
DA:7153,2
LF:1296
LH:736
BRDA:461,0,0,0
BRDA:473,1,0,152
BRDA:473,1,1,152
BRDA:477,2,0,152
BRDA:477,2,1,3
BRDA:490,3,0,152
BRDA:490,3,1,152
BRDA:532,4,0,152
BRDA:532,4,1,0
BRDA:533,5,0,1
BRDA:533,5,1,151
BRDA:556,6,0,9
BRDA:556,6,1,27
BRDA:556,7,0,36
BRDA:556,7,1,27
BRDA:607,8,0,152
BRDA:607,8,1,0
BRDA:677,9,0,152
BRDA:677,9,1,0
BRDA:882,10,0,0
BRDA:882,10,1,0
BRDA:890,11,0,0
BRDA:890,11,1,0
BRDA:972,12,0,2
BRDA:972,12,1,2
BRDA:972,13,0,4
BRDA:972,13,1,4
BRDA:985,14,0,1
BRDA:985,14,1,1
BRDA:1014,15,0,0
BRDA:1014,15,1,0
BRDA:1017,16,0,0
BRDA:1017,16,1,0
BRDA:1224,17,0,0
BRDA:1224,17,1,0
BRDA:1231,18,0,0
BRDA:1231,18,1,4
BRDA:1231,19,0,4
BRDA:1231,19,1,4
BRDA:1245,20,0,2
BRDA:1245,20,1,2
BRDA:1254,21,0,0
BRDA:1254,21,1,3
BRDA:1256,22,0,0
BRDA:1256,22,1,0
BRDA:1301,23,0,2
BRDA:1301,23,1,5
BRDA:1302,24,0,7
BRDA:1302,24,1,5
BRDA:1318,25,0,5
BRDA:1318,25,1,3
BRDA:1397,26,0,152
BRDA:1397,26,1,0
BRDA:1465,27,0,152
BRDA:1465,27,1,0
BRDA:1514,28,0,21
BRDA:1514,28,1,131
BRDA:1515,29,0,20
BRDA:1515,29,1,1
BRDA:1528,30,0,0
BRDA:1528,30,1,152
BRDA:1529,31,0,152
BRDA:1529,31,1,152
BRDA:1529,31,2,0
BRDA:1529,31,3,0
BRDA:1544,32,0,152
BRDA:1544,32,1,0
BRDA:1563,33,0,0
BRDA:1563,33,1,152
BRDA:1582,34,0,0
BRDA:1582,34,1,0
BRDA:1602,35,0,0
BRDA:1602,35,1,0
BRDA:1607,36,0,0
BRDA:1607,36,1,0
BRDA:1608,37,0,0
BRDA:1608,37,1,0
BRDA:1608,37,2,0
BRDA:1608,37,3,0
BRDA:1634,38,0,0
BRDA:1637,39,0,1
BRDA:1637,39,1,1
BRDA:1645,40,0,0
BRDA:1645,40,1,0
BRDA:1649,41,0,0
BRDA:1649,41,1,0
BRDA:1650,42,0,0
BRDA:1650,42,1,0
BRDA:1657,43,0,0
BRDA:1657,43,1,0
BRDA:1668,44,0,0
BRDA:1668,44,1,0
BRDA:1669,45,0,0
BRDA:1669,45,1,0
BRDA:1679,46,0,0
BRDA:1679,46,1,0
BRDA:1687,47,0,0
BRDA:1687,47,1,0
BRDA:1688,48,0,0
BRDA:1688,48,1,0
BRDA:1697,49,0,0
BRDA:1697,49,1,0
BRDA:1698,50,0,0
BRDA:1698,50,1,0
BRDA:1707,51,0,0
BRDA:1707,51,1,0
BRDA:1714,52,0,27
BRDA:1714,52,1,0
BRDA:1721,53,0,27
BRDA:1721,53,1,0
BRDA:1739,54,0,1
BRDA:1739,54,1,8
BRDA:1740,55,0,9
BRDA:1740,55,1,9
BRDA:1740,55,2,8
BRDA:1747,56,0,3
BRDA:1747,56,1,5
BRDA:1767,57,0,2
BRDA:1767,57,1,20
BRDA:1780,58,0,0
BRDA:1780,58,1,9
BRDA:1785,59,0,2
BRDA:1785,59,1,0
BRDA:1848,60,0,3
BRDA:1848,60,1,10
BRDA:1848,61,0,13
BRDA:1848,61,1,7
BRDA:1851,62,0,0
BRDA:1851,62,1,13
BRDA:1852,63,0,13
BRDA:1852,63,1,13
BRDA:1852,63,2,7
BRDA:1852,63,3,0
BRDA:1857,64,0,0
BRDA:1857,64,1,0
BRDA:1871,65,0,0
BRDA:1871,65,1,13
BRDA:1872,66,0,13
BRDA:1872,66,1,7
BRDA:1872,66,2,0
BRDA:1876,67,0,0
BRDA:1876,67,1,0
BRDA:1889,68,0,43
BRDA:1889,68,1,5
BRDA:1889,69,0,48
BRDA:1889,69,1,48
BRDA:1901,70,0,0
BRDA:1901,70,1,0
BRDA:1904,71,0,0
BRDA:1904,71,1,0
BRDA:1954,72,0,0
BRDA:1954,72,1,0
BRDA:1955,73,0,0
BRDA:1955,73,1,0
BRDA:1976,74,0,0
BRDA:1976,74,1,0
BRDA:1977,75,0,0
BRDA:1977,75,1,0
BRDA:1981,76,0,0
BRDA:1981,76,1,0
BRDA:2015,77,0,0
BRDA:2015,77,1,0
BRDA:2024,78,0,0
BRDA:2024,78,1,0
BRDA:2039,79,0,0
BRDA:2039,79,1,0
BRDA:2042,80,0,0
BRDA:2042,80,1,0
BRDA:2079,81,0,198
BRDA:2079,81,1,6
BRDA:2080,82,0,204
BRDA:2080,82,1,30
BRDA:2080,82,2,8
BRDA:2106,83,0,4
BRDA:2106,83,1,0
BRDA:2107,84,0,4
BRDA:2107,84,1,4
BRDA:2139,85,0,0
BRDA:2139,85,1,0
BRDA:2148,86,0,0
BRDA:2148,86,1,0
BRDA:2148,87,0,0
BRDA:2148,87,1,0
BRDA:2156,88,0,0
BRDA:2156,88,1,0
BRDA:2188,89,0,0
BRDA:2188,89,1,0
BRDA:2224,90,0,0
BRDA:2224,90,1,152
BRDA:2235,91,0,46
BRDA:2235,91,1,2
BRDA:2236,92,0,48
BRDA:2236,92,1,4
BRDA:2249,93,0,1
BRDA:2249,93,1,0
BRDA:2319,94,0,272
BRDA:2319,94,1,0
BRDA:2326,95,0,272
BRDA:2326,95,1,10
BRDA:2349,96,0,0
BRDA:2349,97,0,0
BRDA:2356,98,0,0
BRDA:2356,98,1,0
BRDA:2380,99,0,272
BRDA:2381,100,0,272
BRDA:2382,101,0,275
BRDA:2410,102,0,3
BRDA:2410,102,1,272
BRDA:2411,103,0,275
BRDA:2411,103,1,272
BRDA:2411,103,2,3
BRDA:2433,104,0,275
BRDA:2433,104,1,269
BRDA:3071,105,0,1
BRDA:3071,105,1,1
BRDA:3899,106,0,2
BRDA:3899,106,1,0
BRDA:3899,107,0,2
BRDA:3899,107,1,2
BRDA:3908,108,0,0
BRDA:3908,108,1,0
BRDA:3942,109,0,0
BRDA:3942,109,1,0
BRDA:3942,110,0,0
BRDA:3942,110,1,0
BRDA:3947,111,0,0
BRDA:3947,111,1,0
BRDA:3986,112,0,0
BRDA:3986,112,1,0
BRDA:4008,113,0,0
BRDA:4008,113,1,0
BRDA:4008,113,2,0
BRDA:4008,113,3,0
BRDA:4008,113,4,0
BRDA:4008,113,5,0
BRDA:4008,113,6,0
BRDA:4008,113,7,0
BRDA:4041,114,0,0
BRDA:4041,114,1,0
BRDA:4041,114,2,0
BRDA:4041,114,3,0
BRDA:4041,114,4,0
BRDA:4041,114,5,0
BRDA:4059,115,0,0
BRDA:4059,115,1,0
BRDA:4080,116,0,18
BRDA:4080,116,1,14
BRDA:4084,117,0,3
BRDA:4084,117,1,11
BRDA:4088,118,0,1
BRDA:4088,118,1,10
BRDA:4094,119,0,1
BRDA:4094,119,1,9
BRDA:4102,120,0,16
BRDA:4102,120,1,3
BRDA:4102,121,0,16
BRDA:4102,121,1,5
BRDA:4123,122,0,1
BRDA:4123,122,1,1
BRDA:4180,123,0,2
BRDA:4254,124,0,3
BRDA:4254,124,1,0
BRDA:4274,125,0,0
BRDA:4274,125,1,0
BRDA:4284,126,0,0
BRDA:4284,126,1,0
BRDA:4304,127,0,0
BRDA:4304,127,1,0
BRDA:4329,128,0,0
BRDA:4329,128,1,5
BRDA:4335,129,0,1
BRDA:4335,129,1,4
BRDA:4347,130,0,1
BRDA:4347,130,1,3
BRDA:4355,131,0,0
BRDA:4355,131,1,3
BRDA:4363,132,0,1
BRDA:4363,132,1,2
BRDA:4363,133,0,3
BRDA:4363,133,1,2
BRDA:4363,133,2,2
BRDA:4391,134,0,1
BRDA:4391,134,1,1
BRDA:4391,135,0,2
BRDA:4391,135,1,1
BRDA:4404,136,0,2
BRDA:4404,136,1,0
BRDA:4437,137,0,0
BRDA:4437,137,1,1
BRDA:4445,138,0,0
BRDA:4445,138,1,1
BRDA:4445,139,0,1
BRDA:4445,139,1,1
BRDA:4445,139,2,1
BRDA:4452,140,0,1
BRDA:4452,140,1,0
BRDA:4456,141,0,1
BRDA:4456,141,1,0
BRDA:4460,142,0,1
BRDA:4460,142,1,0
BRDA:4476,143,0,6
BRDA:4476,143,1,0
BRDA:4476,143,2,0
BRDA:4476,143,3,0
BRDA:4482,144,0,5
BRDA:4482,144,1,1
BRDA:4550,145,0,0
BRDA:4550,145,1,0
BRDA:4586,146,0,5
BRDA:4586,146,1,0
BRDA:4587,147,0,5
BRDA:4587,147,1,0
BRDA:4588,148,0,5
BRDA:4588,148,1,0
BRDA:4593,149,0,2
BRDA:4593,149,1,3
BRDA:4610,150,0,0
BRDA:4610,150,1,3
BRDA:4612,151,0,0
BRDA:4612,151,1,3
BRDA:4612,152,0,3
BRDA:4612,152,1,0
BRDA:4630,153,0,3
BRDA:4630,153,1,0
BRDA:4646,154,0,0
BRDA:4646,154,1,3
BRDA:4648,155,0,0
BRDA:4648,155,1,3
BRDA:4648,156,0,3
BRDA:4648,156,1,0
BRDA:4698,157,0,0
BRDA:4698,157,1,1
BRDA:4728,158,0,1
BRDA:4728,158,1,0
BRDA:4729,159,0,1
BRDA:4729,159,1,1
BRDA:4729,159,2,1
BRDA:4729,159,3,1
BRDA:4789,160,0,0
BRDA:4789,160,1,18
BRDA:4797,161,0,0
BRDA:4797,161,1,0
BRDA:4797,162,0,0
BRDA:4797,162,1,0
BRDA:4824,163,0,18
BRDA:4824,163,1,0
BRDA:4829,164,0,18
BRDA:4829,164,1,0
BRDA:4866,165,0,18
BRDA:4866,165,1,0
BRDA:4866,165,2,0
BRDA:4866,165,3,0
BRDA:4866,165,4,0
BRDA:4892,166,0,0
BRDA:4892,166,1,0
BRDA:4892,167,0,0
BRDA:4892,167,1,0
BRDA:4908,168,0,18
BRDA:4908,168,1,0
BRDA:4921,169,0,0
BRDA:4935,170,0,0
BRDA:4935,170,1,18
BRDA:4951,171,0,18
BRDA:4951,171,1,0
BRDA:4958,172,0,18
BRDA:4958,172,1,18
BRDA:4971,173,0,9
BRDA:4971,173,1,9
BRDA:5014,174,0,18
BRDA:5014,174,1,3
BRDA:5016,175,0,0
BRDA:5016,175,1,3
BRDA:5022,176,0,0
BRDA:5022,176,1,21
BRDA:5022,177,0,21
BRDA:5022,177,1,0
BRDA:5031,178,0,2
BRDA:5031,178,1,19
BRDA:5031,179,0,21
BRDA:5031,179,1,3
BRDA:5038,180,0,0
BRDA:5038,180,1,21
BRDA:5038,181,0,21
BRDA:5038,181,1,3
BRDA:5071,182,0,21
BRDA:5071,182,1,3
BRDA:5073,183,0,1
BRDA:5073,183,1,20
BRDA:5073,184,0,21
BRDA:5073,184,1,21
BRDA:5080,185,0,3
BRDA:5080,185,1,18
BRDA:5094,186,0,0
BRDA:5094,186,1,3
BRDA:5096,187,0,0
BRDA:5096,187,1,3
BRDA:5102,188,0,0
BRDA:5102,188,1,3
BRDA:5102,189,0,3
BRDA:5102,189,1,0
BRDA:5111,190,0,1
BRDA:5111,190,1,2
BRDA:5111,191,0,3
BRDA:5111,191,1,1
BRDA:5118,192,0,0
BRDA:5118,192,1,3
BRDA:5118,193,0,3
BRDA:5118,193,1,1
BRDA:5160,194,0,0
BRDA:5160,194,1,0
BRDA:5162,195,0,0
BRDA:5162,195,1,0
BRDA:5162,196,0,0
BRDA:5162,196,1,0
BRDA:5193,197,0,0
BRDA:5193,197,1,0
BRDA:5230,198,0,0
BRDA:5230,198,1,0
BRDA:5251,199,0,0
BRDA:5251,199,1,0
BRDA:5251,200,0,0
BRDA:5251,200,1,0
BRDA:5262,201,0,0
BRDA:5262,201,1,0
BRDA:5306,202,0,21
BRDA:5306,202,1,0
BRDA:5330,203,0,2
BRDA:5330,203,1,19
BRDA:5335,204,0,1
BRDA:5335,204,1,20
BRDA:5438,205,0,0
BRDA:5438,205,1,21
BRDA:5438,206,0,21
BRDA:5438,206,1,0
BRDA:5471,207,0,3
BRDA:5471,207,1,18
BRDA:5513,208,0,3
BRDA:5513,208,1,18
BRDA:5554,209,0,0
BRDA:5554,209,1,0
BRDA:5555,210,0,0
BRDA:5555,210,1,0
BRDA:5558,211,0,0
BRDA:5558,211,1,0
BRDA:5561,212,0,0
BRDA:5561,212,1,0
BRDA:5564,213,0,0
BRDA:5564,213,1,0
BRDA:5633,214,0,0
BRDA:5633,214,1,0
BRDA:5654,215,0,0
BRDA:5654,215,1,0
BRDA:5655,216,0,0
BRDA:5655,216,1,0
BRDA:5658,217,0,0
BRDA:5658,217,1,0
BRDA:5661,218,0,0
BRDA:5661,218,1,0
BRDA:5664,219,0,0
BRDA:5664,219,1,0
BRDA:5686,220,0,0
BRDA:5686,220,1,0
BRDA:5707,221,0,0
BRDA:5707,221,1,21
BRDA:5707,222,0,21
BRDA:5707,222,1,0
BRDA:5741,223,0,3
BRDA:5741,223,1,0
BRDA:5746,224,0,1
BRDA:5746,224,1,2
BRDA:5751,225,0,1
BRDA:5751,225,1,2
BRDA:5760,226,0,3
BRDA:5760,226,1,0
BRDA:5760,226,2,0
BRDA:5766,227,0,0
BRDA:5766,227,1,3
BRDA:5767,228,0,3
BRDA:5767,228,1,3
BRDA:5840,229,0,0
BRDA:5905,230,0,3
BRDA:5905,230,1,0
BRDA:5969,231,0,0
BRDA:5969,231,1,0
BRDA:5970,232,0,0
BRDA:5970,232,1,0
BRDA:5985,233,0,0
BRDA:5985,233,1,0
BRDA:5985,234,0,0
BRDA:5985,234,1,0
BRDA:6038,235,0,0
BRDA:6038,235,1,3
BRDA:6038,236,0,3
BRDA:6038,236,1,3
BRDA:6057,237,0,18
BRDA:6057,237,1,6
BRDA:6061,238,0,6
BRDA:6061,238,1,0
BRDA:6084,239,0,0
BRDA:6084,239,1,3
BRDA:6090,240,0,3
BRDA:6090,240,1,0
BRDA:6110,241,0,0
BRDA:6110,241,1,24
BRDA:6112,242,0,0
BRDA:6112,242,1,0
BRDA:6112,243,0,0
BRDA:6112,243,1,0
BRDA:6115,244,0,0
BRDA:6115,244,1,0
BRDA:6138,245,0,130
BRDA:6138,245,1,0
BRDA:6144,246,0,3
BRDA:6144,246,1,0
BRDA:6144,247,0,3
BRDA:6144,247,1,3
BRDA:6169,248,0,3
BRDA:6169,248,1,0
BRDA:6214,249,0,130
BRDA:6214,249,1,21
BRDA:6253,250,0,152
BRDA:6253,250,1,22
BRDA:6254,251,0,119
BRDA:6254,251,1,22
BRDA:6302,252,0,0
BRDA:6302,252,1,0
BRDA:6308,253,0,0
BRDA:6308,253,1,0
BRDA:6309,254,0,0
BRDA:6309,254,1,0
BRDA:6312,255,0,0
BRDA:6312,255,1,0
BRDA:6315,256,0,0
BRDA:6315,256,1,0
BRDA:6316,257,0,0
BRDA:6316,257,1,0
BRDA:6367,258,0,0
BRDA:6367,258,1,0
BRDA:6399,259,0,0
BRDA:6399,259,1,0
BRDA:6404,260,0,0
BRDA:6404,260,1,0
BRDA:6406,261,0,0
BRDA:6406,261,1,0
BRDA:6408,262,0,0
BRDA:6408,262,1,0
BRDA:6478,263,0,0
BRDA:6478,263,1,0
BRDA:6487,264,0,0
BRDA:6487,264,1,0
BRDA:6487,265,0,0
BRDA:6487,265,1,0
BRDA:6498,266,0,0
BRDA:6498,266,1,0
BRDA:6566,267,0,1
BRDA:6566,267,1,0
BRDA:6615,268,0,0
BRDA:6615,268,1,0
BRDA:6627,269,0,0
BRDA:6627,269,1,0
BRDA:6642,270,0,0
BRDA:6642,270,1,0
BRDA:6681,271,0,2
BRDA:6681,271,1,4
BRDA:6714,272,0,0
BRDA:6714,272,1,0
BRDA:6766,273,0,0
BRDA:6766,273,1,0
BRDA:6805,274,0,0
BRDA:6805,274,1,0
BRDA:6839,275,0,0
BRDA:6839,275,1,0
BRDA:6841,276,0,0
BRDA:6841,276,1,0
BRDA:6841,276,2,0
BRDA:6845,277,0,0
BRDA:6845,277,1,0
BRDA:6845,278,0,0
BRDA:6845,278,1,0
BRDA:6856,279,0,0
BRDA:6856,279,1,0
BRDA:6863,280,0,0
BRDA:6863,280,1,0
BRDA:6868,281,0,0
BRDA:6868,281,1,0
BRDA:6873,282,0,0
BRDA:6873,282,1,0
BRDA:6888,283,0,0
BRDA:6888,283,1,0
BRDA:6891,284,0,0
BRDA:6891,284,1,0
BRDA:6895,285,0,0
BRDA:6895,285,1,0
BRDA:6897,286,0,0
BRDA:6897,286,1,0
BRDA:6897,286,2,0
BRDA:6902,287,0,0
BRDA:6902,287,1,0
BRDA:6904,288,0,0
BRDA:6904,288,1,0
BRDA:6904,288,2,0
BRDA:6916,289,0,0
BRDA:6916,289,1,0
BRDA:6919,290,0,0
BRDA:6919,290,1,0
BRDA:6920,291,0,0
BRDA:6920,291,1,0
BRDA:6920,291,2,0
BRDA:6924,292,0,0
BRDA:6924,292,1,0
BRDA:6951,293,0,0
BRDA:6951,293,1,0
BRDA:6956,294,0,0
BRDA:6956,294,1,0
BRDA:6996,295,0,0
BRDA:6996,295,1,0
BRDA:6998,296,0,0
BRDA:6998,296,1,0
BRDA:6998,297,0,0
BRDA:6998,297,1,0
BRDA:7127,298,0,4
BRDA:7127,298,1,2
BRF:622
BRH:257
end_of_record
TN:
SF:app/scripts/controllers/perps/infrastructure.ts
FN:48,getTerminalApiUrl
FN:112,createLogger
FN:114,(anonymous_2)
FN:154,(anonymous_3)
FN:173,createDebugLogger
FN:177,createMetrics
FN:185,(anonymous_6)
FN:186,(anonymous_7)
FN:220,createPerformance
FN:222,(anonymous_9)
FN:273,createTracer
FN:277,(anonymous_11)
FN:301,(anonymous_12)
FN:309,(anonymous_13)
FN:312,(anonymous_14)
FN:323,createStreamManager
FN:325,(anonymous_16)
FN:328,(anonymous_17)
FN:331,(anonymous_18)
FN:337,createFeatureFlags
FN:339,(anonymous_20)
FN:343,createMarketDataFormatters
FN:349,(anonymous_22)
FN:350,(anonymous_23)
FN:358,(anonymous_24)
FN:363,createCacheInvalidator
FN:365,(anonymous_26)
FN:368,(anonymous_27)
FN:376,getDiskCacheStorageKey
FN:380,createDiskCache
FN:386,(anonymous_30)
FN:400,(anonymous_31)
FN:404,(anonymous_32)
FN:417,createPerpsInfrastructure
FN:438,(anonymous_34)
FNF:35
FNH:35
FNDA:61,getTerminalApiUrl
FNDA:61,createLogger
FNDA:19,(anonymous_2)
FNDA:11,(anonymous_3)
FNDA:61,createDebugLogger
FNDA:61,createMetrics
FNDA:1,(anonymous_6)
FNDA:2,(anonymous_7)
FNDA:61,createPerformance
FNDA:1,(anonymous_9)
FNDA:61,createTracer
FNDA:58,(anonymous_11)
FNDA:7,(anonymous_12)
FNDA:2,(anonymous_13)
FNDA:2,(anonymous_14)
FNDA:61,createStreamManager
FNDA:1,(anonymous_16)
FNDA:1,(anonymous_17)
FNDA:1,(anonymous_18)
FNDA:61,createFeatureFlags
FNDA:1,(anonymous_20)
FNDA:61,createMarketDataFormatters
FNDA:1,(anonymous_22)
FNDA:1,(anonymous_23)
FNDA:1,(anonymous_24)
FNDA:61,createCacheInvalidator
FNDA:1,(anonymous_26)
FNDA:1,(anonymous_27)
FNDA:13,getDiskCacheStorageKey
FNDA:61,createDiskCache
FNDA:9,(anonymous_30)
FNDA:3,(anonymous_31)
FNDA:3,(anonymous_32)
FNDA:61,createPerpsInfrastructure
FNDA:3,(anonymous_34)
DA:42,1
DA:49,61
DA:53,54
DA:57,7
DA:58,1
DA:61,6
DA:65,2
DA:68,4
DA:110,1
DA:113,61
DA:142,19
DA:146,6
DA:147,6
DA:149,13
DA:150,13
DA:151,2
DA:152,2
DA:154,11
DA:155,11
DA:156,11
DA:157,2
DA:158,3
DA:161,11
DA:162,1
DA:164,11
DA:165,1
DA:167,11
DA:174,61
DA:180,61
DA:185,1
DA:193,2
DA:207,2
DA:221,61
DA:222,1
DA:226,1
DA:228,1
DA:274,61
DA:276,61
DA:278,58
DA:279,58
DA:280,58
DA:281,58
DA:282,1
DA:286,1
DA:288,58
DA:289,1
DA:290,1
DA:291,1
DA:295,1
DA:298,58
DA:299,58
DA:302,7
DA:303,7
DA:304,7
DA:305,5
DA:306,5
DA:310,2
DA:318,2
DA:324,61
DA:338,61
DA:339,1
DA:344,61
DA:349,1
DA:354,1
DA:358,1
DA:364,61
DA:374,1
DA:377,13
DA:383,61
DA:385,61
DA:387,9
DA:388,2
DA:391,7
DA:394,7
DA:395,5
DA:397,2
DA:398,2
DA:401,3
DA:402,2
DA:405,3
DA:406,2
DA:420,61
DA:442,3
DA:443,3
DA:451,2
DA:454,1
LF:86
LH:86
BRDA:49,0,0,54
BRDA:49,0,1,7
BRDA:50,1,0,61
BRDA:50,1,1,60
BRDA:57,2,0,1
BRDA:57,2,1,6
BRDA:61,3,0,2
BRDA:61,3,1,4
BRDA:62,4,0,6
BRDA:62,4,1,5
BRDA:142,5,0,6
BRDA:142,5,1,13
BRDA:143,6,0,19
BRDA:143,6,1,8
BRDA:143,6,2,2
BRDA:150,7,0,2
BRDA:150,7,1,11
BRDA:156,8,0,2
BRDA:156,8,1,9
BRDA:161,9,0,1
BRDA:161,9,1,10
BRDA:164,10,0,1
BRDA:164,10,1,10
BRDA:193,11,0,1
BRDA:193,11,1,1
BRDA:281,12,0,1
BRDA:281,12,1,57
BRDA:288,13,0,1
BRDA:288,13,1,57
BRDA:290,14,0,1
BRDA:290,14,1,0
BRDA:304,15,0,5
BRDA:304,15,1,2
BRDA:387,16,0,2
BRDA:387,16,1,7
BRDA:388,17,0,2
BRDA:388,17,1,0
BRDA:394,18,0,5
BRDA:394,18,1,2
BRDA:394,19,0,7
BRDA:394,19,1,7
BRDA:451,20,0,2
BRDA:451,20,1,1
BRF:43
BRH:41
end_of_record
TN:
SF:app/scripts/controllers/perps/perps-stream-bridge.ts
FN:202,(anonymous_0)
FN:224,(anonymous_1)
FN:226,(anonymous_2)
FN:234,(anonymous_3)
FN:243,(anonymous_4)
FN:269,(anonymous_5)
FN:273,(anonymous_6)
FN:277,(anonymous_7)
FN:283,(anonymous_8)
FN:284,(anonymous_9)
FN:292,(anonymous_10)
FN:298,(anonymous_11)
FN:305,(anonymous_12)
FN:308,(anonymous_13)
FN:311,(anonymous_14)
FN:322,(anonymous_15)
FN:325,(anonymous_16)
FN:328,(anonymous_17)
FN:346,(anonymous_18)
FN:355,(anonymous_19)
FN:358,(anonymous_20)
FN:386,(anonymous_21)
FN:414,(anonymous_22)
FN:433,(anonymous_23)
FN:439,(anonymous_24)
FN:445,(anonymous_25)
FN:456,(anonymous_26)
FN:466,(anonymous_27)
FN:485,(anonymous_28)
FN:534,(anonymous_29)
FN:596,(anonymous_30)
FN:610,(anonymous_31)
FN:677,(anonymous_32)
FN:686,(anonymous_33)
FN:691,(anonymous_34)
FN:696,(anonymous_35)
FN:701,(anonymous_36)
FN:707,(anonymous_37)
FN:715,(anonymous_38)
FN:722,(anonymous_39)
FN:762,(anonymous_40)
FN:844,(anonymous_41)
FN:864,(anonymous_42)
FN:870,(anonymous_43)
FN:909,(anonymous_44)
FN:920,(anonymous_45)
FN:967,(anonymous_46)
FN:970,(anonymous_47)
FN:980,(anonymous_48)
FN:983,(anonymous_49)
FN:1005,(anonymous_50)
FN:1009,(anonymous_51)
FN:1027,(anonymous_52)
FN:1030,(anonymous_53)
FN:1070,(anonymous_54)
FN:1076,(anonymous_55)
FN:1078,(anonymous_56)
FN:1094,(anonymous_57)
FN:1097,(anonymous_58)
FNF:59
FNH:57
FNDA:122,(anonymous_0)
FNDA:121,(anonymous_1)
FNDA:61,(anonymous_2)
FNDA:60,(anonymous_3)
FNDA:2,(anonymous_4)
FNDA:2,(anonymous_5)
FNDA:1,(anonymous_6)
FNDA:13,(anonymous_7)
FNDA:14,(anonymous_8)
FNDA:4,(anonymous_9)
FNDA:18,(anonymous_10)
FNDA:4,(anonymous_11)
FNDA:4,(anonymous_12)
FNDA:2,(anonymous_13)
FNDA:6,(anonymous_14)
FNDA:5,(anonymous_15)
FNDA:2,(anonymous_16)
FNDA:6,(anonymous_17)
FNDA:5,(anonymous_18)
FNDA:2,(anonymous_19)
FNDA:15,(anonymous_20)
FNDA:11,(anonymous_21)
FNDA:4,(anonymous_22)
FNDA:2,(anonymous_23)
FNDA:4,(anonymous_24)
FNDA:1,(anonymous_25)
FNDA:28,(anonymous_26)
FNDA:9,(anonymous_27)
FNDA:51,(anonymous_28)
FNDA:30,(anonymous_29)
FNDA:10,(anonymous_30)
FNDA:0,(anonymous_31)
FNDA:4,(anonymous_32)
FNDA:1,(anonymous_33)
FNDA:1,(anonymous_34)
FNDA:1,(anonymous_35)
FNDA:1,(anonymous_36)
FNDA:14,(anonymous_37)
FNDA:24,(anonymous_38)
FNDA:7,(anonymous_39)
FNDA:1,(anonymous_40)
FNDA:10,(anonymous_41)
FNDA:0,(anonymous_42)
FNDA:10,(anonymous_43)
FNDA:1,(anonymous_44)
FNDA:4,(anonymous_45)
FNDA:5,(anonymous_46)
FNDA:1,(anonymous_47)
FNDA:5,(anonymous_48)
FNDA:1,(anonymous_49)
FNDA:16,(anonymous_50)
FNDA:2,(anonymous_51)
FNDA:5,(anonymous_52)
FNDA:1,(anonymous_53)
FNDA:5,(anonymous_54)
FNDA:3,(anonymous_55)
FNDA:1,(anonymous_56)
FNDA:10,(anonymous_57)
FNDA:1,(anonymous_58)
DA:12,2
DA:71,2
DA:80,2
DA:98,122
DA:100,122
DA:102,122
DA:104,122
DA:106,122
DA:108,122
DA:132,122
DA:134,122
DA:148,122
DA:150,122
DA:164,122
DA:166,122
DA:175,122
DA:177,122
DA:179,122
DA:182,122
DA:184,122
DA:191,122
DA:198,122
DA:200,122
DA:203,122
DA:204,122
DA:205,122
DA:206,122
DA:207,122
DA:208,122
DA:209,122
DA:210,122
DA:211,122
DA:212,122
DA:213,122
DA:225,121
DA:227,61
DA:228,1
DA:230,60
DA:233,60
DA:235,60
DA:240,59
DA:244,2
DA:249,60
DA:254,1
DA:256,59
DA:257,59
DA:262,0
DA:264,59
DA:265,58
DA:267,59
DA:270,2
DA:271,2
DA:274,1
DA:275,1
DA:278,13
DA:279,13
DA:280,2
DA:283,14
DA:285,4
DA:286,3
DA:287,3
DA:288,3
DA:293,18
DA:294,18
DA:295,17
DA:305,4
DA:306,4
DA:309,2
DA:322,6
DA:323,5
DA:326,2
DA:346,6
DA:347,5
DA:356,2
DA:367,15
DA:369,15
DA:370,15
DA:371,1
DA:372,1
DA:375,15
DA:376,2
DA:379,13
DA:380,13
DA:381,2
DA:382,2
DA:385,11
DA:386,11
DA:387,11
DA:393,11
DA:394,1
DA:398,10
DA:399,0
DA:401,10
DA:402,10
DA:405,11
DA:406,11
DA:407,11
DA:409,11
DA:410,10
DA:421,4
DA:422,0
DA:424,4
DA:426,4
DA:427,4
DA:428,0
DA:431,4
DA:434,2
DA:435,2
DA:440,4
DA:441,1
DA:443,3
DA:444,3
DA:445,2
DA:446,1
DA:457,28
DA:467,9
DA:486,51
DA:487,51
DA:489,51
DA:490,203
DA:492,51
DA:494,51
DA:496,51
DA:497,51
DA:498,51
DA:499,51
DA:500,51
DA:501,51
DA:502,51
DA:503,51
DA:504,51
DA:508,57
DA:509,0
DA:511,57
DA:512,57
DA:513,57
DA:519,43
DA:524,14
DA:525,1
DA:527,13
DA:528,1
DA:530,12
DA:531,12
DA:532,12
DA:533,12
DA:534,12
DA:535,30
DA:541,12
DA:542,12
DA:543,12
DA:544,1
DA:547,11
DA:548,9
DA:549,0
DA:551,9
DA:552,9
DA:553,9
DA:554,9
DA:557,9
DA:558,3
DA:560,6
DA:561,1
DA:563,5
DA:564,5
DA:566,7
DA:567,6
DA:568,6
DA:569,5
DA:572,7
DA:577,72
DA:578,72
DA:579,5
DA:580,5
DA:582,72
DA:583,72
DA:586,72
DA:587,20
DA:592,18
DA:593,13
DA:595,5
DA:596,10
DA:598,5
DA:599,5
DA:600,0
DA:602,5
DA:603,0
DA:604,0
DA:606,5
DA:607,5
DA:611,0
DA:612,0
DA:616,5
DA:635,16
DA:636,16
DA:638,16
DA:640,16
DA:645,2
DA:648,14
DA:649,14
DA:663,6
DA:665,6
DA:669,101
DA:670,0
DA:672,101
DA:674,101
DA:675,101
DA:676,101
DA:677,101
DA:678,4
DA:679,4
DA:683,101
DA:684,101
DA:686,1
DA:689,101
DA:691,1
DA:694,101
DA:696,1
DA:699,101
DA:701,1
DA:705,101
DA:708,14
DA:713,101
DA:716,24
DA:721,101
DA:723,7
DA:727,0
DA:728,0
DA:729,0
DA:731,0
DA:732,0
DA:737,14
DA:739,14
DA:740,7
DA:741,7
DA:744,7
DA:745,6
DA:746,6
DA:755,7
DA:756,7
DA:757,7
DA:759,7
DA:760,3
DA:761,3
DA:762,2
DA:763,1
DA:782,24
DA:783,24
DA:784,24
DA:785,24
DA:787,24
DA:788,1
DA:791,23
DA:792,23
DA:793,2
DA:795,21
DA:807,21
DA:808,14
DA:809,14
DA:812,7
DA:815,7
DA:833,16
DA:834,1
DA:836,15
DA:837,4
DA:838,4
DA:840,11
DA:841,11
DA:842,11
DA:854,10
DA:860,3
DA:861,3
DA:865,0
DA:878,10
DA:879,2
DA:881,8
DA:882,8
DA:883,8
DA:884,8
DA:885,2
DA:897,6
DA:898,1
DA:900,5
DA:901,5
DA:902,5
DA:904,5
DA:905,5
DA:909,1
DA:911,5
DA:912,1
DA:915,4
DA:916,3
DA:917,3
DA:920,4
DA:921,4
DA:924,3
DA:925,0
DA:929,3
DA:935,3
DA:936,0
DA:939,3
DA:940,3
DA:942,3
DA:943,3
DA:945,3
DA:946,3
DA:949,0
DA:951,4
DA:952,3
DA:958,17
DA:960,17
DA:962,17
DA:963,12
DA:966,17
DA:967,5
DA:968,5
DA:970,1
DA:975,17
DA:976,5
DA:980,5
DA:981,5
DA:984,1
DA:994,4
DA:995,4
DA:996,4
DA:1004,16
DA:1005,16
DA:1006,16
DA:1010,2
DA:1011,2
DA:1024,5
DA:1025,5
DA:1026,5
DA:1027,5
DA:1028,5
DA:1030,1
DA:1062,5
DA:1063,5
DA:1064,5
DA:1069,5
DA:1070,5
DA:1071,5
DA:1077,3
DA:1079,1
DA:1090,10
DA:1091,0
DA:1093,10
DA:1094,10
DA:1095,10
DA:1098,1
DA:1107,34
DA:1111,48
DA:1112,48
DA:1113,2
DA:1114,2
DA:1119,226
DA:1120,226
DA:1122,2
DA:1127,68
DA:1128,1
DA:1130,68
DA:1134,68
DA:1136,68
DA:1137,12
DA:1139,68
DA:1140,12
DA:1147,20
DA:1148,20
DA:1149,4
DA:1150,4
DA:1155,46
DA:1156,46
LF:371
LH:349
BRDA:227,0,0,1
BRDA:227,0,1,60
BRDA:235,1,0,59
BRDA:235,1,1,1
BRDA:236,2,0,60
BRDA:236,2,1,60
BRDA:236,2,2,59
BRDA:249,3,0,1
BRDA:249,3,1,59
BRDA:250,4,0,60
BRDA:250,4,1,60
BRDA:250,4,2,59
BRDA:257,5,0,0
BRDA:257,5,1,59
BRDA:258,6,0,59
BRDA:258,6,1,59
BRDA:258,6,2,59
BRDA:264,7,0,58
BRDA:264,7,1,1
BRDA:279,8,0,2
BRDA:279,8,1,11
BRDA:279,9,0,13
BRDA:279,9,1,3
BRDA:285,10,0,3
BRDA:285,10,1,1
BRDA:287,11,0,3
BRDA:287,11,1,0
BRDA:294,12,0,17
BRDA:294,12,1,1
BRDA:370,13,0,1
BRDA:370,13,1,14
BRDA:375,14,0,2
BRDA:375,14,1,13
BRDA:380,15,0,2
BRDA:380,15,1,11
BRDA:393,16,0,1
BRDA:393,16,1,10
BRDA:398,17,0,0
BRDA:398,17,1,10
BRDA:401,18,0,10
BRDA:401,18,1,0
BRDA:409,19,0,10
BRDA:409,19,1,1
BRDA:421,20,0,0
BRDA:421,20,1,4
BRDA:421,21,0,4
BRDA:421,21,1,4
BRDA:427,22,0,0
BRDA:427,22,1,4
BRDA:440,23,0,1
BRDA:440,23,1,3
BRDA:444,24,0,2
BRDA:444,24,1,1
BRDA:457,25,0,28
BRDA:457,25,1,15
BRDA:468,26,0,9
BRDA:468,26,1,9
BRDA:470,27,0,9
BRDA:470,27,1,5
BRDA:470,27,2,5
BRDA:470,27,3,5
BRDA:508,28,0,0
BRDA:508,28,1,57
BRDA:513,29,0,43
BRDA:513,29,1,14
BRDA:514,30,0,57
BRDA:514,30,1,55
BRDA:514,30,2,44
BRDA:514,30,3,43
BRDA:524,31,0,1
BRDA:524,31,1,13
BRDA:524,32,0,14
BRDA:524,32,1,13
BRDA:527,33,0,1
BRDA:527,33,1,12
BRDA:535,34,0,30
BRDA:535,34,1,29
BRDA:535,34,2,29
BRDA:535,34,3,29
BRDA:535,34,4,29
BRDA:535,34,5,28
BRDA:543,35,0,1
BRDA:543,35,1,11
BRDA:548,36,0,0
BRDA:548,36,1,9
BRDA:557,37,0,3
BRDA:557,37,1,6
BRDA:557,38,0,9
BRDA:557,38,1,7
BRDA:560,39,0,1
BRDA:560,39,1,5
BRDA:566,40,0,6
BRDA:566,40,1,1
BRDA:568,41,0,5
BRDA:568,41,1,1
BRDA:578,42,0,5
BRDA:578,42,1,67
BRDA:586,43,0,20
BRDA:586,43,1,52
BRDA:592,44,0,13
BRDA:592,44,1,5
BRDA:592,45,0,18
BRDA:592,45,1,5
BRDA:592,45,2,5
BRDA:599,46,0,0
BRDA:599,46,1,5
BRDA:599,47,0,5
BRDA:599,47,1,5
BRDA:602,48,0,0
BRDA:602,48,1,5
BRDA:611,49,0,0
BRDA:611,49,1,0
BRDA:635,50,0,16
BRDA:635,50,1,16
BRDA:640,51,0,2
BRDA:640,51,1,14
BRDA:641,52,0,16
BRDA:641,52,1,16
BRDA:642,53,0,16
BRDA:642,53,1,14
BRDA:648,54,0,14
BRDA:648,54,1,0
BRDA:664,55,0,6
BRDA:664,55,1,6
BRDA:678,56,0,4
BRDA:678,56,1,0
BRDA:678,57,0,4
BRDA:678,57,1,4
BRDA:739,58,0,7
BRDA:739,58,1,7
BRDA:744,59,0,6
BRDA:744,59,1,1
BRDA:744,60,0,7
BRDA:744,60,1,7
BRDA:759,61,0,3
BRDA:759,61,1,4
BRDA:759,62,0,7
BRDA:759,62,1,3
BRDA:761,63,0,2
BRDA:761,63,1,1
BRDA:782,64,0,24
BRDA:782,64,1,0
BRDA:783,65,0,24
BRDA:783,65,1,0
BRDA:784,66,0,1
BRDA:784,66,1,23
BRDA:787,67,0,1
BRDA:787,67,1,23
BRDA:787,68,0,24
BRDA:787,68,1,24
BRDA:792,69,0,2
BRDA:792,69,1,21
BRDA:807,70,0,14
BRDA:807,70,1,7
BRDA:833,71,0,1
BRDA:833,71,1,15
BRDA:833,72,0,16
BRDA:833,72,1,16
BRDA:836,73,0,4
BRDA:836,73,1,11
BRDA:854,74,0,3
BRDA:854,74,1,7
BRDA:855,75,0,10
BRDA:855,75,1,8
BRDA:855,75,2,6
BRDA:855,75,3,6
BRDA:878,76,0,2
BRDA:878,76,1,8
BRDA:884,77,0,2
BRDA:884,77,1,6
BRDA:897,78,0,1
BRDA:897,78,1,5
BRDA:897,79,0,6
BRDA:897,79,1,6
BRDA:911,80,0,1
BRDA:911,80,1,4
BRDA:911,81,0,5
BRDA:911,81,1,4
BRDA:915,82,0,3
BRDA:915,82,1,1
BRDA:924,83,0,0
BRDA:924,83,1,3
BRDA:924,84,0,3
BRDA:924,84,1,3
BRDA:935,85,0,0
BRDA:935,85,1,3
BRDA:935,86,0,3
BRDA:935,86,1,3
BRDA:939,87,0,3
BRDA:939,87,1,0
BRDA:939,88,0,3
BRDA:939,88,1,3
BRDA:942,89,0,3
BRDA:942,89,1,0
BRDA:942,90,0,3
BRDA:942,90,1,3
BRDA:945,91,0,3
BRDA:945,91,1,0
BRDA:946,92,0,3
BRDA:946,92,1,2
BRDA:951,93,0,3
BRDA:951,93,1,1
BRDA:962,94,0,12
BRDA:962,94,1,5
BRDA:966,95,0,5
BRDA:966,95,1,12
BRDA:975,96,0,5
BRDA:975,96,1,12
BRDA:975,97,0,17
BRDA:975,97,1,5
BRDA:995,98,0,4
BRDA:995,98,1,0
BRDA:1010,99,0,2
BRDA:1010,99,1,0
BRDA:1026,100,0,5
BRDA:1026,100,1,0
BRDA:1064,101,0,5
BRDA:1064,101,1,0
BRDA:1069,102,0,1
BRDA:1069,102,1,4
BRDA:1090,103,0,0
BRDA:1090,103,1,10
BRDA:1090,104,0,10
BRDA:1090,104,1,10
BRDA:1112,105,0,2
BRDA:1112,105,1,46
BRDA:1148,106,0,4
BRDA:1148,106,1,16
BRF:228
BRH:202
end_of_record
TN:
SF:shared/lib/trace.ts
FN:171,(anonymous_0)
FN:297,trace
FN:315,(anonymous_2)
FN:331,endTrace
FN:369,getSerializedTraceContext
FN:398,extractTraceContext
FN:434,continueTraceContext
FN:442,(anonymous_7)
FN:443,(anonymous_8)
FN:447,traceCallback
FN:453,(anonymous_10)
FN:464,(anonymous_11)
FN:465,(anonymous_12)
FN:469,(anonymous_13)
FN:476,(anonymous_14)
FN:481,startTrace
FN:486,(anonymous_16)
FN:487,(anonymous_17)
FN:504,(anonymous_18)
FN:515,isValidSentrySpan
FN:531,resolveParentSpan
FN:557,hasDistributedTraceIds
FN:571,startSpan
FN:605,(anonymous_23)
FN:606,(anonymous_24)
FN:613,(anonymous_25)
FN:619,logTrace
FN:635,getTraceId
FN:639,getTraceKey
FN:646,getPerformanceTimestamp
FN:657,initScope
FN:674,initSpan
FN:686,tryCatchMaybePromise
FN:717,sentryStartSpan
FN:732,sentryStartSpanManual
FN:747,sentryWithIsolationScope
FN:753,(anonymous_36)
FN:762,sentrySetMeasurement
FN:782,sentryGetActiveSpan
FN:794,sentryContinueTrace
FNF:40
FNH:34
FNDA:0,(anonymous_0)
FNDA:65,trace
FNDA:0,(anonymous_2)
FNDA:48,endTrace
FNDA:3,getSerializedTraceContext
FNDA:3,extractTraceContext
FNDA:0,continueTraceContext
FNDA:0,(anonymous_7)
FNDA:0,(anonymous_8)
FNDA:12,traceCallback
FNDA:12,(anonymous_10)
FNDA:12,(anonymous_11)
FNDA:0,(anonymous_12)
FNDA:12,(anonymous_13)
FNDA:12,(anonymous_14)
FNDA:53,startTrace
FNDA:53,(anonymous_16)
FNDA:47,(anonymous_17)
FNDA:53,(anonymous_18)
FNDA:15,isValidSentrySpan
FNDA:65,resolveParentSpan
FNDA:51,hasDistributedTraceIds
FNDA:65,startSpan
FNDA:2,(anonymous_23)
FNDA:2,(anonymous_24)
FNDA:63,(anonymous_25)
FNDA:59,logTrace
FNDA:205,getTraceId
FNDA:104,getTraceKey
FNDA:98,getPerformanceTimestamp
FNDA:65,initScope
FNDA:20,initSpan
FNDA:12,tryCatchMaybePromise
FNDA:12,sentryStartSpan
FNDA:53,sentryStartSpanManual
FNDA:65,sentryWithIsolationScope
FNDA:133,(anonymous_36)
FNDA:7,sentrySetMeasurement
FNDA:53,sentryGetActiveSpan
FNDA:2,sentryContinueTrace
DA:162,11
DA:164,11
DA:165,11
DA:167,11
DA:168,11
DA:170,11
DA:171,0
DA:301,65
DA:302,53
DA:305,12
DA:315,11
DA:319,0
DA:332,48
DA:333,48
DA:334,48
DA:335,48
DA:337,48
DA:338,1
DA:339,1
DA:342,47
DA:343,0
DA:344,0
DA:345,0
DA:349,47
DA:351,47
DA:353,47
DA:354,47
DA:356,47
DA:372,3
DA:373,0
DA:375,3
DA:376,3
DA:377,2
DA:379,1
DA:380,1
DA:382,1
DA:384,0
DA:403,3
DA:404,1
DA:407,2
DA:408,2
DA:413,0
DA:419,2
DA:438,0
DA:439,0
DA:441,0
DA:442,0
DA:443,0
DA:451,12
DA:453,12
DA:454,12
DA:456,12
DA:459,12
DA:460,11
DA:463,12
DA:464,12
DA:466,0
DA:467,0
DA:470,12
DA:471,12
DA:476,12
DA:477,12
DA:482,53
DA:483,53
DA:484,53
DA:486,53
DA:487,53
DA:488,47
DA:491,53
DA:492,9
DA:495,53
DA:496,53
DA:497,53
DA:499,53
DA:501,53
DA:504,53
DA:505,53
DA:516,15
DA:532,65
DA:533,50
DA:536,15
DA:537,10
DA:540,5
DA:545,3
DA:546,3
DA:550,3
DA:551,3
DA:554,2
DA:560,51
DA:575,65
DA:576,65
DA:584,65
DA:585,50
DA:586,50
DA:587,1
DA:588,1
DA:592,65
DA:603,65
DA:604,2
DA:605,2
DA:606,2
DA:607,2
DA:608,2
DA:613,63
DA:614,63
DA:615,63
DA:625,59
DA:626,59
DA:628,59
DA:629,59
DA:632,59
DA:636,205
DA:640,104
DA:641,104
DA:643,104
DA:647,98
DA:658,65
DA:660,65
DA:661,156
DA:662,147
DA:675,20
DA:677,20
DA:678,21
DA:679,7
DA:691,12
DA:693,12
DA:694,12
DA:696,12
DA:697,0
DA:698,0
DA:701,12
DA:703,0
DA:704,0
DA:707,12
DA:708,12
DA:712,0
DA:721,12
DA:723,12
DA:724,1
DA:727,11
DA:736,53
DA:738,53
DA:739,44
DA:742,9
DA:748,65
DA:750,65
DA:751,45
DA:756,45
DA:759,20
DA:767,7
DA:769,7
DA:770,0
DA:773,7
DA:783,53
DA:785,53
DA:786,44
DA:789,9
DA:795,2
DA:797,2
DA:798,0
DA:801,2
LF:161
LH:139
BRDA:170,0,0,0
BRDA:170,0,1,11
BRDA:170,1,0,11
BRDA:170,1,1,11
BRDA:301,2,0,53
BRDA:301,2,1,12
BRDA:320,3,0,0
BRDA:320,3,1,0
BRDA:337,4,0,1
BRDA:337,4,1,47
BRDA:342,5,0,0
BRDA:342,5,1,47
BRDA:342,6,0,47
BRDA:342,6,1,43
BRDA:354,7,0,47
BRDA:354,7,1,46
BRDA:372,8,0,0
BRDA:372,8,1,3
BRDA:376,9,0,2
BRDA:376,9,1,1
BRDA:403,10,0,1
BRDA:403,10,1,2
BRDA:403,11,0,3
BRDA:403,11,1,3
BRDA:408,12,0,0
BRDA:408,12,1,2
BRDA:409,13,0,2
BRDA:409,13,1,1
BRDA:409,13,2,0
BRDA:438,14,0,0
BRDA:438,14,1,0
BRDA:459,15,0,11
BRDA:459,15,1,1
BRDA:483,16,0,53
BRDA:483,16,1,52
BRDA:491,17,0,9
BRDA:491,17,1,44
BRDA:517,18,0,15
BRDA:517,18,1,15
BRDA:517,18,2,15
BRDA:517,18,3,10
BRDA:532,19,0,50
BRDA:532,19,1,15
BRDA:536,20,0,10
BRDA:536,20,1,5
BRDA:540,21,0,3
BRDA:540,21,1,2
BRDA:541,22,0,5
BRDA:541,22,1,5
BRDA:541,22,2,3
BRDA:551,23,0,3
BRDA:551,23,1,0
BRDA:561,24,0,51
BRDA:561,24,1,2
BRDA:561,24,2,2
BRDA:561,24,3,2
BRDA:561,24,4,2
BRDA:584,25,0,50
BRDA:584,25,1,15
BRDA:584,26,0,65
BRDA:584,26,1,52
BRDA:586,27,0,1
BRDA:586,27,1,49
BRDA:595,28,0,65
BRDA:595,28,1,22
BRDA:603,29,0,2
BRDA:603,29,1,63
BRDA:603,30,0,65
BRDA:603,30,1,51
BRDA:628,31,0,59
BRDA:628,31,1,0
BRDA:636,32,0,205
BRDA:636,32,1,7
BRDA:658,33,0,65
BRDA:658,33,1,13
BRDA:661,34,0,147
BRDA:661,34,1,9
BRDA:675,35,0,20
BRDA:675,35,1,13
BRDA:678,36,0,7
BRDA:678,36,1,14
BRDA:696,37,0,0
BRDA:696,37,1,12
BRDA:703,38,0,0
BRDA:703,38,1,0
BRDA:707,39,0,12
BRDA:707,39,1,0
BRDA:723,40,0,1
BRDA:723,40,1,11
BRDA:738,41,0,44
BRDA:738,41,1,9
BRDA:750,42,0,45
BRDA:750,42,1,20
BRDA:769,43,0,0
BRDA:769,43,1,7
BRDA:785,44,0,44
BRDA:785,44,1,9
BRDA:789,45,0,9
BRDA:789,45,1,7
BRDA:797,46,0,0
BRDA:797,46,1,2
BRF:101
BRH:84
end_of_record
TN:
SF:ui/components/app/perps/perps-view.tsx
FN:82,(anonymous_0)
FN:130,(anonymous_1)
FN:132,(anonymous_2)
FN:142,(anonymous_3)
FN:144,(anonymous_4)
FN:152,(anonymous_5)
FN:158,(anonymous_6)
FN:165,(anonymous_7)
FN:181,(anonymous_8)
FN:182,(anonymous_9)
FN:199,(anonymous_10)
FN:208,(anonymous_11)
FN:322,(anonymous_12)
FN:429,(anonymous_13)
FN:488,(anonymous_14)
FN:542,(anonymous_15)
FNF:16
FNH:13
FNDA:69,(anonymous_0)
FNDA:69,(anonymous_1)
FNDA:65,(anonymous_2)
FNDA:47,(anonymous_3)
FNDA:406,(anonymous_4)
FNDA:3,(anonymous_5)
FNDA:0,(anonymous_6)
FNDA:3,(anonymous_7)
FNDA:8,(anonymous_8)
FNDA:7,(anonymous_9)
FNDA:1,(anonymous_10)
FNDA:5,(anonymous_11)
FNDA:2,(anonymous_12)
FNDA:47,(anonymous_13)
FNDA:0,(anonymous_14)
FNDA:0,(anonymous_15)
DA:82,3
DA:83,69
DA:84,69
DA:85,69
DA:86,69
DA:87,69
DA:88,69
DA:89,69
DA:90,69
DA:91,69
DA:92,69
DA:93,69
DA:94,69
DA:95,69
DA:96,69
DA:97,69
DA:98,69
DA:99,69
DA:100,69
DA:107,69
DA:109,69
DA:110,69
DA:117,69
DA:123,69
DA:129,69
DA:131,69
DA:133,65
DA:142,69
DA:143,47
DA:145,406
DA:152,69
DA:153,3
DA:154,3
DA:155,3
DA:158,69
DA:159,0
DA:164,69
DA:166,3
DA:167,3
DA:168,2
DA:170,1
DA:181,69
DA:182,8
DA:183,7
DA:184,0
DA:185,0
DA:187,7
DA:188,0
DA:190,7
DA:195,7
DA:199,69
DA:200,1
DA:205,1
DA:208,69
DA:209,5
DA:210,0
DA:212,5
DA:213,5
DA:219,5
DA:220,5
DA:221,5
DA:223,5
DA:227,5
DA:228,5
DA:232,4
DA:233,4
DA:235,4
DA:236,1
DA:246,1
DA:253,1
DA:257,3
DA:258,1
DA:259,1
DA:263,1
DA:266,1
DA:268,2
DA:274,2
DA:279,3
DA:280,3
DA:284,3
DA:288,0
DA:295,1
DA:297,1
DA:298,1
DA:302,1
DA:307,1
DA:308,1
DA:312,5
DA:322,69
DA:323,2
DA:324,0
DA:325,0
DA:327,2
DA:328,0
DA:330,2
DA:331,2
DA:333,2
DA:334,2
DA:346,1
DA:348,1
DA:349,1
DA:353,1
DA:358,1
DA:359,1
DA:360,1
DA:363,1
DA:364,1
DA:365,1
DA:370,1
DA:371,1
DA:373,0
DA:377,0
DA:381,0
DA:382,0
DA:384,1
DA:389,69
DA:390,69
DA:394,69
DA:395,69
DA:396,67
DA:397,2
DA:398,2
DA:400,69
DA:407,69
DA:409,69
DA:429,69
DA:430,47
DA:431,4
DA:433,43
DA:434,43
DA:435,0
DA:443,69
DA:456,69
DA:457,3
DA:476,66
DA:488,0
DA:542,0
LF:137
LH:121
BRDA:133,0,0,65
BRDA:133,0,1,41
BRDA:133,0,2,36
BRDA:145,1,0,406
BRDA:145,1,1,316
BRDA:145,1,2,225
BRDA:145,1,3,225
BRDA:167,2,0,2
BRDA:167,2,1,1
BRDA:183,3,0,0
BRDA:183,3,1,7
BRDA:187,4,0,0
BRDA:187,4,1,7
BRDA:209,5,0,0
BRDA:209,5,1,5
BRDA:232,6,0,4
BRDA:232,6,1,1
BRDA:233,7,0,4
BRDA:233,7,1,1
BRDA:235,8,0,1
BRDA:235,8,1,3
BRDA:235,9,0,4
BRDA:235,9,1,2
BRDA:257,10,0,1
BRDA:257,10,1,2
BRDA:257,11,0,3
BRDA:257,11,1,2
BRDA:272,12,0,2
BRDA:272,12,1,1
BRDA:284,13,0,3
BRDA:284,13,1,1
BRDA:297,14,0,1
BRDA:297,14,1,0
BRDA:323,15,0,0
BRDA:323,15,1,2
BRDA:327,16,0,0
BRDA:327,16,1,2
BRDA:348,17,0,1
BRDA:348,17,1,0
BRDA:364,18,0,1
BRDA:364,18,1,0
BRDA:377,19,0,0
BRDA:377,19,1,0
BRDA:389,20,0,69
BRDA:389,20,1,68
BRDA:389,20,2,67
BRDA:389,20,3,67
BRDA:391,21,0,69
BRDA:391,21,1,68
BRDA:395,22,0,67
BRDA:395,22,1,2
BRDA:397,23,0,2
BRDA:397,23,1,0
BRDA:418,24,0,69
BRDA:418,24,1,68
BRDA:430,25,0,4
BRDA:430,25,1,43
BRDA:430,26,0,47
BRDA:430,26,1,44
BRDA:430,26,2,44
BRDA:433,27,0,0
BRDA:433,27,1,43
BRDA:434,28,0,0
BRDA:434,28,1,43
BRDA:456,29,0,3
BRDA:456,29,1,66
BRDA:493,30,0,5
BRDA:493,30,1,61
BRDA:531,31,0,66
BRDA:531,31,1,7
BRF:70
BRH:57
end_of_record
TN:
SF:ui/components/app/perps/hooks/usePerpsTabExploreData.ts
FN:29,_temp
FN:60,(anonymous_1)
FNF:2
FNH:2
FNDA:77,_temp
FNDA:5,(anonymous_1)
DA:30,4
DA:37,4
DA:46,4
DA:53,4
DA:59,4
DA:60,5
DA:65,4
LF:7
LH:7
BRDA:30,0,0,4
BRDA:30,0,1,0
BRDA:40,1,0,0
BRDA:40,1,1,4
BRF:4
BRH:2
end_of_record
TN:
SF:ui/helpers/perps/entry-trace.ts
FN:12,(anonymous_0)
FN:31,getPerpsLifecycleContext
FN:37,updatePerpsLifecycle
FN:53,observePerpsLifecycle
FN:56,(anonymous_4)
FN:66,startPerpsEntry
FN:90,(anonymous_6)
FN:105,endPerpsEntry
FNF:8
FNH:8
FNDA:206,(anonymous_0)
FNDA:4,getPerpsLifecycleContext
FNDA:108,updatePerpsLifecycle
FNDA:6,observePerpsLifecycle
FNDA:6,(anonymous_4)
FNDA:104,startPerpsEntry
FNDA:15,(anonymous_6)
FNDA:162,endPerpsEntry
DA:12,15
DA:13,206
DA:18,15
DA:20,15
DA:21,15
DA:32,4
DA:35,15
DA:38,108
DA:39,2
DA:40,2
DA:41,1
DA:43,106
DA:44,2
DA:45,2
DA:46,0
DA:48,2
DA:54,6
DA:55,6
DA:56,6
DA:57,6
DA:68,104
DA:69,104
DA:70,1
DA:72,103
DA:73,1
DA:75,103
DA:76,103
DA:86,103
DA:90,15
DA:94,103
DA:111,162
DA:112,59
DA:114,103
DA:115,103
DA:122,103
DA:123,103
DA:124,51
LF:37
LH:36
BRDA:13,0,0,116
BRDA:13,0,1,90
BRDA:38,1,0,2
BRDA:38,1,1,106
BRDA:40,2,0,1
BRDA:40,2,1,1
BRDA:43,3,0,2
BRDA:43,3,1,104
BRDA:45,4,0,0
BRDA:45,4,1,2
BRDA:69,5,0,1
BRDA:69,5,1,103
BRDA:72,6,0,1
BRDA:72,6,1,102
BRDA:111,7,0,59
BRDA:111,7,1,103
BRDA:118,8,0,51
BRDA:118,8,1,52
BRDA:119,9,0,47
BRDA:119,9,1,4
BRDA:123,10,0,51
BRDA:123,10,1,52
BRF:22
BRH:21
end_of_record
TN:
SF:ui/hooks/perps/usePerpsEntryTrace.ts
FN:51,(anonymous_5)
FN:58,(anonymous_6)
FNF:2
FNH:2
FNDA:570,(anonymous_5)
FNDA:120,(anonymous_6)
DA:28,93
DA:32,93
DA:36,93
DA:38,120
DA:40,121
DA:52,1
DA:59,120
DA:60,120
LF:8
LH:8
BRDA:32,0,0,93
BRDA:32,0,1,0
BRDA:40,1,0,46
BRDA:40,1,1,75
BRDA:41,2,0,121
BRDA:41,2,1,121
BRDA:41,2,2,120
BRDA:41,2,3,114
BRDA:41,2,4,47
BRDA:52,3,0,1
BRDA:52,3,1,0
BRF:11
BRH:9
end_of_record
TN:
SF:ui/hooks/perps/usePerpsPreload.ts
FN:34,_temp
FN:112,(anonymous_7)
FNF:2
FNH:2
FNDA:141,_temp
FNDA:13,(anonymous_7)
DA:23,2
DA:47,16
DA:49,19
DA:51,21
DA:67,25
DA:70,13
DA:88,1
DA:96,12
DA:101,11
DA:107,1
DA:112,13
DA:115,13
DA:123,21
LF:13
LH:13
BRDA:45,0,0,21
BRDA:45,0,1,19
BRDA:45,0,2,15
BRDA:51,1,0,8
BRDA:51,1,1,13
BRDA:51,2,0,21
BRDA:51,2,1,14
BRDA:67,3,0,12
BRDA:67,3,1,13
BRDA:96,4,0,1
BRDA:96,4,1,11
BRDA:101,5,0,10
BRDA:101,5,1,1
BRDA:107,6,0,1
BRDA:107,6,1,0
BRF:15
BRH:14
end_of_record
TN:
SF:ui/hooks/perps/stream/usePerpsLiveMarketListData.ts
FN:27,_temp
FN:71,(anonymous_3)
FN:102,(anonymous_5)
FN:107,(anonymous_6)
FNF:4
FNH:4
FNDA:47,_temp
FNDA:6,(anonymous_3)
FNDA:10,(anonymous_5)
FNDA:1,(anonymous_6)
DA:11,3
DA:28,7
DA:41,7
DA:45,9
DA:52,9
DA:56,9
DA:62,7
DA:63,7
DA:71,6
DA:72,7
DA:75,10
DA:76,10
DA:79,5
DA:81,5
DA:97,9
DA:102,10
DA:107,9
DA:111,9
DA:113,9
LF:19
LH:19
BRDA:28,0,0,6
BRDA:28,0,1,1
BRDA:31,1,0,10
BRDA:31,1,1,0
BRDA:32,2,0,9
BRDA:32,2,1,1
BRDA:63,3,0,1
BRDA:63,3,1,6
BRDA:63,4,0,7
BRDA:63,4,1,6
BRDA:75,5,0,5
BRDA:75,5,1,5
BRDA:81,6,0,0
BRDA:81,6,1,5
BRDA:87,7,0,5
BRDA:87,7,1,0
BRDA:91,8,0,5
BRDA:91,8,1,4
BRDA:102,9,0,10
BRDA:102,9,1,0
BRDA:107,10,0,1
BRDA:107,10,1,0
BRDA:113,11,0,9
BRDA:113,11,1,2
BRF:24
BRH:19
end_of_record
TN:
SF:ui/hooks/perps/stream/usePerpsLivePrices.ts
FN:39,(anonymous_0)
FN:50,_temp
FNF:2
FNH:1
FNDA:0,(anonymous_0)
FNDA:31,_temp
DA:36,3
DA:37,3
DA:39,3
DA:60,10
DA:66,8
DA:67,8
DA:98,8
DA:106,8
DA:111,10
DA:112,8
DA:115,5
DA:117,7
DA:126,6
DA:129,9
DA:133,9
LF:15
LH:15
BRDA:55,0,0,8
BRDA:55,0,1,2
BRDA:56,1,0,9
BRDA:56,1,1,1
BRDA:67,2,0,6
BRDA:67,2,1,2
BRDA:67,3,0,8
BRDA:67,3,1,2
BRDA:106,4,0,7
BRDA:106,4,1,1
BRDA:111,5,0,4
BRDA:111,5,1,6
BRDA:111,6,0,10
BRDA:111,6,1,9
BRDA:117,7,0,4
BRDA:117,7,1,3
BRDA:117,8,0,7
BRDA:117,8,1,6
BRDA:120,9,0,4
BRDA:120,9,1,2
BRDA:133,10,0,9
BRDA:133,10,1,2
BRF:22
BRH:22
end_of_record
TN:
SF:ui/hooks/perps/stream/usePerpsViewActive.ts
FN:20,(anonymous_4)
FNF:1
FNH:1
FNDA:18,(anonymous_4)
DA:13,6
DA:25,6
LF:2
LH:2
BRF:0
BRH:0
end_of_record
TN:
SF:ui/pages/perps/perps-layout.tsx
FN:53,PerpsLayout
FN:90,(anonymous_1)
FN:94,(anonymous_2)
FN:116,(anonymous_3)
FN:130,(anonymous_4)
FN:131,(anonymous_5)
FN:53,_temp6
FN:144,(anonymous_7)
FN:166,(anonymous_8)
FN:53,_temp5
FN:53,_temp4
FN:53,_temp3
FN:53,_temp2
FN:53,_temp
FNF:14
FNH:10
FNDA:6,PerpsLayout
FNDA:6,(anonymous_1)
FNDA:6,(anonymous_2)
FNDA:6,(anonymous_3)
FNDA:6,(anonymous_4)
FNDA:6,(anonymous_5)
FNDA:6,_temp6
FNDA:0,(anonymous_7)
FNDA:6,(anonymous_8)
FNDA:0,_temp5
FNDA:0,_temp4
FNDA:0,_temp3
FNDA:6,_temp2
FNDA:6,_temp
DA:21,1
DA:90,6
DA:92,6
DA:94,6
DA:109,6
DA:116,6
DA:121,6
DA:130,6
DA:131,6
DA:137,6
DA:145,0
DA:146,0
DA:151,0
DA:153,0
DA:167,6
DA:168,6
DA:171,6
DA:172,6
LF:18
LH:14
BRDA:103,0,0,1
BRDA:103,0,1,5
BRDA:117,1,0,1
BRDA:117,1,1,5
BRDA:145,2,0,0
BRDA:145,2,1,0
BRDA:153,3,0,0
BRDA:153,3,1,0
BRDA:154,4,0,0
BRDA:154,4,1,0
BRDA:76,5,0,6
BRDA:76,5,1,0
BRDA:77,6,0,0
BRDA:77,6,1,6
BRDA:62,7,0,6
BRDA:62,7,1,0
BRF:16
BRH:7
end_of_record
TN:
SF:ui/pages/perps/market-list/index.tsx
FN:106,(anonymous_0)
FN:107,(anonymous_1)
FN:109,(anonymous_2)
FN:110,(anonymous_3)
FN:121,(anonymous_4)
FN:141,(anonymous_5)
FN:168,(anonymous_6)
FN:179,(anonymous_7)
FN:187,(anonymous_8)
FN:195,(anonymous_9)
FN:203,(anonymous_10)
FN:224,(anonymous_11)
FN:229,(anonymous_12)
FN:237,(anonymous_13)
FN:265,(anonymous_14)
FN:305,(anonymous_15)
FN:306,(anonymous_16)
FN:314,(anonymous_17)
FN:376,(anonymous_18)
FN:388,(anonymous_19)
FN:435,(anonymous_20)
FN:452,(anonymous_21)
FN:461,(anonymous_22)
FN:491,(anonymous_23)
FN:528,(anonymous_24)
FN:532,(anonymous_25)
FN:550,(anonymous_26)
FN:551,(anonymous_27)
FN:556,(anonymous_28)
FN:563,(anonymous_29)
FN:567,(anonymous_30)
FN:571,(anonymous_31)
FN:579,(anonymous_32)
FN:594,(anonymous_33)
FN:615,(anonymous_34)
FN:637,(anonymous_35)
FN:669,(anonymous_36)
FN:757,(anonymous_37)
FN:764,(anonymous_38)
FNF:39
FNH:37
FNDA:43,(anonymous_0)
FNDA:168,(anonymous_1)
FNDA:43,(anonymous_2)
FNDA:85,(anonymous_3)
FNDA:14,(anonymous_4)
FNDA:686,(anonymous_5)
FNDA:54,(anonymous_6)
FNDA:68,(anonymous_7)
FNDA:0,(anonymous_8)
FNDA:85,(anonymous_9)
FNDA:67,(anonymous_10)
FNDA:43,(anonymous_11)
FNDA:7,(anonymous_12)
FNDA:43,(anonymous_13)
FNDA:43,(anonymous_14)
FNDA:43,(anonymous_15)
FNDA:686,(anonymous_16)
FNDA:67,(anonymous_17)
FNDA:49,(anonymous_18)
FNDA:14,(anonymous_19)
FNDA:100,(anonymous_20)
FNDA:53,(anonymous_21)
FNDA:97,(anonymous_22)
FNDA:66,(anonymous_23)
FNDA:8,(anonymous_24)
FNDA:13,(anonymous_25)
FNDA:43,(anonymous_26)
FNDA:44,(anonymous_27)
FNDA:43,(anonymous_28)
FNDA:1,(anonymous_29)
FNDA:16,(anonymous_30)
FNDA:1,(anonymous_31)
FNDA:1,(anonymous_32)
FNDA:6,(anonymous_33)
FNDA:5,(anonymous_34)
FNDA:3,(anonymous_35)
FNDA:0,(anonymous_36)
FNDA:8,(anonymous_37)
FNDA:710,(anonymous_38)
DA:81,1
DA:88,1
DA:95,1
DA:102,1
DA:103,1
DA:104,1
DA:106,1
DA:107,168
DA:109,1
DA:110,85
DA:121,1
DA:125,14
DA:126,0
DA:128,14
DA:141,1
DA:145,686
DA:168,1
DA:174,54
DA:176,41
DA:179,4
DA:180,68
DA:184,4
DA:187,0
DA:188,0
DA:195,85
DA:203,1
DA:204,67
DA:205,67
DA:206,67
DA:207,67
DA:208,67
DA:209,67
DA:210,67
DA:211,67
DA:212,67
DA:219,67
DA:220,67
DA:223,67
DA:225,43
DA:229,7
DA:234,67
DA:237,67
DA:238,43
DA:239,43
DA:242,8
DA:245,8
DA:249,1
DA:251,7
DA:252,7
DA:255,35
DA:262,67
DA:266,43
DA:267,43
DA:268,43
DA:277,67
DA:278,67
DA:279,67
DA:283,67
DA:286,67
DA:288,67
DA:291,67
DA:305,67
DA:306,43
DA:307,686
DA:314,67
DA:317,67
DA:319,13
DA:322,54
DA:330,67
DA:335,67
DA:348,67
DA:349,67
DA:351,67
DA:353,67
DA:354,67
DA:356,67
DA:357,67
DA:358,67
DA:359,67
DA:360,67
DA:363,67
DA:365,67
DA:366,67
DA:367,67
DA:370,67
DA:371,67
DA:375,67
DA:376,49
DA:379,67
DA:380,67
DA:387,67
DA:394,14
DA:395,14
DA:396,14
DA:398,14
DA:399,14
DA:400,14
DA:401,14
DA:403,14
DA:422,14
DA:423,14
DA:435,67
DA:436,100
DA:437,94
DA:439,6
DA:444,6
DA:445,6
DA:452,67
DA:453,53
DA:454,53
DA:455,53
DA:456,53
DA:457,53
DA:458,53
DA:461,67
DA:462,97
DA:463,86
DA:465,11
DA:481,11
DA:482,11
DA:483,11
DA:484,11
DA:490,67
DA:491,67
DA:492,66
DA:499,53
DA:500,53
DA:501,53
DA:502,53
DA:507,13
DA:508,13
DA:510,13
DA:511,13
DA:512,0
DA:513,0
DA:515,13
DA:520,13
DA:525,13
DA:526,0
DA:528,13
DA:529,8
DA:530,8
DA:532,13
DA:550,67
DA:551,43
DA:552,44
DA:553,44
DA:555,43
DA:556,43
DA:557,43
DA:558,43
DA:563,67
DA:564,1
DA:567,67
DA:568,16
DA:571,67
DA:575,1
DA:578,67
DA:581,1
DA:587,1
DA:588,1
DA:593,67
DA:595,6
DA:604,6
DA:609,6
DA:614,67
DA:616,5
DA:622,5
DA:634,5
DA:636,3
DA:637,3
DA:639,3
DA:640,3
DA:641,3
DA:657,5
DA:662,5
DA:669,67
DA:670,0
DA:679,67
DA:680,0
DA:683,67
DA:758,8
DA:765,710
LF:183
LH:175
BRDA:125,0,0,0
BRDA:125,0,1,14
BRDA:128,1,0,11
BRDA:128,1,1,3
BRDA:146,2,0,686
BRDA:146,2,1,0
BRDA:174,3,0,41
BRDA:174,3,1,4
BRDA:174,3,2,4
BRDA:174,3,3,0
BRDA:174,3,4,5
BRDA:226,4,0,1
BRDA:226,4,1,42
BRDA:239,5,0,8
BRDA:239,5,1,35
BRDA:245,6,0,1
BRDA:245,6,1,7
BRDA:246,7,0,8
BRDA:246,7,1,4
BRDA:251,8,0,7
BRDA:251,8,1,0
BRDA:269,9,0,2
BRDA:269,9,1,41
BRDA:270,10,0,2
BRDA:270,10,1,41
BRDA:289,11,0,67
BRDA:289,11,1,0
BRDA:293,12,0,67
BRDA:293,12,1,66
BRDA:317,13,0,13
BRDA:317,13,1,54
BRDA:376,14,0,36
BRDA:376,14,1,13
BRDA:394,15,0,14
BRDA:394,15,1,8
BRDA:399,16,0,14
BRDA:399,16,1,0
BRDA:407,17,0,14
BRDA:407,17,1,0
BRDA:422,18,0,14
BRDA:422,18,1,0
BRDA:424,19,0,11
BRDA:424,19,1,3
BRDA:436,20,0,94
BRDA:436,20,1,6
BRDA:462,21,0,86
BRDA:462,21,1,11
BRDA:462,22,0,97
BRDA:462,22,1,13
BRDA:467,23,0,0
BRDA:467,23,1,11
BRDA:474,24,0,0
BRDA:474,24,1,11
BRDA:492,25,0,53
BRDA:492,25,1,13
BRDA:507,26,0,13
BRDA:507,26,1,0
BRDA:511,27,0,0
BRDA:511,27,1,13
BRDA:520,28,0,0
BRDA:520,28,1,13
BRDA:525,29,0,0
BRDA:525,29,1,13
BRDA:623,30,0,3
BRDA:623,30,1,2
BRDA:634,31,0,3
BRDA:634,31,1,2
BRDA:645,32,0,3
BRDA:645,32,1,0
BRDA:648,33,0,0
BRDA:648,33,1,3
BRDA:679,34,0,0
BRDA:679,34,1,67
BRDA:727,35,0,67
BRDA:727,35,1,54
BRDA:756,36,0,67
BRDA:756,36,1,1
BRDA:762,37,0,67
BRDA:762,37,1,66
BRDA:762,37,2,60
BRDA:774,38,0,67
BRDA:774,38,1,66
BRDA:774,38,2,6
BRF:83
BRH:66
end_of_record
TN:
SF:ui/pages/routes/routes.component.tsx
FN:171,(anonymous_0)
FN:172,(anonymous_1)
FN:173,(anonymous_2)
FN:174,(anonymous_3)
FN:175,(anonymous_4)
FN:177,(anonymous_5)
FN:179,(anonymous_6)
FN:180,(anonymous_7)
FN:181,(anonymous_8)
FN:183,(anonymous_9)
FN:185,(anonymous_10)
FN:187,(anonymous_11)
FN:190,(anonymous_12)
FN:192,(anonymous_13)
FN:193,(anonymous_14)
FN:194,(anonymous_15)
FN:196,(anonymous_16)
FN:199,(anonymous_17)
FN:201,(anonymous_18)
FN:202,(anonymous_19)
FN:203,(anonymous_20)
FN:205,(anonymous_21)
FN:208,(anonymous_22)
FN:211,(anonymous_23)
FN:214,(anonymous_24)
FN:217,(anonymous_25)
FN:220,(anonymous_26)
FN:223,(anonymous_27)
FN:226,(anonymous_28)
FN:228,(anonymous_29)
FN:231,(anonymous_30)
FN:233,(anonymous_31)
FN:235,(anonymous_32)
FN:238,(anonymous_33)
FN:240,(anonymous_34)
FN:242,(anonymous_35)
FN:246,(anonymous_36)
FN:250,(anonymous_37)
FN:254,(anonymous_38)
FN:257,(anonymous_39)
FN:259,(anonymous_40)
FN:263,(anonymous_41)
FN:267,(anonymous_42)
FN:269,(anonymous_43)
FN:271,(anonymous_44)
FN:273,(anonymous_45)
FN:275,(anonymous_46)
FN:278,(anonymous_47)
FN:280,(anonymous_48)
FN:281,(anonymous_49)
FN:282,(anonymous_50)
FN:284,(anonymous_51)
FN:287,(anonymous_52)
FN:290,(anonymous_53)
FN:293,(anonymous_54)
FN:295,(anonymous_55)
FN:296,(anonymous_56)
FN:298,(anonymous_57)
FN:301,(anonymous_58)
FN:305,(anonymous_59)
FN:315,(anonymous_60)
FN:319,(anonymous_61)
FN:329,(anonymous_62)
FN:695,Routes
FN:699,(anonymous_64)
FN:700,(anonymous_65)
FN:701,(anonymous_66)
FN:704,(anonymous_67)
FN:710,(anonymous_68)
FN:716,(anonymous_69)
FN:718,(anonymous_70)
FN:728,(anonymous_71)
FN:731,(anonymous_72)
FN:734,(anonymous_73)
FN:737,(anonymous_74)
FN:740,(anonymous_75)
FN:744,(anonymous_76)
FN:749,(anonymous_77)
FN:767,(anonymous_78)
FN:783,(anonymous_79)
FN:795,(anonymous_80)
FN:799,(anonymous_81)
FN:803,(anonymous_82)
FN:809,(anonymous_83)
FN:825,(anonymous_84)
FN:833,(anonymous_85)
FN:851,(anonymous_86)
FN:884,(anonymous_87)
FN:888,(anonymous_88)
FN:894,(anonymous_89)
FN:906,(anonymous_90)
FNF:91
FNH:22
FNDA:0,(anonymous_0)
FNDA:0,(anonymous_1)
FNDA:0,(anonymous_2)
FNDA:0,(anonymous_3)
FNDA:0,(anonymous_4)
FNDA:0,(anonymous_5)
FNDA:0,(anonymous_6)
FNDA:0,(anonymous_7)
FNDA:0,(anonymous_8)
FNDA:0,(anonymous_9)
FNDA:0,(anonymous_10)
FNDA:0,(anonymous_11)
FNDA:0,(anonymous_12)
FNDA:0,(anonymous_13)
FNDA:0,(anonymous_14)
FNDA:0,(anonymous_15)
FNDA:0,(anonymous_16)
FNDA:0,(anonymous_17)
FNDA:0,(anonymous_18)
FNDA:0,(anonymous_19)
FNDA:0,(anonymous_20)
FNDA:0,(anonymous_21)
FNDA:0,(anonymous_22)
FNDA:0,(anonymous_23)
FNDA:0,(anonymous_24)
FNDA:0,(anonymous_25)
FNDA:0,(anonymous_26)
FNDA:0,(anonymous_27)
FNDA:0,(anonymous_28)
FNDA:0,(anonymous_29)
FNDA:0,(anonymous_30)
FNDA:0,(anonymous_31)
FNDA:0,(anonymous_32)
FNDA:0,(anonymous_33)
FNDA:0,(anonymous_34)
FNDA:0,(anonymous_35)
FNDA:0,(anonymous_36)
FNDA:0,(anonymous_37)
FNDA:0,(anonymous_38)
FNDA:0,(anonymous_39)
FNDA:0,(anonymous_40)
FNDA:0,(anonymous_41)
FNDA:0,(anonymous_42)
FNDA:0,(anonymous_43)
FNDA:0,(anonymous_44)
FNDA:0,(anonymous_45)
FNDA:0,(anonymous_46)
FNDA:0,(anonymous_47)
FNDA:0,(anonymous_48)
FNDA:0,(anonymous_49)
FNDA:0,(anonymous_50)
FNDA:0,(anonymous_51)
FNDA:0,(anonymous_52)
FNDA:0,(anonymous_53)
FNDA:0,(anonymous_54)
FNDA:0,(anonymous_55)
FNDA:0,(anonymous_56)
FNDA:0,(anonymous_57)
FNDA:0,(anonymous_58)
FNDA:0,(anonymous_59)
FNDA:1,(anonymous_60)
FNDA:0,(anonymous_61)
FNDA:0,(anonymous_62)
FNDA:4,Routes
FNDA:3,(anonymous_64)
FNDA:3,(anonymous_65)
FNDA:3,(anonymous_66)
FNDA:3,(anonymous_67)
FNDA:3,(anonymous_68)
FNDA:3,(anonymous_69)
FNDA:3,(anonymous_70)
FNDA:3,(anonymous_71)
FNDA:3,(anonymous_72)
FNDA:3,(anonymous_73)
FNDA:3,(anonymous_74)
FNDA:3,(anonymous_75)
FNDA:3,(anonymous_76)
FNDA:0,(anonymous_77)
FNDA:3,(anonymous_78)
FNDA:3,(anonymous_79)
FNDA:3,(anonymous_80)
FNDA:3,(anonymous_81)
FNDA:3,(anonymous_82)
FNDA:0,(anonymous_83)
FNDA:3,(anonymous_84)
FNDA:3,(anonymous_85)
FNDA:0,(anonymous_86)
FNDA:0,(anonymous_87)
FNDA:0,(anonymous_88)
FNDA:0,(anonymous_89)
FNDA:0,(anonymous_90)
DA:171,1
DA:172,1
DA:173,1
DA:174,1
DA:175,1
DA:176,1
DA:177,0
DA:179,1
DA:180,1
DA:181,1
DA:182,1
DA:183,0
DA:185,1
DA:186,1
DA:187,0
DA:189,1
DA:190,0
DA:192,1
DA:193,1
DA:194,1
DA:195,1
DA:196,0
DA:198,1
DA:199,0
DA:201,1
DA:202,1
DA:203,1
DA:204,1
DA:205,0
DA:207,1
DA:208,0
DA:210,1
DA:211,0
DA:213,1
DA:214,0
DA:216,1
DA:217,0
DA:219,1
DA:220,0
DA:222,1
DA:224,0
DA:226,1
DA:227,1
DA:228,0
DA:230,1
DA:231,0
DA:233,1
DA:234,1
DA:235,0
DA:237,1
DA:238,0
DA:240,1
DA:241,1
DA:243,0
DA:245,1
DA:247,0
DA:249,1
DA:251,0
DA:253,1
DA:255,0
DA:257,1
DA:258,1
DA:260,0
DA:262,1
DA:264,0
DA:266,1
DA:267,0
DA:269,1
DA:270,1
DA:271,0
DA:273,1
DA:274,1
DA:275,0
DA:277,1
DA:278,0
DA:280,1
DA:281,1
DA:282,1
DA:283,1
DA:284,0
DA:286,1
DA:287,0
DA:289,1
DA:290,0
DA:292,1
DA:293,0
DA:295,1
DA:296,1
DA:297,1
DA:298,0
DA:300,1
DA:301,0
DA:305,1
DA:307,0
DA:312,0
DA:315,1
DA:316,1
DA:319,1
DA:322,0
DA:323,0
DA:326,0
DA:329,1
DA:330,0
DA:333,1
DA:696,4
DA:697,4
DA:699,3
DA:700,3
DA:701,3
DA:702,3
DA:703,3
DA:704,3
DA:707,3
DA:708,3
DA:710,3
DA:711,3
DA:712,3
DA:713,3
DA:716,3
DA:717,3
DA:718,3
DA:720,3
DA:721,3
DA:722,3
DA:723,3
DA:727,3
DA:728,3
DA:730,3
DA:731,3
DA:733,3
DA:734,3
DA:736,3
DA:737,3
DA:739,3
DA:740,3
DA:743,3
DA:744,3
DA:746,3
DA:749,3
DA:750,0
DA:754,3
DA:760,3
DA:762,3
DA:763,3
DA:765,3
DA:767,3
DA:770,3
DA:779,0
DA:783,3
DA:784,3
DA:785,3
DA:790,0
DA:795,3
DA:796,3
DA:799,3
DA:800,3
DA:803,3
DA:804,3
DA:805,0
DA:809,3
DA:810,0
DA:813,3
DA:825,3
DA:826,3
DA:827,0
DA:829,3
DA:833,3
DA:834,3
DA:839,3
DA:841,3
DA:845,3
DA:848,3
DA:852,0
DA:862,3
DA:863,3
DA:865,3
DA:884,0
DA:888,0
DA:894,0
DA:906,0
LF:180
LH:130
BRDA:322,0,0,0
BRDA:322,0,1,0
BRDA:422,1,0,0
BRDA:422,1,1,1
BRDA:706,2,0,3
BRDA:712,3,0,3
BRDA:712,3,1,3
BRDA:770,4,0,0
BRDA:770,4,1,3
BRDA:771,5,0,3
BRDA:771,5,1,0
BRDA:771,5,2,0
BRDA:771,5,3,0
BRDA:771,5,4,0
BRDA:771,5,5,0
BRDA:771,5,6,0
BRDA:785,6,0,0
BRDA:785,6,1,3
BRDA:786,7,0,3
BRDA:786,7,1,0
BRDA:786,7,2,0
BRDA:804,8,0,0
BRDA:804,8,1,3
BRDA:814,9,0,0
BRDA:814,9,1,3
BRDA:826,10,0,0
BRDA:826,10,1,3
BRDA:841,11,0,0
BRDA:841,11,1,3
BRDA:848,12,0,3
BRDA:848,12,1,0
BRDA:848,12,2,0
BRDA:848,12,3,0
BRDA:848,12,4,0
BRDA:879,13,0,3
BRDA:879,13,1,0
BRDA:883,14,0,0
BRDA:883,14,1,3
BRDA:887,15,0,0
BRDA:887,15,1,3
BRDA:890,16,0,0
BRDA:890,16,1,3
BRDA:891,17,0,3
BRDA:891,17,1,0
BRDA:892,18,0,0
BRDA:892,18,1,3
BRDA:897,19,0,3
BRDA:897,19,1,0
BRDA:904,20,0,0
BRDA:904,20,1,3
BRDA:910,21,0,0
BRDA:910,21,1,3
BRDA:914,22,0,3
BRDA:914,22,1,0
BRDA:917,23,0,3
BRDA:917,23,1,0
BRDA:918,24,0,3
BRDA:918,24,1,0
BRF:58
BRH:25
end_of_record
TN:
SF:ui/providers/perps/PerpsStreamManager.ts
FN:69,(anonymous_0)
FN:69,(anonymous_1)
FN:173,(anonymous_2)
FN:175,(anonymous_3)
FN:177,(anonymous_4)
FN:182,(anonymous_5)
FN:187,(anonymous_6)
FN:198,(anonymous_7)
FN:208,(anonymous_8)
FN:210,(anonymous_9)
FN:215,(anonymous_10)
FN:220,(anonymous_11)
FN:228,(anonymous_12)
FN:238,(anonymous_13)
FN:240,(anonymous_14)
FN:245,(anonymous_15)
FN:250,(anonymous_16)
FN:261,(anonymous_17)
FN:271,(anonymous_18)
FN:273,(anonymous_19)
FN:281,(anonymous_20)
FN:286,(anonymous_21)
FN:300,(anonymous_22)
FN:347,(anonymous_23)
FN:359,(anonymous_24)
FN:372,(anonymous_25)
FN:394,(anonymous_26)
FN:412,(anonymous_27)
FN:419,(anonymous_28)
FN:436,(anonymous_29)
FN:449,(anonymous_30)
FN:467,(anonymous_31)
FN:513,(anonymous_32)
FN:558,(anonymous_33)
FN:582,(anonymous_34)
FN:583,(anonymous_35)
FN:631,(anonymous_36)
FN:672,(anonymous_37)
FN:674,(anonymous_38)
FN:738,(anonymous_39)
FN:753,(anonymous_40)
FN:764,(anonymous_41)
FN:765,(anonymous_42)
FN:774,(anonymous_43)
FN:777,(anonymous_44)
FN:786,(anonymous_45)
FN:796,(anonymous_46)
FN:804,(anonymous_47)
FN:825,(anonymous_48)
FN:830,(anonymous_49)
FN:837,(anonymous_50)
FN:845,(anonymous_51)
FN:870,(anonymous_52)
FN:918,(anonymous_53)
FN:960,getPerpsStreamManager
FN:967,resetPerpsStreamManager
FNF:56
FNH:55
FNDA:20,(anonymous_0)
FNDA:20,(anonymous_1)
FNDA:110,(anonymous_2)
FNDA:25,(anonymous_3)
FNDA:15,(anonymous_4)
FNDA:13,(anonymous_5)
FNDA:1,(anonymous_6)
FNDA:25,(anonymous_7)
FNDA:10,(anonymous_8)
FNDA:4,(anonymous_9)
FNDA:2,(anonymous_10)
FNDA:1,(anonymous_11)
FNDA:10,(anonymous_12)
FNDA:11,(anonymous_13)
FNDA:4,(anonymous_14)
FNDA:2,(anonymous_15)
FNDA:1,(anonymous_16)
FNDA:11,(anonymous_17)
FNDA:11,(anonymous_18)
FNDA:5,(anonymous_19)
FNDA:2,(anonymous_20)
FNDA:1,(anonymous_21)
FNDA:11,(anonymous_22)
FNDA:10,(anonymous_23)
FNDA:5,(anonymous_24)
FNDA:4,(anonymous_25)
FNDA:18,(anonymous_26)
FNDA:1,(anonymous_27)
FNDA:1,(anonymous_28)
FNDA:3,(anonymous_29)
FNDA:22,(anonymous_30)
FNDA:14,(anonymous_31)
FNDA:34,(anonymous_32)
FNDA:30,(anonymous_33)
FNDA:2,(anonymous_34)
FNDA:27,(anonymous_35)
FNDA:53,(anonymous_36)
FNDA:3,(anonymous_37)
FNDA:11,(anonymous_38)
FNDA:6,(anonymous_39)
FNDA:6,(anonymous_40)
FNDA:6,(anonymous_41)
FNDA:6,(anonymous_42)
FNDA:17,(anonymous_43)
FNDA:6,(anonymous_44)
FNDA:16,(anonymous_45)
FNDA:12,(anonymous_46)
FNDA:6,(anonymous_47)
FNDA:146,(anonymous_48)
FNDA:30,(anonymous_49)
FNDA:4,(anonymous_50)
FNDA:6,(anonymous_51)
FNDA:142,(anonymous_52)
FNDA:9,(anonymous_53)
FNDA:13,getPerpsStreamManager
FNDA:0,resetPerpsStreamManager
DA:58,5
DA:59,5
DA:60,5
DA:61,5
DA:62,5
DA:69,20
DA:85,5
DA:89,5
DA:93,5
DA:131,110
DA:134,110
DA:137,110
DA:139,110
DA:141,110
DA:143,110
DA:145,110
DA:153,110
DA:160,110
DA:166,110
DA:169,110
DA:171,110
DA:174,110
DA:176,25
DA:177,25
DA:178,15
DA:179,1
DA:181,14
DA:183,13
DA:184,1
DA:188,1
DA:192,1
DA:193,1
DA:198,25
DA:199,25
DA:200,25
DA:207,110
DA:209,10
DA:210,10
DA:211,4
DA:212,1
DA:214,3
DA:216,2
DA:217,1
DA:221,1
DA:222,1
DA:223,1
DA:228,10
DA:229,10
DA:230,10
DA:237,110
DA:239,11
DA:240,11
DA:241,4
DA:242,1
DA:244,3
DA:246,2
DA:247,1
DA:251,1
DA:255,1
DA:256,1
DA:261,11
DA:262,11
DA:263,11
DA:270,110
DA:272,11
DA:273,11
DA:274,5
DA:275,2
DA:277,3
DA:282,2
DA:283,2
DA:287,1
DA:288,0
DA:290,1
DA:294,1
DA:295,1
DA:300,11
DA:301,11
DA:302,11
DA:309,110
DA:315,110
DA:321,110
DA:327,110
DA:334,110
DA:340,110
DA:348,10
DA:362,5
DA:373,4
DA:374,1
DA:376,3
DA:382,3
DA:383,3
DA:399,18
DA:400,18
DA:413,1
DA:420,1
DA:437,3
DA:438,3
DA:453,22
DA:456,22
DA:457,14
DA:458,1
DA:463,22
DA:464,11
DA:467,11
DA:468,14
DA:469,14
DA:470,12
DA:471,9
DA:472,9
DA:473,9
DA:474,9
DA:476,9
DA:481,9
DA:486,9
DA:487,3
DA:488,3
DA:492,9
DA:498,2
DA:514,34
DA:515,1
DA:516,1
DA:519,33
DA:522,33
DA:523,1
DA:528,32
DA:529,2
DA:530,2
DA:531,2
DA:532,2
DA:533,2
DA:534,2
DA:535,2
DA:536,2
DA:537,2
DA:538,2
DA:539,2
DA:540,2
DA:541,2
DA:542,2
DA:543,2
DA:544,2
DA:547,32
DA:559,30
DA:560,1
DA:563,29
DA:564,1
DA:568,28
DA:569,1
DA:570,1
DA:574,27
DA:576,27
DA:577,27
DA:581,27
DA:582,2
DA:584,27
DA:585,1
DA:587,26
DA:588,26
DA:589,9
DA:591,25
DA:592,0
DA:596,25
DA:597,25
DA:599,25
DA:600,23
DA:601,19
DA:604,3
DA:605,3
DA:607,3
DA:609,26
DA:610,19
DA:614,27
DA:615,27
DA:616,27
DA:639,53
DA:640,2
DA:642,51
DA:643,51
DA:644,51
DA:646,20
DA:647,20
DA:649,20
DA:650,20
DA:651,1
DA:653,19
DA:654,19
DA:655,19
DA:658,2
DA:659,2
DA:661,3
DA:662,3
DA:663,3
DA:666,1
DA:667,1
DA:671,10
DA:672,3
DA:674,10
DA:675,11
DA:677,10
DA:678,10
DA:679,10
DA:680,10
DA:683,1
DA:684,1
DA:686,4
DA:689,2
DA:691,2
DA:692,2
DA:694,2
DA:697,1
DA:699,1
DA:702,1
DA:704,2
DA:705,2
DA:706,1
DA:712,2
DA:715,3
DA:716,1
DA:718,2
DA:720,3
DA:722,1
DA:724,2
DA:741,6
DA:742,6
DA:743,1
DA:745,5
DA:754,6
DA:755,6
DA:765,6
DA:775,17
DA:777,6
DA:787,16
DA:788,8
DA:790,8
DA:797,12
DA:805,6
DA:807,1
DA:810,5
DA:826,146
DA:827,141
DA:830,30
DA:831,5
DA:838,4
DA:846,6
DA:847,6
DA:848,6
DA:849,6
DA:850,6
DA:851,6
DA:852,6
DA:853,6
DA:854,6
DA:855,6
DA:856,6
DA:857,6
DA:858,6
DA:859,6
DA:860,6
DA:861,6
DA:862,6
DA:871,142
DA:872,142
DA:873,142
DA:874,142
DA:875,142
DA:876,142
DA:877,142
DA:878,142
DA:879,142
DA:880,142
DA:881,142
DA:882,142
DA:883,142
DA:884,142
DA:885,142
DA:886,142
DA:887,142
DA:888,142
DA:889,142
DA:890,142
DA:891,142
DA:928,9
DA:929,2
DA:932,9
DA:933,9
DA:938,6
DA:941,3
DA:942,1
DA:944,3
DA:945,0
DA:947,3
DA:948,0
DA:954,5
DA:961,13
DA:968,0
LF:296
LH:291
BRDA:178,0,0,1
BRDA:178,0,1,14
BRDA:178,1,0,15
BRDA:178,1,1,15
BRDA:183,2,0,1
BRDA:183,2,1,12
BRDA:183,3,0,13
BRDA:183,3,1,12
BRDA:184,4,0,1
BRDA:184,4,1,0
BRDA:192,5,0,1
BRDA:192,5,1,0
BRDA:192,6,0,1
BRDA:192,6,1,1
BRDA:211,7,0,1
BRDA:211,7,1,3
BRDA:211,8,0,4
BRDA:211,8,1,4
BRDA:216,9,0,1
BRDA:216,9,1,1
BRDA:216,10,0,2
BRDA:216,10,1,1
BRDA:217,11,0,1
BRDA:217,11,1,0
BRDA:222,12,0,1
BRDA:222,12,1,0
BRDA:222,13,0,1
BRDA:222,13,1,1
BRDA:241,14,0,1
BRDA:241,14,1,3
BRDA:241,15,0,4
BRDA:241,15,1,4
BRDA:246,16,0,1
BRDA:246,16,1,1
BRDA:246,17,0,2
BRDA:246,17,1,1
BRDA:247,18,0,1
BRDA:247,18,1,0
BRDA:255,19,0,1
BRDA:255,19,1,0
BRDA:255,20,0,1
BRDA:255,20,1,1
BRDA:274,21,0,2
BRDA:274,21,1,3
BRDA:274,22,0,5
BRDA:274,22,1,5
BRDA:282,23,0,2
BRDA:282,23,1,0
BRDA:282,24,0,2
BRDA:282,24,1,2
BRDA:283,25,0,2
BRDA:283,25,1,0
BRDA:287,26,0,0
BRDA:287,26,1,1
BRDA:294,27,0,1
BRDA:294,27,1,0
BRDA:373,28,0,1
BRDA:373,28,1,3
BRDA:451,29,0,19
BRDA:457,30,0,1
BRDA:457,30,1,13
BRDA:463,31,0,11
BRDA:463,31,1,11
BRDA:469,32,0,12
BRDA:469,32,1,2
BRDA:470,33,0,9
BRDA:470,33,1,3
BRDA:471,34,0,9
BRDA:471,34,1,6
BRDA:472,35,0,9
BRDA:472,35,1,6
BRDA:473,36,0,9
BRDA:473,36,1,0
BRDA:474,37,0,9
BRDA:474,37,1,0
BRDA:476,38,0,9
BRDA:476,38,1,7
BRDA:476,38,2,1
BRDA:476,38,3,1
BRDA:481,39,0,9
BRDA:481,39,1,7
BRDA:481,39,2,1
BRDA:481,39,3,1
BRDA:486,40,0,3
BRDA:486,40,1,6
BRDA:486,41,0,9
BRDA:486,41,1,3
BRDA:514,42,0,1
BRDA:514,42,1,33
BRDA:522,43,0,1
BRDA:522,43,1,32
BRDA:528,44,0,2
BRDA:528,44,1,30
BRDA:559,45,0,1
BRDA:559,45,1,29
BRDA:563,46,0,1
BRDA:563,46,1,28
BRDA:568,47,0,1
BRDA:568,47,1,27
BRDA:574,48,0,27
BRDA:574,48,1,21
BRDA:584,49,0,1
BRDA:584,49,1,26
BRDA:588,50,0,9
BRDA:588,50,1,17
BRDA:591,51,0,0
BRDA:591,51,1,25
BRDA:596,52,0,25
BRDA:596,52,1,0
BRDA:600,53,0,19
BRDA:600,53,1,4
BRDA:604,54,0,3
BRDA:604,54,1,0
BRDA:609,55,0,19
BRDA:609,55,1,7
BRDA:639,56,0,2
BRDA:639,56,1,51
BRDA:639,57,0,53
BRDA:639,57,1,4
BRDA:644,58,0,20
BRDA:644,58,1,2
BRDA:644,58,2,3
BRDA:644,58,3,1
BRDA:644,58,4,10
BRDA:644,58,5,1
BRDA:644,58,6,4
BRDA:644,58,7,2
BRDA:644,58,8,2
BRDA:644,58,9,3
BRDA:644,58,10,1
BRDA:644,58,11,2
BRDA:650,59,0,1
BRDA:650,59,1,19
BRDA:650,60,0,20
BRDA:650,60,1,1
BRDA:686,61,0,2
BRDA:686,61,1,2
BRDA:694,62,0,1
BRDA:694,62,1,1
BRDA:705,63,0,1
BRDA:705,63,1,1
BRDA:705,64,0,2
BRDA:705,64,1,1
BRDA:715,65,0,1
BRDA:715,65,1,2
BRDA:742,66,0,1
BRDA:742,66,1,5
BRDA:776,67,0,17
BRDA:776,67,1,6
BRDA:787,68,0,8
BRDA:787,68,1,8
BRDA:805,69,0,1
BRDA:805,69,1,5
BRDA:826,70,0,141
BRDA:826,70,1,5
BRDA:928,71,0,2
BRDA:928,71,1,7
BRDA:928,72,0,9
BRDA:928,72,1,3
BRDA:933,73,0,6
BRDA:933,73,1,3
BRDA:934,74,0,9
BRDA:934,74,1,5
BRDA:934,74,2,5
BRDA:941,75,0,1
BRDA:941,75,1,2
BRDA:941,76,0,3
BRDA:941,76,1,1
BRDA:944,77,0,0
BRDA:944,77,1,3
BRDA:944,78,0,3
BRDA:944,78,1,0
BRDA:947,79,0,0
BRDA:947,79,1,3
BRDA:947,80,0,3
BRDA:947,80,1,0
BRF:176
BRH:157
end_of_record
